app/api/line/webhook/route.ts(284,6): error TS2769: No overload matches this call.
  Overload 1 of 2, '(values: { created_at?: string | null | undefined; error_message?: string | null | undefined; event_type: string; id?: string | undefined; line_channel_id?: string | null | undefined; payload: Json; processed_at?: string | ... 1 more ... | undefined; status?: string | undefined; }, options?: { ...; } | undefined): PostgrestFilterBuilder<...>', gave the following error.
    Type 'LineWebhookEvent' is not assignable to type 'Json'.
      Type 'LineWebhookEvent' is not assignable to type '{ [key: string]: Json | undefined; }'.
        Index signature for type 'string' is missing in type 'LineWebhookEvent'.
  Overload 2 of 2, '(values: { created_at?: string | null | undefined; error_message?: string | null | undefined; event_type: string; id?: string | undefined; line_channel_id?: string | null | undefined; payload: Json; processed_at?: string | ... 1 more ... | undefined; status?: string | undefined; }[], options?: { ...; } | undefined): PostgrestFilterBuilder<...>', gave the following error.
    Object literal may only specify known properties, and 'line_channel_id' does not exist in type '{ created_at?: string | null | undefined; error_message?: string | null | undefined; event_type: string; id?: string | undefined; line_channel_id?: string | null | undefined; payload: Json; processed_at?: string | ... 1 more ... | undefined; status?: string | undefined; }[]'.
app/api/test-connection/route.ts(16,73): error TS2345: Argument of type '"get_tables"' is not assignable to parameter of type '"custom_access_token_hook"'.
app/api/test-connection/route.ts(25,15): error TS2769: No overload matches this call.
  Overload 1 of 2, '(relation: "line_friends" | "organizations" | "users" | "step_campaigns" | "forms" | "tags" | "line_channels" | "messages" | "reservation_types" | "schedules" | "schedule_slots" | ... 19 more ... | "webhook_logs"): PostgrestQueryBuilder<...>', gave the following error.
    Argument of type 'string' is not assignable to parameter of type '"line_friends" | "organizations" | "users" | "step_campaigns" | "forms" | "tags" | "line_channels" | "messages" | "reservation_types" | "schedules" | "schedule_slots" | "rich_menus" | ... 18 more ... | "webhook_logs"'.
  Overload 2 of 2, '(relation: never): PostgrestQueryBuilder<{ PostgrestVersion: "13.0.5"; }, { Tables: { analytics_events: { Row: { created_at: string | null; event_data: Json; event_type: string; id: string; ip_address: unknown; ... 4 more ...; user_agent: string | null; }; Insert: { ...; }; Update: { ...; }; Relationships: [...]; }; ... 29 more ...; webhook_logs: { ...; }; }; Views: {}; Functions: { ...; }; Enums: {}; CompositeTypes: {}; }, never, never, never>', gave the following error.
    Argument of type 'string' is not assignable to parameter of type 'never'.
app/dashboard/analytics/page.tsx(64,7): error TS2322: Type '{ id: string; original_url: string; short_code: string; custom_slug: null; campaign_name: null; total_clicks: number; unique_clicks: number; created_at: string | null; }[]' is not assignable to type 'TopURL[]'.
  Type '{ id: string; original_url: string; short_code: string; custom_slug: null; campaign_name: null; total_clicks: number; unique_clicks: number; created_at: string | null; }' is not assignable to type 'TopURL'.
    Types of property 'created_at' are incompatible.
      Type 'string | null' is not assignable to type 'string'.
        Type 'null' is not assignable to type 'string'.
app/dashboard/analytics/reports/[id]/edit/page.tsx(15,27): error TS2322: Type 'void' is not assignable to type 'CustomReport | undefined'.
app/dashboard/analytics/reports/[id]/page.tsx(33,51): error TS2339: Property 'status' does not exist on type 'void'.
app/dashboard/analytics/reports/[id]/page.tsx(39,34): error TS7053: Element implicitly has an 'any' type because expression of type 'any' can't be used to index type '{ active: { label: string; variant: "default"; }; inactive: { label: string; variant: "secondary"; }; draft: { label: string; variant: "outline"; }; }'.
app/dashboard/analytics/reports/[id]/page.tsx(43,51): error TS2339: Property 'format' does not exist on type 'void'.
app/dashboard/analytics/reports/[id]/page.tsx(49,14): error TS7053: Element implicitly has an 'any' type because expression of type 'any' can't be used to index type '{ pdf: string; csv: string; excel: string; }'.
app/dashboard/analytics/reports/[id]/page.tsx(59,59): error TS2339: Property 'name' does not exist on type 'void'.
app/dashboard/analytics/reports/[id]/page.tsx(60,42): error TS2339: Property 'status' does not exist on type 'void'.
app/dashboard/analytics/reports/[id]/page.tsx(61,67): error TS2339: Property 'format' does not exist on type 'void'.
app/dashboard/analytics/reports/[id]/page.tsx(63,25): error TS2339: Property 'description' does not exist on type 'void'.
app/dashboard/analytics/reports/[id]/page.tsx(65,29): error TS2339: Property 'description' does not exist on type 'void'.
app/dashboard/analytics/reports/[id]/page.tsx(97,29): error TS2339: Property 'lastGenerated' does not exist on type 'void'.
app/dashboard/analytics/reports/[id]/page.tsx(98,61): error TS2339: Property 'lastGenerated' does not exist on type 'void'.
app/dashboard/analytics/reports/[id]/page.tsx(111,29): error TS2339: Property 'nextScheduled' does not exist on type 'void'.
app/dashboard/analytics/reports/[id]/page.tsx(112,61): error TS2339: Property 'nextScheduled' does not exist on type 'void'.
app/dashboard/analytics/reports/[id]/page.tsx(120,23): error TS2339: Property 'schedule' does not exist on type 'void'.
app/dashboard/analytics/reports/[id]/page.tsx(125,35): error TS2339: Property 'schedule' does not exist on type 'void'.
app/dashboard/analytics/reports/[id]/page.tsx(139,28): error TS2322: Type 'void' is not assignable to type 'CustomReport'.
app/dashboard/auto-response/ai/page.tsx(132,13): error TS2322: Type 'Dispatch<SetStateAction<{ basePrompt: string; characterSettings: string; responseStyle: string; forbiddenWords: never[]; }>>' is not assignable to type '(config: PromptConfig) => void'.
  Types of parameters 'value' and 'config' are incompatible.
    Type 'PromptConfig' is not assignable to type 'SetStateAction<{ basePrompt: string; characterSettings: string; responseStyle: string; forbiddenWords: never[]; }>'.
      Type 'PromptConfig' is not assignable to type '{ basePrompt: string; characterSettings: string; responseStyle: string; forbiddenWords: never[]; }'.
        Types of property 'forbiddenWords' are incompatible.
          Type 'string[]' is not assignable to type 'never[]'.
            Type 'string' is not assignable to type 'never'.
app/dashboard/auto-response/ai/page.tsx(139,13): error TS2322: Type 'Dispatch<SetStateAction<{ id: string; keywords: string[]; condition: { type: "always"; value: string; }; priority: number; }[]>>' is not assignable to type '(rules: ResponseRule[]) => void'.
  Types of parameters 'value' and 'rules' are incompatible.
    Type 'ResponseRule[]' is not assignable to type 'SetStateAction<{ id: string; keywords: string[]; condition: { type: "always"; value: string; }; priority: number; }[]>'.
      Type 'ResponseRule[]' is not assignable to type '{ id: string; keywords: string[]; condition: { type: "always"; value: string; }; priority: number; }[]'.
        Type 'ResponseRule' is not assignable to type '{ id: string; keywords: string[]; condition: { type: "always"; value: string; }; priority: number; }'.
          The types of 'condition.type' are incompatible between these types.
            Type '"segment" | "tag" | "always"' is not assignable to type '"always"'.
              Type '"segment"' is not assignable to type '"always"'.
app/dashboard/auto-response/analytics/page.tsx(180,7): error TS2322: Type '"active" | "completed" | "expired"' is not assignable to type 'ConversationStatus'.
  Type '"expired"' is not assignable to type 'ConversationStatus'.
app/dashboard/auto-response/keyword/[id]/edit/page.tsx(25,11): error TS2769: No overload matches this call.
  Overload 1 of 2, '(relation: "analytics_events" | "line_friends" | "organizations" | "audit_logs" | "users" | "auto_response_rules" | "campaign_steps" | "step_campaigns" | "chat_messages" | "conversations" | ... 20 more ... | "webhook_logs"): PostgrestQueryBuilder<...>', gave the following error.
    Argument of type '"keyword_rules"' is not assignable to parameter of type '"analytics_events" | "line_friends" | "organizations" | "audit_logs" | "users" | "auto_response_rules" | "campaign_steps" | "step_campaigns" | "chat_messages" | "conversations" | ... 20 more ... | "webhook_logs"'.
  Overload 2 of 2, '(relation: never): PostgrestQueryBuilder<{ PostgrestVersion: "13.0.5"; }, { Tables: { analytics_events: { Row: { created_at: string | null; event_data: Json; event_type: string; id: string; ip_address: unknown; ... 4 more ...; user_agent: string | null; }; Insert: { ...; }; Update: { ...; }; Relationships: [...]; }; ... 29 more ...; webhook_logs: { ...; }; }; Views: {}; Functions: { ...; }; Enums: {}; CompositeTypes: {}; }, never, never, never>', gave the following error.
    Argument of type '"keyword_rules"' is not assignable to parameter of type 'never'.
app/dashboard/auto-response/keyword/[id]/edit/page.tsx(65,11): error TS2769: No overload matches this call.
  Overload 1 of 2, '(relation: "analytics_events" | "line_friends" | "organizations" | "audit_logs" | "users" | "auto_response_rules" | "campaign_steps" | "step_campaigns" | "chat_messages" | "conversations" | ... 20 more ... | "webhook_logs"): PostgrestQueryBuilder<...>', gave the following error.
    Argument of type '"keyword_rules"' is not assignable to parameter of type '"analytics_events" | "line_friends" | "organizations" | "audit_logs" | "users" | "auto_response_rules" | "campaign_steps" | "step_campaigns" | "chat_messages" | "conversations" | ... 20 more ... | "webhook_logs"'.
  Overload 2 of 2, '(relation: never): PostgrestQueryBuilder<{ PostgrestVersion: "13.0.5"; }, { Tables: { analytics_events: { Row: { created_at: string | null; event_data: Json; event_type: string; id: string; ip_address: unknown; ... 4 more ...; user_agent: string | null; }; Insert: { ...; }; Update: { ...; }; Relationships: [...]; }; ... 29 more ...; webhook_logs: { ...; }; }; Views: {}; Functions: { ...; }; Enums: {}; CompositeTypes: {}; }, never, never, never>', gave the following error.
    Argument of type '"keyword_rules"' is not assignable to parameter of type 'never'.
app/dashboard/auto-response/keyword/[id]/edit/page.tsx(91,11): error TS2769: No overload matches this call.
  Overload 1 of 2, '(relation: "analytics_events" | "line_friends" | "organizations" | "audit_logs" | "users" | "auto_response_rules" | "campaign_steps" | "step_campaigns" | "chat_messages" | "conversations" | ... 20 more ... | "webhook_logs"): PostgrestQueryBuilder<...>', gave the following error.
    Argument of type '"message_templates"' is not assignable to parameter of type '"analytics_events" | "line_friends" | "organizations" | "audit_logs" | "users" | "auto_response_rules" | "campaign_steps" | "step_campaigns" | "chat_messages" | "conversations" | ... 20 more ... | "webhook_logs"'.
  Overload 2 of 2, '(relation: never): PostgrestQueryBuilder<{ PostgrestVersion: "13.0.5"; }, { Tables: { analytics_events: { Row: { created_at: string | null; event_data: Json; event_type: string; id: string; ip_address: unknown; ... 4 more ...; user_agent: string | null; }; Insert: { ...; }; Update: { ...; }; Relationships: [...]; }; ... 29 more ...; webhook_logs: { ...; }; }; Views: {}; Functions: { ...; }; Enums: {}; CompositeTypes: {}; }, never, never, never>', gave the following error.
    Argument of type '"message_templates"' is not assignable to parameter of type 'never'.
app/dashboard/auto-response/keyword/[id]/edit/page.tsx(98,16): error TS2339: Property 'name' does not exist on type '{ created_at: string | null; event_data: Json; event_type: string; id: string; ip_address: unknown; line_friend_id: string | null; organization_id: string; referrer: string | null; session_id: string | null; user_agent: string | null; } | ... 29 more ... | { ...; }'.
  Property 'name' does not exist on type '{ created_at: string | null; event_data: Json; event_type: string; id: string; ip_address: unknown; line_friend_id: string | null; organization_id: string; referrer: string | null; session_id: string | null; user_agent: string | null; }'.
app/dashboard/auto-response/keyword/[id]/edit/page.tsx(99,23): error TS2339: Property 'description' does not exist on type '{ created_at: string | null; event_data: Json; event_type: string; id: string; ip_address: unknown; line_friend_id: string | null; organization_id: string; referrer: string | null; session_id: string | null; user_agent: string | null; } | ... 29 more ... | { ...; }'.
  Property 'description' does not exist on type '{ created_at: string | null; event_data: Json; event_type: string; id: string; ip_address: unknown; line_friend_id: string | null; organization_id: string; referrer: string | null; session_id: string | null; user_agent: string | null; }'.
app/dashboard/auto-response/keyword/[id]/edit/page.tsx(100,20): error TS2339: Property 'priority' does not exist on type '{ created_at: string | null; event_data: Json; event_type: string; id: string; ip_address: unknown; line_friend_id: string | null; organization_id: string; referrer: string | null; session_id: string | null; user_agent: string | null; } | ... 29 more ... | { ...; }'.
  Property 'priority' does not exist on type '{ created_at: string | null; event_data: Json; event_type: string; id: string; ip_address: unknown; line_friend_id: string | null; organization_id: string; referrer: string | null; session_id: string | null; user_agent: string | null; }'.
app/dashboard/auto-response/keyword/[id]/edit/page.tsx(101,20): error TS2339: Property 'keywords' does not exist on type '{ created_at: string | null; event_data: Json; event_type: string; id: string; ip_address: unknown; line_friend_id: string | null; organization_id: string; referrer: string | null; session_id: string | null; user_agent: string | null; } | ... 29 more ... | { ...; }'.
  Property 'keywords' does not exist on type '{ created_at: string | null; event_data: Json; event_type: string; id: string; ip_address: unknown; line_friend_id: string | null; organization_id: string; referrer: string | null; session_id: string | null; user_agent: string | null; }'.
app/dashboard/auto-response/keyword/[id]/edit/page.tsx(102,20): error TS2339: Property 'response' does not exist on type '{ created_at: string | null; event_data: Json; event_type: string; id: string; ip_address: unknown; line_friend_id: string | null; organization_id: string; referrer: string | null; session_id: string | null; user_agent: string | null; } | ... 29 more ... | { ...; }'.
  Property 'response' does not exist on type '{ created_at: string | null; event_data: Json; event_type: string; id: string; ip_address: unknown; line_friend_id: string | null; organization_id: string; referrer: string | null; session_id: string | null; user_agent: string | null; }'.
app/dashboard/auto-response/keyword/[id]/edit/page.tsx(103,26): error TS2339: Property 'time_conditions' does not exist on type '{ created_at: string | null; event_data: Json; event_type: string; id: string; ip_address: unknown; line_friend_id: string | null; organization_id: string; referrer: string | null; session_id: string | null; user_agent: string | null; } | ... 29 more ... | { ...; }'.
  Property 'time_conditions' does not exist on type '{ created_at: string | null; event_data: Json; event_type: string; id: string; ip_address: unknown; line_friend_id: string | null; organization_id: string; referrer: string | null; session_id: string | null; user_agent: string | null; }'.
app/dashboard/auto-response/keyword/[id]/edit/page.tsx(104,28): error TS2339: Property 'friend_conditions' does not exist on type '{ created_at: string | null; event_data: Json; event_type: string; id: string; ip_address: unknown; line_friend_id: string | null; organization_id: string; referrer: string | null; session_id: string | null; user_agent: string | null; } | ... 29 more ... | { ...; }'.
  Property 'friend_conditions' does not exist on type '{ created_at: string | null; event_data: Json; event_type: string; id: string; ip_address: unknown; line_friend_id: string | null; organization_id: string; referrer: string | null; session_id: string | null; user_agent: string | null; }'.
app/dashboard/auto-response/keyword/[id]/edit/page.tsx(105,27): error TS2339: Property 'limit_conditions' does not exist on type '{ created_at: string | null; event_data: Json; event_type: string; id: string; ip_address: unknown; line_friend_id: string | null; organization_id: string; referrer: string | null; session_id: string | null; user_agent: string | null; } | ... 29 more ... | { ...; }'.
  Property 'limit_conditions' does not exist on type '{ created_at: string | null; event_data: Json; event_type: string; id: string; ip_address: unknown; line_friend_id: string | null; organization_id: string; referrer: string | null; session_id: string | null; user_agent: string | null; }'.
app/dashboard/auto-response/keyword/[id]/edit/page.tsx(106,19): error TS2339: Property 'actions' does not exist on type '{ created_at: string | null; event_data: Json; event_type: string; id: string; ip_address: unknown; line_friend_id: string | null; organization_id: string; referrer: string | null; session_id: string | null; user_agent: string | null; } | ... 29 more ... | { ...; }'.
  Property 'actions' does not exist on type '{ created_at: string | null; event_data: Json; event_type: string; id: string; ip_address: unknown; line_friend_id: string | null; organization_id: string; referrer: string | null; session_id: string | null; user_agent: string | null; }'.
app/dashboard/auto-response/keyword/[id]/edit/page.tsx(107,20): error TS2339: Property 'is_active' does not exist on type '{ created_at: string | null; event_data: Json; event_type: string; id: string; ip_address: unknown; line_friend_id: string | null; organization_id: string; referrer: string | null; session_id: string | null; user_agent: string | null; } | ... 29 more ... | { ...; }'.
  Property 'is_active' does not exist on type '{ created_at: string | null; event_data: Json; event_type: string; id: string; ip_address: unknown; line_friend_id: string | null; organization_id: string; referrer: string | null; session_id: string | null; user_agent: string | null; }'.
app/dashboard/auto-response/keyword/[id]/edit/page.tsx(108,22): error TS2339: Property 'valid_until' does not exist on type '{ created_at: string | null; event_data: Json; event_type: string; id: string; ip_address: unknown; line_friend_id: string | null; organization_id: string; referrer: string | null; session_id: string | null; user_agent: string | null; } | ... 29 more ... | { ...; }'.
  Property 'valid_until' does not exist on type '{ created_at: string | null; event_data: Json; event_type: string; id: string; ip_address: unknown; line_friend_id: string | null; organization_id: string; referrer: string | null; session_id: string | null; user_agent: string | null; }'.
app/dashboard/auto-response/keyword/[id]/edit/page.tsx(134,11): error TS2322: Type '(SelectQueryError<"column 'name' does not exist on 'analytics_events'."> | SelectQueryError<"column 'name' does not exist on 'line_friends'."> | ... 28 more ... | SelectQueryError<...>)[]' is not assignable to type '{ id: string; name: string; type: string; }[]'.
  Type 'SelectQueryError<"column 'name' does not exist on 'analytics_events'."> | SelectQueryError<"column 'name' does not exist on 'line_friends'."> | ... 28 more ... | SelectQueryError<...>' is not assignable to type '{ id: string; name: string; type: string; }'.
    Type '{ error: true; } & String' is missing the following properties from type '{ id: string; name: string; type: string; }': id, name, type
app/dashboard/auto-response/keyword/new/page.tsx(24,41): error TS2769: No overload matches this call.
  Overload 1 of 2, '(relation: "analytics_events" | "line_friends" | "organizations" | "audit_logs" | "users" | "auto_response_rules" | "campaign_steps" | "step_campaigns" | "chat_messages" | "conversations" | ... 20 more ... | "webhook_logs"): PostgrestQueryBuilder<...>', gave the following error.
    Argument of type '"keyword_rules"' is not assignable to parameter of type '"analytics_events" | "line_friends" | "organizations" | "audit_logs" | "users" | "auto_response_rules" | "campaign_steps" | "step_campaigns" | "chat_messages" | "conversations" | ... 20 more ... | "webhook_logs"'.
  Overload 2 of 2, '(relation: never): PostgrestQueryBuilder<{ PostgrestVersion: "13.0.5"; }, { Tables: { analytics_events: { Row: { created_at: string | null; event_data: Json; event_type: string; id: string; ip_address: unknown; ... 4 more ...; user_agent: string | null; }; Insert: { ...; }; Update: { ...; }; Relationships: [...]; }; ... 29 more ...; webhook_logs: { ...; }; }; Views: {}; Functions: { ...; }; Enums: {}; CompositeTypes: {}; }, never, never, never>', gave the following error.
    Argument of type '"keyword_rules"' is not assignable to parameter of type 'never'.
app/dashboard/auto-response/keyword/new/page.tsx(24,58): error TS2769: No overload matches this call.
  Overload 1 of 2, '(values: { created_at?: string | null | undefined; event_data?: Json | undefined; event_type: string; id?: string | undefined; ip_address?: unknown; line_friend_id?: string | null | undefined; organization_id: string; referrer?: string | ... 1 more ... | undefined; session_id?: string | ... 1 more ... | undefined; user_agent?: string | ... 1 more ... | undefined; } | ... 29 more ... | { ...; }, options?: { ...; } | undefined): PostgrestFilterBuilder<...>', gave the following error.
    Object literal may only specify known properties, and 'keywords' does not exist in type '{ created_at?: string | null | undefined; event_data?: Json | undefined; event_type: string; id?: string | undefined; ip_address?: unknown; line_friend_id?: string | null | undefined; organization_id: string; referrer?: string | ... 1 more ... | undefined; session_id?: string | ... 1 more ... | undefined; user_agent...'.
  Overload 2 of 2, '(values: ({ created_at?: string | null | undefined; event_data?: Json | undefined; event_type: string; id?: string | undefined; ip_address?: unknown; line_friend_id?: string | null | undefined; organization_id: string; referrer?: string | ... 1 more ... | undefined; session_id?: string | ... 1 more ... | undefined; user_agent?: string | ... 1 more ... | undefined; } | ... 29 more ... | { ...; })[], options?: { ...; } | undefined): PostgrestFilterBuilder<...>', gave the following error.
    Object literal may only specify known properties, and 'user_id' does not exist in type '({ created_at?: string | null | undefined; event_data?: Json | undefined; event_type: string; id?: string | undefined; ip_address?: unknown; line_friend_id?: string | null | undefined; organization_id: string; referrer?: string | ... 1 more ... | undefined; session_id?: string | ... 1 more ... | undefined; user_agen...'.
app/dashboard/auto-response/keyword/new/page.tsx(71,11): error TS2769: No overload matches this call.
  Overload 1 of 2, '(relation: "analytics_events" | "line_friends" | "organizations" | "audit_logs" | "users" | "auto_response_rules" | "campaign_steps" | "step_campaigns" | "chat_messages" | "conversations" | ... 20 more ... | "webhook_logs"): PostgrestQueryBuilder<...>', gave the following error.
    Argument of type '"message_templates"' is not assignable to parameter of type '"analytics_events" | "line_friends" | "organizations" | "audit_logs" | "users" | "auto_response_rules" | "campaign_steps" | "step_campaigns" | "chat_messages" | "conversations" | ... 20 more ... | "webhook_logs"'.
  Overload 2 of 2, '(relation: never): PostgrestQueryBuilder<{ PostgrestVersion: "13.0.5"; }, { Tables: { analytics_events: { Row: { created_at: string | null; event_data: Json; event_type: string; id: string; ip_address: unknown; ... 4 more ...; user_agent: string | null; }; Insert: { ...; }; Update: { ...; }; Relationships: [...]; }; ... 29 more ...; webhook_logs: { ...; }; }; Views: {}; Functions: { ...; }; Enums: {}; CompositeTypes: {}; }, never, never, never>', gave the following error.
    Argument of type '"message_templates"' is not assignable to parameter of type 'never'.
app/dashboard/auto-response/keyword/new/page.tsx(105,11): error TS2322: Type '(SelectQueryError<"column 'name' does not exist on 'analytics_events'."> | SelectQueryError<"column 'name' does not exist on 'line_friends'."> | ... 28 more ... | SelectQueryError<...>)[]' is not assignable to type '{ id: string; name: string; type: string; }[]'.
  Type 'SelectQueryError<"column 'name' does not exist on 'analytics_events'."> | SelectQueryError<"column 'name' does not exist on 'line_friends'."> | ... 28 more ... | SelectQueryError<...>' is not assignable to type '{ id: string; name: string; type: string; }'.
    Type '{ error: true; } & String' is missing the following properties from type '{ id: string; name: string; type: string; }': id, name, type
app/dashboard/auto-response/page.tsx(25,7): error TS7034: Variable 'rules' implicitly has type 'any[]' in some locations where its type cannot be determined.
app/dashboard/auto-response/page.tsx(79,28): error TS7005: Variable 'rules' implicitly has an 'any[]' type.
app/dashboard/chat/[friendId]/page.tsx(34,32): error TS2322: Type '{ created_at: string | null; custom_fields: Json; display_name: string | null; first_followed_at: string; follow_status: string; id: string; language: string | null; last_followed_at: string | null; ... 8 more ...; updated_at: string | null; }' is not assignable to type '{ id: string; display_name: string | null; picture_url: string | null; follow_status: string; language: string | null; first_followed_at: string | null; last_interaction_at: string | null; custom_fields?: Record<...> | ... 1 more ... | undefined; }'.
  Types of property 'custom_fields' are incompatible.
    Type 'Json' is not assignable to type 'Record<string, any> | null | undefined'.
      Type 'string' is not assignable to type 'Record<string, any>'.
app/dashboard/forms/[id]/analytics/page.tsx(51,17): error TS2339: Property 'type' does not exist on type 'string'.
app/dashboard/forms/[id]/analytics/page.tsx(51,42): error TS2339: Property 'type' does not exist on type 'string'.
app/dashboard/forms/[id]/analytics/page.tsx(53,69): error TS2339: Property 'id' does not exist on type 'string'.
app/dashboard/forms/[id]/analytics/page.tsx(55,33): error TS2339: Property 'id' does not exist on type 'string'.
app/dashboard/forms/[id]/analytics/page.tsx(58,71): error TS2339: Property 'id' does not exist on type 'string'.
app/dashboard/forms/[id]/analytics/page.tsx(66,9): error TS2739: Type '{ form: { fields: string[]; created_at: string | null; created_by: string | null; description: string | null; id: string; organization_id: string; settings: Json; status: string; title: string; total_responses: number | null; updated_at: string | null; }; totalResponses: number; responseRate: number; fieldAnalytics:...' is missing the following properties from type '{ trends: { date: string; total_responses: number; completed_responses: number; avg_completion_time: number | null; }[]; overallStats: { totalResponses: number; completedResponses: number; abandonedResponses: number; avgCompletionTime: number | null; completionRate: number; }; deviceBreakdown: Record<...>; fieldStat...': trends, overallStats, deviceBreakdown, fieldStats
app/dashboard/forms/[id]/responses/page.tsx(47,22): error TS2345: Argument of type '{ created_at: string | null; form_id: string; id: string; ip_address: unknown; line_friend_id: string | null; responses: Json; submitted_at: string | null; user_agent: string | null; friend: { ...; } | null; }[]' is not assignable to parameter of type 'SetStateAction<FormResponse[]>'.
  Type '{ created_at: string | null; form_id: string; id: string; ip_address: unknown; line_friend_id: string | null; responses: Json; submitted_at: string | null; user_agent: string | null; friend: { ...; } | null; }[]' is not assignable to type 'FormResponse[]'.
    Type '{ created_at: string | null; form_id: string; id: string; ip_address: unknown; line_friend_id: string | null; responses: Json; submitted_at: string | null; user_agent: string | null; friend: { ...; } | null; }' is not assignable to type 'FormResponse'.
      Types of property 'line_friend_id' are incompatible.
        Type 'string | null' is not assignable to type 'string'.
          Type 'null' is not assignable to type 'string'.
app/dashboard/forms/[id]/responses/page.tsx(53,18): error TS2345: Argument of type 'FormStats | undefined' is not assignable to parameter of type 'SetStateAction<FormStats>'.
  Type 'undefined' is not assignable to type 'SetStateAction<FormStats>'.
app/dashboard/friends/[id]/page.tsx(24,54): error TS2589: Type instantiation is excessively deep and possibly infinite.
app/dashboard/friends/[id]/page.tsx(25,11): error TS2769: No overload matches this call.
  Overload 1 of 2, '(relation: "analytics_events" | "line_friends" | "organizations" | "audit_logs" | "users" | "auto_response_rules" | "campaign_steps" | "step_campaigns" | "chat_messages" | "conversations" | ... 20 more ... | "webhook_logs"): PostgrestQueryBuilder<...>', gave the following error.
    Argument of type '"friends"' is not assignable to parameter of type '"analytics_events" | "line_friends" | "organizations" | "audit_logs" | "users" | "auto_response_rules" | "campaign_steps" | "step_campaigns" | "chat_messages" | "conversations" | ... 20 more ... | "webhook_logs"'.
  Overload 2 of 2, '(relation: never): PostgrestQueryBuilder<{ PostgrestVersion: "13.0.5"; }, { Tables: { analytics_events: { Row: { created_at: string | null; event_data: Json; event_type: string; id: string; ip_address: unknown; ... 4 more ...; user_agent: string | null; }; Insert: { ...; }; Update: { ...; }; Relationships: [...]; }; ... 29 more ...; webhook_logs: { ...; }; }; Views: {}; Functions: { ...; }; Enums: {}; CompositeTypes: {}; }, never, never, never>', gave the following error.
    Argument of type '"friends"' is not assignable to parameter of type 'never'.
app/dashboard/friends/import/page.tsx(50,24): error TS2339: Property 'id' does not exist on type 'SelectQueryError<"column 'channel_name' does not exist on 'line_channels'.">'.
app/dashboard/friends/import/page.tsx(51,26): error TS2339: Property 'channel_name' does not exist on type 'SelectQueryError<"column 'channel_name' does not exist on 'line_channels'.">'.
app/dashboard/friends/page.tsx(80,31): error TS2352: Conversion of type '{ created_at: string | null; custom_fields: Json; display_name: string | null; first_followed_at: string; follow_status: string; id: string; language: string | null; last_followed_at: string | null; ... 8 more ...; updated_at: string | null; }[]' to type 'LineFriend[]' may be a mistake because neither type sufficiently overlaps with the other. If this was intentional, convert the expression to 'unknown' first.
  Type '{ created_at: string | null; custom_fields: Json; display_name: string | null; first_followed_at: string; follow_status: string; id: string; language: string | null; last_followed_at: string | null; ... 8 more ...; updated_at: string | null; }' is missing the following properties from type 'LineFriend': channel_id, status, first_added_at
app/dashboard/reservations/page.tsx(88,41): error TS2345: Argument of type '"cancelled" | "confirmed" | "completed" | "no_show"' is not assignable to parameter of type '"cancelled" | "confirmed"'.
  Type '"completed"' is not assignable to type '"cancelled" | "confirmed"'.
app/dashboard/rich-menus/[id]/edit/page.tsx(64,34): error TS2339: Property 'rich_menu_id' does not exist on type '{ chat_bar_text: string; created_at: string | null; id: string; image_url: string; is_default: boolean | null; line_channel_id: string; line_rich_menu_id: string | null; name: string; ... 4 more ...; updated_at: string | null; }'.
app/dashboard/rich-menus/[id]/edit/page.tsx(67,28): error TS2339: Property 'size' does not exist on type '{ chat_bar_text: string; created_at: string | null; id: string; image_url: string; is_default: boolean | null; line_channel_id: string; line_rich_menu_id: string | null; name: string; ... 4 more ...; updated_at: string | null; }'.
app/dashboard/rich-menus/[id]/edit/page.tsx(68,32): error TS2339: Property 'selected' does not exist on type '{ chat_bar_text: string; created_at: string | null; id: string; image_url: string; is_default: boolean | null; line_channel_id: string; line_rich_menu_id: string | null; name: string; ... 4 more ...; updated_at: string | null; }'.
app/dashboard/rich-menus/[id]/edit/page.tsx(69,29): error TS2339: Property 'areas' does not exist on type '{ chat_bar_text: string; created_at: string | null; id: string; image_url: string; is_default: boolean | null; line_channel_id: string; line_rich_menu_id: string | null; name: string; ... 4 more ...; updated_at: string | null; }'.
app/dashboard/rich-menus/page.tsx(28,26): error TS2322: Type '{ chat_bar_text: string; created_at: string | null; id: string; image_url: string; is_default: boolean | null; line_channel_id: string; line_rich_menu_id: string | null; name: string; ... 4 more ...; updated_at: string | null; }[]' is not assignable to type 'RichMenu[]'.
  Type '{ chat_bar_text: string; created_at: string | null; id: string; image_url: string; is_default: boolean | null; line_channel_id: string; line_rich_menu_id: string | null; name: string; ... 4 more ...; updated_at: string | null; }' is missing the following properties from type 'RichMenu': rich_menu_id, size, areas
app/dashboard/settings/line/client.tsx(18,10): error TS2724: '"@/app/actions/line-settings"' has no exported member named 'updateLineSettings'. Did you mean 'saveLineSettings'?
app/dashboard/settings/organization/client.tsx(67,9): error TS2353: Object literal may only specify known properties, and 'title' does not exist in type 'ReactElement<unknown, string | JSXElementConstructor<any>> | Iterable<ReactNode> | ReactPortal | Promise<...> | (() => ReactNode)'.
app/dashboard/settings/organization/client.tsx(74,9): error TS2353: Object literal may only specify known properties, and 'title' does not exist in type 'ReactElement<unknown, string | JSXElementConstructor<any>> | Iterable<ReactNode> | ReactPortal | Promise<...> | (() => ReactNode)'.
app/dashboard/settings/organization/client.tsx(98,9): error TS2353: Object literal may only specify known properties, and 'title' does not exist in type 'ReactElement<unknown, string | JSXElementConstructor<any>> | Iterable<ReactNode> | ReactPortal | Promise<...> | (() => ReactNode)'.
app/dashboard/settings/organization/client.tsx(105,9): error TS2353: Object literal may only specify known properties, and 'title' does not exist in type 'ReactElement<unknown, string | JSXElementConstructor<any>> | Iterable<ReactNode> | ReactPortal | Promise<...> | (() => ReactNode)'.
app/dashboard/settings/organization/client.tsx(129,9): error TS2353: Object literal may only specify known properties, and 'title' does not exist in type 'ReactElement<unknown, string | JSXElementConstructor<any>> | Iterable<ReactNode> | ReactPortal | Promise<...> | (() => ReactNode)'.
app/dashboard/settings/organization/client.tsx(136,9): error TS2353: Object literal may only specify known properties, and 'title' does not exist in type 'ReactElement<unknown, string | JSXElementConstructor<any>> | Iterable<ReactNode> | ReactPortal | Promise<...> | (() => ReactNode)'.
app/dashboard/settings/organization/client.tsx(154,9): error TS2353: Object literal may only specify known properties, and 'title' does not exist in type 'ReactElement<unknown, string | JSXElementConstructor<any>> | Iterable<ReactNode> | ReactPortal | Promise<...> | (() => ReactNode)'.
app/dashboard/settings/organization/client.tsx(159,9): error TS2353: Object literal may only specify known properties, and 'title' does not exist in type 'ReactElement<unknown, string | JSXElementConstructor<any>> | Iterable<ReactNode> | ReactPortal | Promise<...> | (() => ReactNode)'.
app/dashboard/settings/organization/client.tsx(177,9): error TS2353: Object literal may only specify known properties, and 'title' does not exist in type 'ReactElement<unknown, string | JSXElementConstructor<any>> | Iterable<ReactNode> | ReactPortal | Promise<...> | (() => ReactNode)'.
app/dashboard/settings/organization/client.tsx(184,9): error TS2353: Object literal may only specify known properties, and 'title' does not exist in type 'ReactElement<unknown, string | JSXElementConstructor<any>> | Iterable<ReactNode> | ReactPortal | Promise<...> | (() => ReactNode)'.
app/dashboard/settings/organization/client.tsx(204,9): error TS2353: Object literal may only specify known properties, and 'title' does not exist in type 'ReactElement<unknown, string | JSXElementConstructor<any>> | Iterable<ReactNode> | ReactPortal | Promise<...> | (() => ReactNode)'.
app/dashboard/settings/organization/client.tsx(211,9): error TS2353: Object literal may only specify known properties, and 'title' does not exist in type 'ReactElement<unknown, string | JSXElementConstructor<any>> | Iterable<ReactNode> | ReactPortal | Promise<...> | (() => ReactNode)'.
app/dashboard/settings/organization/client.tsx(229,9): error TS2353: Object literal may only specify known properties, and 'title' does not exist in type 'ReactElement<unknown, string | JSXElementConstructor<any>> | Iterable<ReactNode> | ReactPortal | Promise<...> | (() => ReactNode)'.
app/dashboard/settings/organization/client.tsx(236,9): error TS2353: Object literal may only specify known properties, and 'title' does not exist in type 'ReactElement<unknown, string | JSXElementConstructor<any>> | Iterable<ReactNode> | ReactPortal | Promise<...> | (() => ReactNode)'.
app/dashboard/settings/organization/page.tsx(73,11): error TS2769: No overload matches this call.
  Overload 1 of 2, '(relation: "line_friends" | "organizations" | "users" | "step_campaigns" | "forms" | "tags" | "line_channels" | "messages" | "reservation_types" | "schedules" | "schedule_slots" | ... 19 more ... | "webhook_logs"): PostgrestQueryBuilder<...>', gave the following error.
    Argument of type '"invitations"' is not assignable to parameter of type '"line_friends" | "organizations" | "users" | "step_campaigns" | "forms" | "tags" | "line_channels" | "messages" | "reservation_types" | "schedules" | "schedule_slots" | "rich_menus" | ... 18 more ... | "webhook_logs"'.
  Overload 2 of 2, '(relation: never): PostgrestQueryBuilder<{ PostgrestVersion: "13.0.5"; }, { Tables: { analytics_events: { Row: { created_at: string | null; event_data: Json; event_type: string; id: string; ip_address: unknown; ... 4 more ...; user_agent: string | null; }; Insert: { ...; }; Update: { ...; }; Relationships: [...]; }; ... 29 more ...; webhook_logs: { ...; }; }; Views: {}; Functions: { ...; }; Enums: {}; CompositeTypes: {}; }, never, never, never>', gave the following error.
    Argument of type '"invitations"' is not assignable to parameter of type 'never'.
app/dashboard/settings/organization/page.tsx(100,29): error TS2339: Property 'logo_url' does not exist on type '{ created_at: string | null; id: string; line_channel_access_token: string | null; line_channel_secret: string | null; name: string; plan: string; settings: Json; slug: string; status: string; subscription_expires_at: string | null; updated_at: string | null; }'.
app/dashboard/settings/organization/page.tsx(101,34): error TS2339: Property 'primary_color' does not exist on type '{ created_at: string | null; id: string; line_channel_access_token: string | null; line_channel_secret: string | null; name: string; plan: string; settings: Json; slug: string; status: string; subscription_expires_at: string | null; updated_at: string | null; }'.
app/dashboard/settings/organization/page.tsx(102,36): error TS2339: Property 'secondary_color' does not exist on type '{ created_at: string | null; id: string; line_channel_access_token: string | null; line_channel_secret: string | null; name: string; plan: string; settings: Json; slug: string; status: string; subscription_expires_at: string | null; updated_at: string | null; }'.
app/dashboard/settings/organization/page.tsx(103,32): error TS2339: Property 'website_url' does not exist on type '{ created_at: string | null; id: string; line_channel_access_token: string | null; line_channel_secret: string | null; name: string; plan: string; settings: Json; slug: string; status: string; subscription_expires_at: string | null; updated_at: string | null; }'.
app/dashboard/settings/organization/page.tsx(104,34): error TS2339: Property 'contact_email' does not exist on type '{ created_at: string | null; id: string; line_channel_access_token: string | null; line_channel_secret: string | null; name: string; plan: string; settings: Json; slug: string; status: string; subscription_expires_at: string | null; updated_at: string | null; }'.
app/dashboard/settings/profile/page.tsx(69,37): error TS2339: Property 'full_name' does not exist on type '{ avatar_url: string | null; created_at: string | null; display_name: string | null; email: string; id: string; last_login_at: string | null; organization_id: string; preferences: Json; role: string; status: string; updated_at: string | null; }'.
app/dashboard/settings/profile/page.tsx(71,40): error TS2339: Property 'phone_number' does not exist on type '{ avatar_url: string | null; created_at: string | null; display_name: string | null; email: string; id: string; last_login_at: string | null; organization_id: string; preferences: Json; role: string; status: string; updated_at: string | null; }'.
app/dashboard/settings/profile/page.tsx(72,36): error TS2339: Property 'timezone' does not exist on type '{ avatar_url: string | null; created_at: string | null; display_name: string | null; email: string; id: string; last_login_at: string | null; organization_id: string; preferences: Json; role: string; status: string; updated_at: string | null; }'.
app/dashboard/settings/profile/page.tsx(73,34): error TS2339: Property 'locale' does not exist on type '{ avatar_url: string | null; created_at: string | null; display_name: string | null; email: string; id: string; last_login_at: string | null; organization_id: string; preferences: Json; role: string; status: string; updated_at: string | null; }'.
app/dashboard/settings/profile/page.tsx(108,39): error TS2339: Property 'notification_settings' does not exist on type '{ avatar_url: string | null; created_at: string | null; display_name: string | null; email: string; id: string; last_login_at: string | null; organization_id: string; preferences: Json; role: string; status: string; updated_at: string | null; }'.
app/dashboard/settings/profile/page.tsx(126,33): error TS2339: Property 'two_factor_enabled' does not exist on type '{ avatar_url: string | null; created_at: string | null; display_name: string | null; email: string; id: string; last_login_at: string | null; organization_id: string; preferences: Json; role: string; status: string; updated_at: string | null; }'.
app/dashboard/settings/profile/page.tsx(145,35): error TS2551: Property 'last_login_ip' does not exist on type '{ avatar_url: string | null; created_at: string | null; display_name: string | null; email: string; id: string; last_login_at: string | null; organization_id: string; preferences: Json; role: string; status: string; updated_at: string | null; }'. Did you mean 'last_login_at'?
app/dashboard/settings/system/page.tsx(30,11): error TS2769: No overload matches this call.
  Overload 1 of 2, '(relation: "analytics_events" | "line_friends" | "organizations" | "audit_logs" | "users" | "auto_response_rules" | "campaign_steps" | "step_campaigns" | "chat_messages" | "conversations" | ... 20 more ... | "webhook_logs"): PostgrestQueryBuilder<...>', gave the following error.
    Argument of type '"api_keys"' is not assignable to parameter of type '"analytics_events" | "line_friends" | "organizations" | "audit_logs" | "users" | "auto_response_rules" | "campaign_steps" | "step_campaigns" | "chat_messages" | "conversations" | ... 20 more ... | "webhook_logs"'.
  Overload 2 of 2, '(relation: never): PostgrestQueryBuilder<{ PostgrestVersion: "13.0.5"; }, { Tables: { analytics_events: { Row: { created_at: string | null; event_data: Json; event_type: string; id: string; ip_address: unknown; ... 4 more ...; user_agent: string | null; }; Insert: { ...; }; Update: { ...; }; Relationships: [...]; }; ... 29 more ...; webhook_logs: { ...; }; }; Views: {}; Functions: { ...; }; Enums: {}; CompositeTypes: {}; }, never, never, never>', gave the following error.
    Argument of type '"api_keys"' is not assignable to parameter of type 'never'.
app/dashboard/settings/system/page.tsx(43,7): error TS2322: Type '({ created_at: string | null; event_data: Json; event_type: string; id: string; ip_address: unknown; line_friend_id: string | null; organization_id: string; referrer: string | null; session_id: string | null; user_agent: string | null; } | ... 29 more ... | { ...; })[]' is not assignable to type 'APIKey[]'.
  Type '{ created_at: string | null; event_data: Json; event_type: string; id: string; ip_address: unknown; line_friend_id: string | null; organization_id: string; referrer: string | null; session_id: string | null; user_agent: string | null; } | ... 29 more ... | { ...; }' is not assignable to type 'APIKey'.
    Type '{ created_at: string | null; event_data: Json; event_type: string; id: string; ip_address: unknown; line_friend_id: string | null; organization_id: string; referrer: string | null; session_id: string | null; user_agent: string | null; }' is missing the following properties from type 'APIKey': name, key_prefix, key_hash, permissions, and 7 more.
components/analytics/ChartExamples.tsx(71,13): error TS2322: Type '{ date: string; new_friends: number; blocked: number; total: number; }[]' is not assignable to type 'ChartData[] | TimeSeriesData[]'.
  Type '{ date: string; new_friends: number; blocked: number; total: number; }[]' is not assignable to type 'ChartData[]'.
    Type '{ date: string; new_friends: number; blocked: number; total: number; }' is missing the following properties from type 'ChartData': name, value
components/analytics/ChartExamples.tsx(93,13): error TS2322: Type '{ date: string; new_friends: number; blocked: number; total: number; }[]' is not assignable to type 'ChartData[] | TimeSeriesData[]'.
  Type '{ date: string; new_friends: number; blocked: number; total: number; }[]' is not assignable to type 'ChartData[]'.
    Type '{ date: string; new_friends: number; blocked: number; total: number; }' is missing the following properties from type 'ChartData': name, value
components/analytics/ChartExamples.tsx(115,13): error TS2322: Type '{ month: string; messages: number; delivery_rate: number; engagement: number; }[]' is not assignable to type 'ChartData[] | TimeSeriesData[]'.
  Type '{ month: string; messages: number; delivery_rate: number; engagement: number; }[]' is not assignable to type 'ChartData[]'.
    Type '{ month: string; messages: number; delivery_rate: number; engagement: number; }' is missing the following properties from type 'ChartData': name, value
components/analytics/ChartExamples.tsx(192,13): error TS2322: Type '{ month: string; messages: number; delivery_rate: number; engagement: number; }[]' is not assignable to type 'ChartData[] | TimeSeriesData[]'.
  Type '{ month: string; messages: number; delivery_rate: number; engagement: number; }[]' is not assignable to type 'ChartData[]'.
    Type '{ month: string; messages: number; delivery_rate: number; engagement: number; }' is missing the following properties from type 'ChartData': name, value
components/analytics/charts/PieChartComponent.tsx(45,11): error TS2322: Type '({ name, percent }: { name: string; percent: number; }) => string' is not assignable to type 'PieLabel | undefined'.
  Type '({ name, percent }: { name: string; percent: number; }) => string' is not assignable to type '(props: PieLabelRenderProps) => ReactNode | ReactElement<SVGElement, string | JSXElementConstructor<any>>'.
    Types of parameters '__0' and 'props' are incompatible.
      Property 'percent' is missing in type 'PieLabelRenderProps' but required in type '{ name: string; percent: number; }'.
components/analytics/ChartTooltip.tsx(6,11): error TS2430: Interface 'CustomTooltipProps' incorrectly extends interface 'TooltipProps<number, string>'.
  Type 'CustomTooltipProps' is not assignable to type 'Omit<Props<number, string>, PropertiesReadFromContext>'.
    Types of property 'formatter' are incompatible.
      Type '"number" | "percentage" | "currency" | undefined' is not assignable to type 'Formatter<number, string> | undefined'.
        Type 'string' is not assignable to type 'Formatter<number, string>'.
components/analytics/ChartTooltip.tsx(11,40): error TS2339: Property 'payload' does not exist on type 'CustomTooltipProps'.
components/analytics/ChartTooltip.tsx(11,49): error TS2339: Property 'label' does not exist on type 'CustomTooltipProps'.
components/analytics/ChartTooltip.tsx(31,23): error TS7006: Parameter 'entry' implicitly has an 'any' type.
components/analytics/ChartTooltip.tsx(31,30): error TS7006: Parameter 'index' implicitly has an 'any' type.
components/analytics/CrossAnalysisBuilder.tsx(62,15): error TS2448: Block-scoped variable 'getAxisLabel' used before its declaration.
components/analytics/CrossAnalysisBuilder.tsx(62,15): error TS2454: Variable 'getAxisLabel' is used before being assigned.
components/analytics/CrossAnalysisBuilder.tsx(146,17): error TS2322: Type 'Dispatch<SetStateAction<"segment" | "date" | "tag" | "message_type" | "device">>' is not assignable to type '(value: string) => void'.
  Types of parameters 'value' and 'value' are incompatible.
    Type 'string' is not assignable to type 'SetStateAction<"segment" | "date" | "tag" | "message_type" | "device">'.
components/analytics/CrossAnalysisBuilder.tsx(147,17): error TS2322: Type 'Dispatch<SetStateAction<"friends" | "messages" | "delivery_rate" | "engagement" | "clicks">>' is not assignable to type '(value: string) => void'.
  Types of parameters 'value' and 'value' are incompatible.
    Type 'string' is not assignable to type 'SetStateAction<"friends" | "messages" | "delivery_rate" | "engagement" | "clicks">'.
components/analytics/DeviceBreakdown.tsx(73,33): error TS18046: 'percent' is of type 'unknown'.
components/analytics/DeviceChart.tsx(41,15): error TS2322: Type 'DeviceData[]' is not assignable to type 'ChartDataInput[]'.
  Type 'DeviceData' is not assignable to type 'ChartDataInput'.
    Index signature for type 'string' is missing in type 'DeviceData'.
components/analytics/DeviceChart.tsx(49,57): error TS18046: 'percent' is of type 'unknown'.
components/analytics/ReportHistory.tsx(46,26): error TS2554: Expected 2 arguments, but got 1.
components/analytics/TagDistributionChart.tsx(44,15): error TS2322: Type 'TagDistributionData[]' is not assignable to type 'ChartDataInput[]'.
  Type 'TagDistributionData' is not assignable to type 'ChartDataInput'.
    Index signature for type 'string' is missing in type 'TagDistributionData'.
components/analytics/TagDistributionChart.tsx(48,58): error TS18046: 'percent' is of type 'unknown'.
components/analytics/URLCreateForm.tsx(15,10): error TS2724: '"@/app/actions/url-tracking"' has no exported member named 'createShortenedURL'. Did you mean 'createShortUrl'?
components/auto-response/ActiveConversationsList.tsx(29,12): error TS7053: Element implicitly has an 'any' type because expression of type 'ConversationStatus' can't be used to index type '{ active: { label: string; variant: "default"; }; completed: { label: string; variant: "secondary"; }; expired: { label: string; variant: "destructive"; }; abandoned: { label: string; variant: "outline"; }; }'.
  Property 'timeout' does not exist on type '{ active: { label: string; variant: "default"; }; completed: { label: string; variant: "secondary"; }; expired: { label: string; variant: "destructive"; }; abandoned: { label: string; variant: "outline"; }; }'.
components/auto-response/ActiveConversationsList.tsx(38,12): error TS2678: Type '"expired"' is not comparable to type 'ConversationStatus'.
components/auto-response/ActiveConversationsList.tsx(40,12): error TS2678: Type '"abandoned"' is not comparable to type 'ConversationStatus'.
components/auto-response/ConversationTimeline.tsx(270,22): error TS2304: Cannot find name 'ClockIcon'.
components/auto-response/RuleCard.tsx(88,14): error TS2339: Property 'valid_until' does not exist on type 'AutoResponseRule'.
components/auto-response/RuleCard.tsx(88,43): error TS2339: Property 'valid_until' does not exist on type 'AutoResponseRule'.
components/auto-response/RuleCard.tsx(140,26): error TS2339: Property 'valid_until' does not exist on type 'AutoResponseRule'.
components/auto-response/RuleCard.tsx(140,55): error TS2339: Property 'valid_until' does not exist on type 'AutoResponseRule'.
components/auto-response/RuleCard.tsx(162,37): error TS2339: Property 'rule_type' does not exist on type 'AutoResponseRule'.
components/auto-response/RuleCard.tsx(172,65): error TS2339: Property 'rule_type' does not exist on type 'AutoResponseRule'.
components/auto-response/RuleCard.tsx(186,19): error TS2322: Type '(e: React.MouseEvent) => Promise<void>' is not assignable to type '(checked: boolean) => void'.
  Types of parameters 'e' and 'checked' are incompatible.
    Type 'boolean' is not assignable to type 'MouseEvent<Element, MouseEvent>'.
components/auto-response/RuleCard.tsx(221,21): error TS2339: Property 'valid_until' does not exist on type 'AutoResponseRule'.
components/auto-response/RuleCard.tsx(225,36): error TS2339: Property 'valid_until' does not exist on type 'AutoResponseRule'.
components/auto-response/RuleCard.tsx(226,66): error TS2339: Property 'valid_until' does not exist on type 'AutoResponseRule'.
components/forms/FieldAnalytics.tsx(71,60): error TS18046: 'percent' is of type 'unknown'.
components/forms/FormCard.tsx(106,30): error TS2339: Property 'response_rate' does not exist on type 'Form'.
components/forms/FormList.tsx(101,27): error TS2339: Property 'response_rate' does not exist on type 'Form'.
components/forms/PublicForm.tsx(24,26): error TS2339: Property 'questions' does not exist on type 'Form'.
components/forms/PublicForm.tsx(63,25): error TS2551: Property 'errors' does not exist on type '{ success: boolean; error: string; } | { success: boolean; error?: undefined; }'. Did you mean 'error'?
  Property 'errors' does not exist on type '{ success: boolean; error: string; }'.
components/forms/PublicForm.tsx(65,16): error TS2551: Property 'errors' does not exist on type '{ success: boolean; error: string; } | { success: boolean; error?: undefined; }'. Did you mean 'error'?
  Property 'errors' does not exist on type '{ success: boolean; error: string; }'.
components/forms/PublicForm.tsx(70,64): error TS2551: Property 'errors' does not exist on type '{ success: boolean; error: string; } | { success: boolean; error?: undefined; }'. Did you mean 'error'?
  Property 'errors' does not exist on type '{ success: boolean; error: string; }'.
components/forms/ResponseTable.tsx(110,48): error TS2339: Property 'answers' does not exist on type 'FormResponse'.
components/forms/WordCloud.tsx(5,19): error TS7016: Could not find a declaration file for module 'd3-cloud'. '/Users/kadotani/Documents/dev-projects/GitHub/lme-manual-scraper/node_modules/d3-cloud/build/d3.layout.cloud.js' implicitly has an 'any' type.
  Try `npm i --save-dev @types/d3-cloud` if it exists or add a new declaration (.d.ts) file containing `declare module 'd3-cloud';`
components/forms/WordCloud.tsx(62,17): error TS7006: Parameter 'd' implicitly has an 'any' type.
components/friends/FriendProfile.tsx(33,43): error TS2345: Argument of type 'boolean' is not assignable to parameter of type 'string'.
components/friends/SegmentDialog.tsx(31,30): error TS2339: Property 'conditions' does not exist on type 'SegmentWithCount'.
components/friends/SegmentList.tsx(135,29): error TS2339: Property 'conditions' does not exist on type 'SegmentWithCount'.
components/friends/SegmentList.tsx(141,39): error TS2769: No overload matches this call.
  Overload 1 of 4, '(value: string | number | Date): Date', gave the following error.
    Argument of type 'string | null' is not assignable to parameter of type 'string | number | Date'.
      Type 'null' is not assignable to type 'string | number | Date'.
  Overload 2 of 4, '(value: string | number): Date', gave the following error.
    Argument of type 'string | null' is not assignable to parameter of type 'string | number'.
      Type 'null' is not assignable to type 'string | number'.
components/messages/MessageCreationWizard.tsx(146,9): error TS2353: Object literal may only specify known properties, and 'exclude_blocked' does not exist in type '{ title: string; type: "text" | "image" | "video" | "flex" | "carousel"; content: string; target_type: "tags" | "segments" | "all" | "manual"; media_url?: string | null | undefined; flex_json?: string | ... 1 more ... | undefined; scheduled_at?: string | ... 1 more ... | undefined; target_ids?: string[] | undefined; }'.
components/messages/MessageCreationWizard.tsx(177,9): error TS2353: Object literal may only specify known properties, and 'exclude_blocked' does not exist in type '{ title: string; type: "text" | "image" | "video" | "flex" | "carousel"; content: string; target_type: "tags" | "segments" | "all" | "manual"; media_url?: string | null | undefined; flex_json?: string | ... 1 more ... | undefined; scheduled_at?: string | ... 1 more ... | undefined; target_ids?: string[] | undefined; }'.
components/messages/MessageList.tsx(43,43): error TS2339: Property 'title' does not exist on type 'Message'.
components/messages/MessageList.tsx(106,39): error TS2339: Property 'title' does not exist on type 'Message'.
components/messages/MessagePreviewDialog.tsx(69,62): error TS2339: Property 'title' does not exist on type 'Message'.
components/messages/MessageTable.tsx(128,28): error TS2339: Property 'title' does not exist on type 'Message'.
components/messages/MessageTable.tsx(136,62): error TS2339: Property 'target_value' does not exist on type 'Message'.
components/messages/TargetSelector.tsx(49,11): error TS2554: Expected 1-2 arguments, but got 4.
components/reservations/PublicReservationForm.tsx(78,9): error TS2353: Object literal may only specify known properties, and 'slot_id' does not exist in type '{ reservation_type_id: string; schedule_id: string; schedule_slot_id: string; customer_name: string; customer_email: string; customer_phone?: string | undefined; notes?: string | undefined; line_user_id?: string | undefined; organization_id: string; }'.
components/reservations/ReservationDetail.tsx(140,26): error TS2551: Property 'customer_memo' does not exist on type 'Reservation'. Did you mean 'customer_name'?
components/reservations/ReservationDetail.tsx(146,34): error TS2551: Property 'customer_memo' does not exist on type 'Reservation'. Did you mean 'customer_name'?
components/reservations/ReservationDetail.tsx(162,46): error TS2769: No overload matches this call.
  Overload 1 of 4, '(value: string | number | Date): Date', gave the following error.
    Argument of type 'string | null' is not assignable to parameter of type 'string | number | Date'.
      Type 'null' is not assignable to type 'string | number | Date'.
  Overload 2 of 4, '(value: string | number): Date', gave the following error.
    Argument of type 'string | null' is not assignable to parameter of type 'string | number'.
      Type 'null' is not assignable to type 'string | number'.
components/reservations/ReservationDetail.tsx(166,28): error TS2339: Property 'completed_at' does not exist on type 'Reservation'.
components/reservations/ReservationDetail.tsx(167,62): error TS2339: Property 'completed_at' does not exist on type 'Reservation'.
components/reservations/ReservationList.tsx(121,34): error TS2769: No overload matches this call.
  Overload 1 of 4, '(value: string | number | Date): Date', gave the following error.
    Argument of type 'string | null' is not assignable to parameter of type 'string | number | Date'.
      Type 'null' is not assignable to type 'string | number | Date'.
  Overload 2 of 4, '(value: string | number): Date', gave the following error.
    Argument of type 'string | null' is not assignable to parameter of type 'string | number'.
      Type 'null' is not assignable to type 'string | number'.
components/reservations/ReservationTimeline.tsx(100,56): error TS2367: This comparison appears to be unintentional because the types '"completed" | "confirmed" | "no_show"' and '"pending"' have no overlap.
components/reservations/ReservationTypeCard.tsx(57,37): error TS2339: Property 'settings' does not exist on type '{ color: string | null; created_at: string | null; description: string | null; display_order: number | null; duration_minutes: number; id: string; is_active: boolean | null; name: string; organization_id: string; status: string; updated_at: string | null; }'.
components/reservations/ReservationTypeCard.tsx(65,47): error TS2339: Property 'settings' does not exist on type '{ color: string | null; created_at: string | null; description: string | null; display_order: number | null; duration_minutes: number; id: string; is_active: boolean | null; name: string; organization_id: string; status: string; updated_at: string | null; }'.
components/reservations/ReservationTypeCard.tsx(69,36): error TS2339: Property 'settings' does not exist on type '{ color: string | null; created_at: string | null; description: string | null; display_order: number | null; duration_minutes: number; id: string; is_active: boolean | null; name: string; organization_id: string; status: string; updated_at: string | null; }'.
components/reservations/ReservationTypeCard.tsx(112,36): error TS2339: Property 'settings' does not exist on type '{ color: string | null; created_at: string | null; description: string | null; display_order: number | null; duration_minutes: number; id: string; is_active: boolean | null; name: string; organization_id: string; status: string; updated_at: string | null; }'.
components/reservations/ReservationTypeCard.tsx(123,17): error TS2339: Property 'buffer_minutes' does not exist on type '{ color: string | null; created_at: string | null; description: string | null; display_order: number | null; duration_minutes: number; id: string; is_active: boolean | null; name: string; organization_id: string; status: string; updated_at: string | null; }'.
components/reservations/ReservationTypeCard.tsx(126,56): error TS2339: Property 'buffer_minutes' does not exist on type '{ color: string | null; created_at: string | null; description: string | null; display_order: number | null; duration_minutes: number; id: string; is_active: boolean | null; name: string; organization_id: string; status: string; updated_at: string | null; }'.
components/reservations/ReservationTypeForm.tsx(86,25): error TS2339: Property 'settings' does not exist on type '{ color: string | null; created_at: string | null; description: string | null; display_order: number | null; duration_minutes: number; id: string; is_active: boolean | null; name: string; organization_id: string; status: string; updated_at: string | null; }'.
components/reservations/ReservationTypeForm.tsx(88,30): error TS2339: Property 'buffer_minutes' does not exist on type '{ color: string | null; created_at: string | null; description: string | null; display_order: number | null; duration_minutes: number; id: string; is_active: boolean | null; name: string; organization_id: string; status: string; updated_at: string | null; }'.
components/reservations/ReservationTypeForm.tsx(89,21): error TS2339: Property 'settings' does not exist on type '{ color: string | null; created_at: string | null; description: string | null; display_order: number | null; duration_minutes: number; id: string; is_active: boolean | null; name: string; organization_id: string; status: string; updated_at: string | null; }'.
components/reservations/ReservationTypeForm.tsx(90,24): error TS2339: Property 'settings' does not exist on type '{ color: string | null; created_at: string | null; description: string | null; display_order: number | null; duration_minutes: number; id: string; is_active: boolean | null; name: string; organization_id: string; status: string; updated_at: string | null; }'.
components/reservations/ReservationTypeList.tsx(43,12): error TS2339: Property 'settings' does not exist on type '{ color: string | null; created_at: string | null; description: string | null; display_order: number | null; duration_minutes: number; id: string; is_active: boolean | null; name: string; organization_id: string; status: string; updated_at: string | null; }'.
components/settings/APIKeyDetailsDialog.tsx(35,9): error TS2353: Object literal may only specify known properties, and 'title' does not exist in type 'ReactElement<unknown, string | JSXElementConstructor<any>> | Iterable<ReactNode> | ReactPortal | Promise<...> | (() => ReactNode)'.
components/settings/APIKeyDetailsDialog.tsx(46,9): error TS2353: Object literal may only specify known properties, and 'title' does not exist in type 'ReactElement<unknown, string | JSXElementConstructor<any>> | Iterable<ReactNode> | ReactPortal | Promise<...> | (() => ReactNode)'.
components/settings/APIKeyDetailsDialog.tsx(51,9): error TS2353: Object literal may only specify known properties, and 'title' does not exist in type 'ReactElement<unknown, string | JSXElementConstructor<any>> | Iterable<ReactNode> | ReactPortal | Promise<...> | (() => ReactNode)'.
components/settings/APIKeysList.tsx(34,9): error TS2353: Object literal may only specify known properties, and 'title' does not exist in type '(() => ReactNode) | ReactElement<unknown, string | JSXElementConstructor<any>> | Iterable<ReactNode> | ReactPortal | Promise<...>'.
components/settings/APIKeysList.tsx(38,9): error TS2353: Object literal may only specify known properties, and 'title' does not exist in type '(() => ReactNode) | ReactElement<unknown, string | JSXElementConstructor<any>> | Iterable<ReactNode> | ReactPortal | Promise<...>'.
components/settings/APIKeysList.tsx(52,9): error TS2353: Object literal may only specify known properties, and 'title' does not exist in type '(() => ReactNode) | ReactElement<unknown, string | JSXElementConstructor<any>> | Iterable<ReactNode> | ReactPortal | Promise<...>'.
components/settings/APIKeysList.tsx(56,9): error TS2353: Object literal may only specify known properties, and 'title' does not exist in type '(() => ReactNode) | ReactElement<unknown, string | JSXElementConstructor<any>> | Iterable<ReactNode> | ReactPortal | Promise<...>'.
components/settings/CreateAPIKeyDialog.tsx(53,9): error TS2353: Object literal may only specify known properties, and 'title' does not exist in type '(() => ReactNode) | ReactElement<unknown, string | JSXElementConstructor<any>> | Iterable<ReactNode> | ReactPortal | Promise<...>'.
components/settings/CreateAPIKeyDialog.tsx(61,9): error TS2353: Object literal may only specify known properties, and 'title' does not exist in type '(() => ReactNode) | ReactElement<unknown, string | JSXElementConstructor<any>> | Iterable<ReactNode> | ReactPortal | Promise<...>'.
components/settings/CreateAPIKeyDialog.tsx(75,20): error TS2345: Argument of type 'APIKeyWithSecret' is not assignable to parameter of type 'APIKey & { full_key: string; }'.
  Property 'full_key' is missing in type 'APIKeyWithSecret' but required in type '{ full_key: string; }'.
components/settings/CreateAPIKeyDialog.tsx(84,9): error TS2353: Object literal may only specify known properties, and 'title' does not exist in type '(() => ReactNode) | ReactElement<unknown, string | JSXElementConstructor<any>> | Iterable<ReactNode> | ReactPortal | Promise<...>'.
components/settings/CreateAPIKeyDialog.tsx(89,9): error TS2353: Object literal may only specify known properties, and 'title' does not exist in type '(() => ReactNode) | ReactElement<unknown, string | JSXElementConstructor<any>> | Iterable<ReactNode> | ReactPortal | Promise<...>'.
components/settings/DataExportForm.tsx(47,9): error TS2353: Object literal may only specify known properties, and 'title' does not exist in type '(() => ReactNode) | ReactElement<unknown, string | JSXElementConstructor<any>> | Iterable<ReactNode> | ReactPortal | Promise<...>'.
components/settings/DataExportForm.tsx(64,9): error TS2322: Type 'ExportFormat' is not assignable to type 'import("/Users/kadotani/Documents/dev-projects/GitHub/lme-manual-scraper/types/system").ExportFormat'.
  Type '"excel"' is not assignable to type 'ExportFormat'.
components/settings/DataExportForm.tsx(73,37): error TS2339: Property 'data' does not exist on type 'ExportResult'.
components/settings/DataExportForm.tsx(73,59): error TS2339: Property 'mimeType' does not exist on type 'ExportResult'.
components/settings/DataExportForm.tsx(77,27): error TS2551: Property 'filename' does not exist on type 'ExportResult'. Did you mean 'fileName'?
components/settings/DataExportForm.tsx(84,9): error TS2353: Object literal may only specify known properties, and 'title' does not exist in type '(() => ReactNode) | ReactElement<unknown, string | JSXElementConstructor<any>> | Iterable<ReactNode> | ReactPortal | Promise<...>'.
components/settings/DataExportForm.tsx(85,32): error TS2551: Property 'filename' does not exist on type 'ExportResult'. Did you mean 'fileName'?
components/settings/DataExportForm.tsx(89,9): error TS2353: Object literal may only specify known properties, and 'title' does not exist in type '(() => ReactNode) | ReactElement<unknown, string | JSXElementConstructor<any>> | Iterable<ReactNode> | ReactPortal | Promise<...>'.
components/settings/DataImportForm.tsx(37,9): error TS2353: Object literal may only specify known properties, and 'title' does not exist in type '(() => ReactNode) | ReactElement<unknown, string | JSXElementConstructor<any>> | Iterable<ReactNode> | ReactPortal | Promise<...>'.
components/settings/DataImportForm.tsx(51,29): error TS2554: Expected 2 arguments, but got 1.
components/settings/DataImportForm.tsx(55,9): error TS2353: Object literal may only specify known properties, and 'title' does not exist in type '(() => ReactNode) | ReactElement<unknown, string | JSXElementConstructor<any>> | Iterable<ReactNode> | ReactPortal | Promise<...>'.
components/settings/DataImportForm.tsx(98,28): error TS2554: Expected 2-3 arguments, but got 1.
components/settings/DataImportForm.tsx(104,9): error TS2353: Object literal may only specify known properties, and 'title' does not exist in type '(() => ReactNode) | ReactElement<unknown, string | JSXElementConstructor<any>> | Iterable<ReactNode> | ReactPortal | Promise<...>'.
components/settings/DataImportForm.tsx(105,32): error TS2339: Property 'imported' does not exist on type 'ImportResult'.
components/settings/DataImportForm.tsx(105,72): error TS2339: Property 'skipped' does not exist on type 'ImportResult'.
components/settings/DataImportForm.tsx(116,9): error TS2353: Object literal may only specify known properties, and 'title' does not exist in type '(() => ReactNode) | ReactElement<unknown, string | JSXElementConstructor<any>> | Iterable<ReactNode> | ReactPortal | Promise<...>'.
components/settings/NotificationSettings.tsx(40,17): error TS7053: Element implicitly has an 'any' type because expression of type 'string' can't be used to index type 'Record<string, boolean> | { message_sent: boolean; form_submitted: boolean; reservation_created: boolean; weekly_report: boolean; } | { message_failed: boolean; reservation_reminder: boolean; }'.
  No index signature with a parameter of type 'string' was found on type 'Record<string, boolean> | { message_sent: boolean; form_submitted: boolean; reservation_created: boolean; weekly_report: boolean; } | { message_failed: boolean; reservation_reminder: boolean; }'.
components/settings/NotificationSettings.tsx(49,55): error TS2345: Argument of type '{ email: Record<string, boolean>; push: Record<string, boolean>; } | { email: { message_sent: boolean; form_submitted: boolean; reservation_created: boolean; weekly_report: boolean; }; push: { ...; }; }' is not assignable to parameter of type 'NotificationSettings'.
  Type '{ email: Record<string, boolean>; push: Record<string, boolean>; }' is not assignable to type 'NotificationSettings'.
    Types of property 'email' are incompatible.
      Type 'Record<string, boolean>' is missing the following properties from type '{ message_sent: boolean; form_submitted: boolean; reservation_created: boolean; weekly_report: boolean; }': message_sent, form_submitted, reservation_created, weekly_report
lib/actions/messages.ts(9,11): error TS2769: No overload matches this call.
  Overload 1 of 2, '(values: readonly ["text", "image", "video", "flex", "carousel"], params?: string | { error?: string | $ZodErrorMap<$ZodIssueInvalidValue<unknown>> | undefined; message?: string | undefined; } | undefined): ZodEnum<...>', gave the following error.
    Object literal may only specify known properties, and 'required_error' does not exist in type '{ error?: string | $ZodErrorMap<$ZodIssueInvalidValue<unknown>> | undefined; message?: string | undefined; }'.
  Overload 2 of 2, '(entries: Readonly<Record<string, EnumValue>>, params?: string | { error?: string | $ZodErrorMap<$ZodIssueInvalidValue<unknown>> | undefined; message?: string | undefined; } | undefined): ZodEnum<...>', gave the following error.
    Argument of type 'string[]' is not assignable to parameter of type 'Readonly<Record<string, EnumValue>>'.
      Index signature for type 'string' is missing in type 'string[]'.
lib/actions/messages.ts(90,7): error TS2769: No overload matches this call.
  Overload 1 of 2, '(values: { click_count?: number | null | undefined; completed_at?: string | null | undefined; content: Json; created_at?: string | null | undefined; created_by?: string | null | undefined; ... 14 more ...; updated_at?: string | ... 1 more ... | undefined; }, options?: { ...; } | undefined): PostgrestFilterBuilder<...>', gave the following error.
    Object literal may only specify known properties, and 'user_id' does not exist in type '{ click_count?: number | null | undefined; completed_at?: string | null | undefined; content: Json; created_at?: string | null | undefined; created_by?: string | null | undefined; ... 14 more ...; updated_at?: string | ... 1 more ... | undefined; }'.
  Overload 2 of 2, '(values: { click_count?: number | null | undefined; completed_at?: string | null | undefined; content: Json; created_at?: string | null | undefined; created_by?: string | null | undefined; ... 14 more ...; updated_at?: string | ... 1 more ... | undefined; }[], options?: { ...; } | undefined): PostgrestFilterBuilder<...>', gave the following error.
    Object literal may only specify known properties, and 'user_id' does not exist in type '{ click_count?: number | null | undefined; completed_at?: string | null | undefined; content: Json; created_at?: string | null | undefined; created_by?: string | null | undefined; ... 14 more ...; updated_at?: string | ... 1 more ... | undefined; }[]'.
lib/actions/messages.ts(108,27): error TS2769: No overload matches this call.
  Overload 1 of 2, '(relation: "line_friends" | "organizations" | "users" | "step_campaigns" | "forms" | "tags" | "line_channels" | "messages" | "reservation_types" | "schedules" | "schedule_slots" | ... 19 more ... | "webhook_logs"): PostgrestQueryBuilder<...>', gave the following error.
    Argument of type '"message_segments"' is not assignable to parameter of type '"line_friends" | "organizations" | "users" | "step_campaigns" | "forms" | "tags" | "line_channels" | "messages" | "reservation_types" | "schedules" | "schedule_slots" | "rich_menus" | ... 18 more ... | "webhook_logs"'.
  Overload 2 of 2, '(relation: never): PostgrestQueryBuilder<{ PostgrestVersion: "13.0.5"; }, { Tables: { analytics_events: { Row: { created_at: string | null; event_data: Json; event_type: string; id: string; ip_address: unknown; ... 4 more ...; user_agent: string | null; }; Insert: { ...; }; Update: { ...; }; Relationships: [...]; }; ... 29 more ...; webhook_logs: { ...; }; }; Views: {}; Functions: { ...; }; Enums: {}; CompositeTypes: {}; }, never, never, never>', gave the following error.
    Argument of type '"message_segments"' is not assignable to parameter of type 'never'.
lib/actions/messages.ts(108,54): error TS2769: No overload matches this call.
  Overload 1 of 2, '(values: { created_at?: string | null | undefined; event_data?: Json | undefined; event_type: string; id?: string | undefined; ip_address?: unknown; line_friend_id?: string | null | undefined; organization_id: string; referrer?: string | ... 1 more ... | undefined; session_id?: string | ... 1 more ... | undefined; user_agent?: string | ... 1 more ... | undefined; } | ... 29 more ... | { ...; }, options?: { ...; } | undefined): PostgrestFilterBuilder<...>', gave the following error.
    Argument of type '{ message_id: string; segment_id: string; }[]' is not assignable to parameter of type '{ created_at?: string | null | undefined; event_data?: Json | undefined; event_type: string; id?: string | undefined; ip_address?: unknown; line_friend_id?: string | null | undefined; organization_id: string; referrer?: string | ... 1 more ... | undefined; session_id?: string | ... 1 more ... | undefined; user_agent...'.
  Overload 2 of 2, '(values: ({ created_at?: string | null | undefined; event_data?: Json | undefined; event_type: string; id?: string | undefined; ip_address?: unknown; line_friend_id?: string | null | undefined; organization_id: string; referrer?: string | ... 1 more ... | undefined; session_id?: string | ... 1 more ... | undefined; user_agent?: string | ... 1 more ... | undefined; } | ... 29 more ... | { ...; })[], options?: { ...; } | undefined): PostgrestFilterBuilder<...>', gave the following error.
    Argument of type '{ message_id: string; segment_id: string; }[]' is not assignable to parameter of type '({ created_at?: string | null | undefined; event_data?: Json | undefined; event_type: string; id?: string | undefined; ip_address?: unknown; line_friend_id?: string | null | undefined; organization_id: string; referrer?: string | ... 1 more ... | undefined; session_id?: string | ... 1 more ... | undefined; user_agen...'.
      Type '{ message_id: string; segment_id: string; }' is not assignable to type '{ created_at?: string | null | undefined; event_data?: Json | undefined; event_type: string; id?: string | undefined; ip_address?: unknown; line_friend_id?: string | null | undefined; organization_id: string; referrer?: string | ... 1 more ... | undefined; session_id?: string | ... 1 more ... | undefined; user_agent...'.
        Type '{ message_id: string; segment_id: string; }' is missing the following properties from type '{ click_count?: number | null | undefined; created_at?: string | null | undefined; expires_at?: string | null | undefined; id?: string | undefined; message_id?: string | null | undefined; ... 4 more ...; updated_at?: string | ... 1 more ... | undefined; }': organization_id, original_url, short_code
lib/actions/messages.ts(114,27): error TS2769: No overload matches this call.
  Overload 1 of 2, '(relation: "line_friends" | "organizations" | "users" | "step_campaigns" | "forms" | "tags" | "line_channels" | "messages" | "reservation_types" | "schedules" | "schedule_slots" | ... 19 more ... | "webhook_logs"): PostgrestQueryBuilder<...>', gave the following error.
    Argument of type '"message_tags"' is not assignable to parameter of type '"line_friends" | "organizations" | "users" | "step_campaigns" | "forms" | "tags" | "line_channels" | "messages" | "reservation_types" | "schedules" | "schedule_slots" | "rich_menus" | ... 18 more ... | "webhook_logs"'.
  Overload 2 of 2, '(relation: never): PostgrestQueryBuilder<{ PostgrestVersion: "13.0.5"; }, { Tables: { analytics_events: { Row: { created_at: string | null; event_data: Json; event_type: string; id: string; ip_address: unknown; ... 4 more ...; user_agent: string | null; }; Insert: { ...; }; Update: { ...; }; Relationships: [...]; }; ... 29 more ...; webhook_logs: { ...; }; }; Views: {}; Functions: { ...; }; Enums: {}; CompositeTypes: {}; }, never, never, never>', gave the following error.
    Argument of type '"message_tags"' is not assignable to parameter of type 'never'.
lib/actions/messages.ts(114,50): error TS2769: No overload matches this call.
  Overload 1 of 2, '(values: { created_at?: string | null | undefined; event_data?: Json | undefined; event_type: string; id?: string | undefined; ip_address?: unknown; line_friend_id?: string | null | undefined; organization_id: string; referrer?: string | ... 1 more ... | undefined; session_id?: string | ... 1 more ... | undefined; user_agent?: string | ... 1 more ... | undefined; } | ... 29 more ... | { ...; }, options?: { ...; } | undefined): PostgrestFilterBuilder<...>', gave the following error.
    Argument of type '{ message_id: string; tag_id: string; }[]' is not assignable to parameter of type '{ created_at?: string | null | undefined; event_data?: Json | undefined; event_type: string; id?: string | undefined; ip_address?: unknown; line_friend_id?: string | null | undefined; organization_id: string; referrer?: string | ... 1 more ... | undefined; session_id?: string | ... 1 more ... | undefined; user_agent...'.
  Overload 2 of 2, '(values: ({ created_at?: string | null | undefined; event_data?: Json | undefined; event_type: string; id?: string | undefined; ip_address?: unknown; line_friend_id?: string | null | undefined; organization_id: string; referrer?: string | ... 1 more ... | undefined; session_id?: string | ... 1 more ... | undefined; user_agent?: string | ... 1 more ... | undefined; } | ... 29 more ... | { ...; })[], options?: { ...; } | undefined): PostgrestFilterBuilder<...>', gave the following error.
    Argument of type '{ message_id: string; tag_id: string; }[]' is not assignable to parameter of type '({ created_at?: string | null | undefined; event_data?: Json | undefined; event_type: string; id?: string | undefined; ip_address?: unknown; line_friend_id?: string | null | undefined; organization_id: string; referrer?: string | ... 1 more ... | undefined; session_id?: string | ... 1 more ... | undefined; user_agen...'.
      Type '{ message_id: string; tag_id: string; }' is not assignable to type '{ created_at?: string | null | undefined; event_data?: Json | undefined; event_type: string; id?: string | undefined; ip_address?: unknown; line_friend_id?: string | null | undefined; organization_id: string; referrer?: string | ... 1 more ... | undefined; session_id?: string | ... 1 more ... | undefined; user_agent...'.
        Type '{ message_id: string; tag_id: string; }' is missing the following properties from type '{ click_count?: number | null | undefined; created_at?: string | null | undefined; expires_at?: string | null | undefined; id?: string | undefined; message_id?: string | null | undefined; ... 4 more ...; updated_at?: string | ... 1 more ... | undefined; }': organization_id, original_url, short_code
lib/actions/messages.ts(120,27): error TS2769: No overload matches this call.
  Overload 1 of 2, '(relation: "line_friends" | "organizations" | "users" | "step_campaigns" | "forms" | "tags" | "line_channels" | "messages" | "reservation_types" | "schedules" | "schedule_slots" | ... 19 more ... | "webhook_logs"): PostgrestQueryBuilder<...>', gave the following error.
    Argument of type '"message_friends"' is not assignable to parameter of type '"line_friends" | "organizations" | "users" | "step_campaigns" | "forms" | "tags" | "line_channels" | "messages" | "reservation_types" | "schedules" | "schedule_slots" | "rich_menus" | ... 18 more ... | "webhook_logs"'.
  Overload 2 of 2, '(relation: never): PostgrestQueryBuilder<{ PostgrestVersion: "13.0.5"; }, { Tables: { analytics_events: { Row: { created_at: string | null; event_data: Json; event_type: string; id: string; ip_address: unknown; ... 4 more ...; user_agent: string | null; }; Insert: { ...; }; Update: { ...; }; Relationships: [...]; }; ... 29 more ...; webhook_logs: { ...; }; }; Views: {}; Functions: { ...; }; Enums: {}; CompositeTypes: {}; }, never, never, never>', gave the following error.
    Argument of type '"message_friends"' is not assignable to parameter of type 'never'.
lib/actions/messages.ts(120,53): error TS2769: No overload matches this call.
  Overload 1 of 2, '(values: { created_at?: string | null | undefined; event_data?: Json | undefined; event_type: string; id?: string | undefined; ip_address?: unknown; line_friend_id?: string | null | undefined; organization_id: string; referrer?: string | ... 1 more ... | undefined; session_id?: string | ... 1 more ... | undefined; user_agent?: string | ... 1 more ... | undefined; } | ... 29 more ... | { ...; }, options?: { ...; } | undefined): PostgrestFilterBuilder<...>', gave the following error.
    Argument of type '{ message_id: string; friend_id: string; }[]' is not assignable to parameter of type '{ created_at?: string | null | undefined; event_data?: Json | undefined; event_type: string; id?: string | undefined; ip_address?: unknown; line_friend_id?: string | null | undefined; organization_id: string; referrer?: string | ... 1 more ... | undefined; session_id?: string | ... 1 more ... | undefined; user_agent...'.
  Overload 2 of 2, '(values: ({ created_at?: string | null | undefined; event_data?: Json | undefined; event_type: string; id?: string | undefined; ip_address?: unknown; line_friend_id?: string | null | undefined; organization_id: string; referrer?: string | ... 1 more ... | undefined; session_id?: string | ... 1 more ... | undefined; user_agent?: string | ... 1 more ... | undefined; } | ... 29 more ... | { ...; })[], options?: { ...; } | undefined): PostgrestFilterBuilder<...>', gave the following error.
    Argument of type '{ message_id: string; friend_id: string; }[]' is not assignable to parameter of type '({ created_at?: string | null | undefined; event_data?: Json | undefined; event_type: string; id?: string | undefined; ip_address?: unknown; line_friend_id?: string | null | undefined; organization_id: string; referrer?: string | ... 1 more ... | undefined; session_id?: string | ... 1 more ... | undefined; user_agen...'.
      Type '{ message_id: string; friend_id: string; }' is not assignable to type '{ created_at?: string | null | undefined; event_data?: Json | undefined; event_type: string; id?: string | undefined; ip_address?: unknown; line_friend_id?: string | null | undefined; organization_id: string; referrer?: string | ... 1 more ... | undefined; session_id?: string | ... 1 more ... | undefined; user_agent...'.
        Type '{ message_id: string; friend_id: string; }' is missing the following properties from type '{ click_count?: number | null | undefined; created_at?: string | null | undefined; expires_at?: string | null | undefined; id?: string | undefined; message_id?: string | null | undefined; ... 4 more ...; updated_at?: string | ... 1 more ... | undefined; }': organization_id, original_url, short_code
lib/actions/messages.ts(155,25): error TS2769: No overload matches this call.
  Overload 1 of 2, '(relation: "line_friends" | "organizations" | "users" | "step_campaigns" | "forms" | "tags" | "line_channels" | "messages" | "reservation_types" | "schedules" | "schedule_slots" | ... 19 more ... | "webhook_logs"): PostgrestQueryBuilder<...>', gave the following error.
    Argument of type '"message_segments"' is not assignable to parameter of type '"line_friends" | "organizations" | "users" | "step_campaigns" | "forms" | "tags" | "line_channels" | "messages" | "reservation_types" | "schedules" | "schedule_slots" | "rich_menus" | ... 18 more ... | "webhook_logs"'.
  Overload 2 of 2, '(relation: never): PostgrestQueryBuilder<{ PostgrestVersion: "13.0.5"; }, { Tables: { analytics_events: { Row: { created_at: string | null; event_data: Json; event_type: string; id: string; ip_address: unknown; ... 4 more ...; user_agent: string | null; }; Insert: { ...; }; Update: { ...; }; Relationships: [...]; }; ... 29 more ...; webhook_logs: { ...; }; }; Views: {}; Functions: { ...; }; Enums: {}; CompositeTypes: {}; }, never, never, never>', gave the following error.
    Argument of type '"message_segments"' is not assignable to parameter of type 'never'.
lib/actions/messages.ts(156,25): error TS2769: No overload matches this call.
  Overload 1 of 2, '(relation: "line_friends" | "organizations" | "users" | "step_campaigns" | "forms" | "tags" | "line_channels" | "messages" | "reservation_types" | "schedules" | "schedule_slots" | ... 19 more ... | "webhook_logs"): PostgrestQueryBuilder<...>', gave the following error.
    Argument of type '"message_tags"' is not assignable to parameter of type '"line_friends" | "organizations" | "users" | "step_campaigns" | "forms" | "tags" | "line_channels" | "messages" | "reservation_types" | "schedules" | "schedule_slots" | "rich_menus" | ... 18 more ... | "webhook_logs"'.
  Overload 2 of 2, '(relation: never): PostgrestQueryBuilder<{ PostgrestVersion: "13.0.5"; }, { Tables: { analytics_events: { Row: { created_at: string | null; event_data: Json; event_type: string; id: string; ip_address: unknown; ... 4 more ...; user_agent: string | null; }; Insert: { ...; }; Update: { ...; }; Relationships: [...]; }; ... 29 more ...; webhook_logs: { ...; }; }; Views: {}; Functions: { ...; }; Enums: {}; CompositeTypes: {}; }, never, never, never>', gave the following error.
    Argument of type '"message_tags"' is not assignable to parameter of type 'never'.
lib/actions/messages.ts(157,25): error TS2769: No overload matches this call.
  Overload 1 of 2, '(relation: "line_friends" | "organizations" | "users" | "step_campaigns" | "forms" | "tags" | "line_channels" | "messages" | "reservation_types" | "schedules" | "schedule_slots" | ... 19 more ... | "webhook_logs"): PostgrestQueryBuilder<...>', gave the following error.
    Argument of type '"message_friends"' is not assignable to parameter of type '"line_friends" | "organizations" | "users" | "step_campaigns" | "forms" | "tags" | "line_channels" | "messages" | "reservation_types" | "schedules" | "schedule_slots" | "rich_menus" | ... 18 more ... | "webhook_logs"'.
  Overload 2 of 2, '(relation: never): PostgrestQueryBuilder<{ PostgrestVersion: "13.0.5"; }, { Tables: { analytics_events: { Row: { created_at: string | null; event_data: Json; event_type: string; id: string; ip_address: unknown; ... 4 more ...; user_agent: string | null; }; Insert: { ...; }; Update: { ...; }; Relationships: [...]; }; ... 29 more ...; webhook_logs: { ...; }; }; Views: {}; Functions: { ...; }; Enums: {}; CompositeTypes: {}; }, never, never, never>', gave the following error.
    Argument of type '"message_friends"' is not assignable to parameter of type 'never'.
lib/actions/messages.ts(166,29): error TS2769: No overload matches this call.
  Overload 1 of 2, '(relation: "line_friends" | "organizations" | "users" | "step_campaigns" | "forms" | "tags" | "line_channels" | "messages" | "reservation_types" | "schedules" | "schedule_slots" | ... 19 more ... | "webhook_logs"): PostgrestQueryBuilder<...>', gave the following error.
    Argument of type '"message_segments"' is not assignable to parameter of type '"line_friends" | "organizations" | "users" | "step_campaigns" | "forms" | "tags" | "line_channels" | "messages" | "reservation_types" | "schedules" | "schedule_slots" | "rich_menus" | ... 18 more ... | "webhook_logs"'.
  Overload 2 of 2, '(relation: never): PostgrestQueryBuilder<{ PostgrestVersion: "13.0.5"; }, { Tables: { analytics_events: { Row: { created_at: string | null; event_data: Json; event_type: string; id: string; ip_address: unknown; ... 4 more ...; user_agent: string | null; }; Insert: { ...; }; Update: { ...; }; Relationships: [...]; }; ... 29 more ...; webhook_logs: { ...; }; }; Views: {}; Functions: { ...; }; Enums: {}; CompositeTypes: {}; }, never, never, never>', gave the following error.
    Argument of type '"message_segments"' is not assignable to parameter of type 'never'.
lib/actions/messages.ts(166,56): error TS2769: No overload matches this call.
  Overload 1 of 2, '(values: { created_at?: string | null | undefined; event_data?: Json | undefined; event_type: string; id?: string | undefined; ip_address?: unknown; line_friend_id?: string | null | undefined; organization_id: string; referrer?: string | ... 1 more ... | undefined; session_id?: string | ... 1 more ... | undefined; user_agent?: string | ... 1 more ... | undefined; } | ... 29 more ... | { ...; }, options?: { ...; } | undefined): PostgrestFilterBuilder<...>', gave the following error.
    Argument of type '{ message_id: string; segment_id: string; }[]' is not assignable to parameter of type '{ created_at?: string | null | undefined; event_data?: Json | undefined; event_type: string; id?: string | undefined; ip_address?: unknown; line_friend_id?: string | null | undefined; organization_id: string; referrer?: string | ... 1 more ... | undefined; session_id?: string | ... 1 more ... | undefined; user_agent...'.
  Overload 2 of 2, '(values: ({ created_at?: string | null | undefined; event_data?: Json | undefined; event_type: string; id?: string | undefined; ip_address?: unknown; line_friend_id?: string | null | undefined; organization_id: string; referrer?: string | ... 1 more ... | undefined; session_id?: string | ... 1 more ... | undefined; user_agent?: string | ... 1 more ... | undefined; } | ... 29 more ... | { ...; })[], options?: { ...; } | undefined): PostgrestFilterBuilder<...>', gave the following error.
    Argument of type '{ message_id: string; segment_id: string; }[]' is not assignable to parameter of type '({ created_at?: string | null | undefined; event_data?: Json | undefined; event_type: string; id?: string | undefined; ip_address?: unknown; line_friend_id?: string | null | undefined; organization_id: string; referrer?: string | ... 1 more ... | undefined; session_id?: string | ... 1 more ... | undefined; user_agen...'.
      Type '{ message_id: string; segment_id: string; }' is not assignable to type '{ created_at?: string | null | undefined; event_data?: Json | undefined; event_type: string; id?: string | undefined; ip_address?: unknown; line_friend_id?: string | null | undefined; organization_id: string; referrer?: string | ... 1 more ... | undefined; session_id?: string | ... 1 more ... | undefined; user_agent...'.
        Type '{ message_id: string; segment_id: string; }' is missing the following properties from type '{ click_count?: number | null | undefined; created_at?: string | null | undefined; expires_at?: string | null | undefined; id?: string | undefined; message_id?: string | null | undefined; ... 4 more ...; updated_at?: string | ... 1 more ... | undefined; }': organization_id, original_url, short_code
lib/actions/messages.ts(172,29): error TS2769: No overload matches this call.
  Overload 1 of 2, '(relation: "line_friends" | "organizations" | "users" | "step_campaigns" | "forms" | "tags" | "line_channels" | "messages" | "reservation_types" | "schedules" | "schedule_slots" | ... 19 more ... | "webhook_logs"): PostgrestQueryBuilder<...>', gave the following error.
    Argument of type '"message_tags"' is not assignable to parameter of type '"line_friends" | "organizations" | "users" | "step_campaigns" | "forms" | "tags" | "line_channels" | "messages" | "reservation_types" | "schedules" | "schedule_slots" | "rich_menus" | ... 18 more ... | "webhook_logs"'.
  Overload 2 of 2, '(relation: never): PostgrestQueryBuilder<{ PostgrestVersion: "13.0.5"; }, { Tables: { analytics_events: { Row: { created_at: string | null; event_data: Json; event_type: string; id: string; ip_address: unknown; ... 4 more ...; user_agent: string | null; }; Insert: { ...; }; Update: { ...; }; Relationships: [...]; }; ... 29 more ...; webhook_logs: { ...; }; }; Views: {}; Functions: { ...; }; Enums: {}; CompositeTypes: {}; }, never, never, never>', gave the following error.
    Argument of type '"message_tags"' is not assignable to parameter of type 'never'.
lib/actions/messages.ts(172,52): error TS2769: No overload matches this call.
  Overload 1 of 2, '(values: { created_at?: string | null | undefined; event_data?: Json | undefined; event_type: string; id?: string | undefined; ip_address?: unknown; line_friend_id?: string | null | undefined; organization_id: string; referrer?: string | ... 1 more ... | undefined; session_id?: string | ... 1 more ... | undefined; user_agent?: string | ... 1 more ... | undefined; } | ... 29 more ... | { ...; }, options?: { ...; } | undefined): PostgrestFilterBuilder<...>', gave the following error.
    Argument of type '{ message_id: string; tag_id: string; }[]' is not assignable to parameter of type '{ created_at?: string | null | undefined; event_data?: Json | undefined; event_type: string; id?: string | undefined; ip_address?: unknown; line_friend_id?: string | null | undefined; organization_id: string; referrer?: string | ... 1 more ... | undefined; session_id?: string | ... 1 more ... | undefined; user_agent...'.
  Overload 2 of 2, '(values: ({ created_at?: string | null | undefined; event_data?: Json | undefined; event_type: string; id?: string | undefined; ip_address?: unknown; line_friend_id?: string | null | undefined; organization_id: string; referrer?: string | ... 1 more ... | undefined; session_id?: string | ... 1 more ... | undefined; user_agent?: string | ... 1 more ... | undefined; } | ... 29 more ... | { ...; })[], options?: { ...; } | undefined): PostgrestFilterBuilder<...>', gave the following error.
    Argument of type '{ message_id: string; tag_id: string; }[]' is not assignable to parameter of type '({ created_at?: string | null | undefined; event_data?: Json | undefined; event_type: string; id?: string | undefined; ip_address?: unknown; line_friend_id?: string | null | undefined; organization_id: string; referrer?: string | ... 1 more ... | undefined; session_id?: string | ... 1 more ... | undefined; user_agen...'.
      Type '{ message_id: string; tag_id: string; }' is not assignable to type '{ created_at?: string | null | undefined; event_data?: Json | undefined; event_type: string; id?: string | undefined; ip_address?: unknown; line_friend_id?: string | null | undefined; organization_id: string; referrer?: string | ... 1 more ... | undefined; session_id?: string | ... 1 more ... | undefined; user_agent...'.
        Type '{ message_id: string; tag_id: string; }' is missing the following properties from type '{ click_count?: number | null | undefined; created_at?: string | null | undefined; expires_at?: string | null | undefined; id?: string | undefined; message_id?: string | null | undefined; ... 4 more ...; updated_at?: string | ... 1 more ... | undefined; }': organization_id, original_url, short_code
lib/actions/messages.ts(178,29): error TS2769: No overload matches this call.
  Overload 1 of 2, '(relation: "line_friends" | "organizations" | "users" | "step_campaigns" | "forms" | "tags" | "line_channels" | "messages" | "reservation_types" | "schedules" | "schedule_slots" | ... 19 more ... | "webhook_logs"): PostgrestQueryBuilder<...>', gave the following error.
    Argument of type '"message_friends"' is not assignable to parameter of type '"line_friends" | "organizations" | "users" | "step_campaigns" | "forms" | "tags" | "line_channels" | "messages" | "reservation_types" | "schedules" | "schedule_slots" | "rich_menus" | ... 18 more ... | "webhook_logs"'.
  Overload 2 of 2, '(relation: never): PostgrestQueryBuilder<{ PostgrestVersion: "13.0.5"; }, { Tables: { analytics_events: { Row: { created_at: string | null; event_data: Json; event_type: string; id: string; ip_address: unknown; ... 4 more ...; user_agent: string | null; }; Insert: { ...; }; Update: { ...; }; Relationships: [...]; }; ... 29 more ...; webhook_logs: { ...; }; }; Views: {}; Functions: { ...; }; Enums: {}; CompositeTypes: {}; }, never, never, never>', gave the following error.
    Argument of type '"message_friends"' is not assignable to parameter of type 'never'.
lib/actions/messages.ts(178,55): error TS2769: No overload matches this call.
  Overload 1 of 2, '(values: { created_at?: string | null | undefined; event_data?: Json | undefined; event_type: string; id?: string | undefined; ip_address?: unknown; line_friend_id?: string | null | undefined; organization_id: string; referrer?: string | ... 1 more ... | undefined; session_id?: string | ... 1 more ... | undefined; user_agent?: string | ... 1 more ... | undefined; } | ... 29 more ... | { ...; }, options?: { ...; } | undefined): PostgrestFilterBuilder<...>', gave the following error.
    Argument of type '{ message_id: string; friend_id: string; }[]' is not assignable to parameter of type '{ created_at?: string | null | undefined; event_data?: Json | undefined; event_type: string; id?: string | undefined; ip_address?: unknown; line_friend_id?: string | null | undefined; organization_id: string; referrer?: string | ... 1 more ... | undefined; session_id?: string | ... 1 more ... | undefined; user_agent...'.
  Overload 2 of 2, '(values: ({ created_at?: string | null | undefined; event_data?: Json | undefined; event_type: string; id?: string | undefined; ip_address?: unknown; line_friend_id?: string | null | undefined; organization_id: string; referrer?: string | ... 1 more ... | undefined; session_id?: string | ... 1 more ... | undefined; user_agent?: string | ... 1 more ... | undefined; } | ... 29 more ... | { ...; })[], options?: { ...; } | undefined): PostgrestFilterBuilder<...>', gave the following error.
    Argument of type '{ message_id: string; friend_id: string; }[]' is not assignable to parameter of type '({ created_at?: string | null | undefined; event_data?: Json | undefined; event_type: string; id?: string | undefined; ip_address?: unknown; line_friend_id?: string | null | undefined; organization_id: string; referrer?: string | ... 1 more ... | undefined; session_id?: string | ... 1 more ... | undefined; user_agen...'.
      Type '{ message_id: string; friend_id: string; }' is not assignable to type '{ created_at?: string | null | undefined; event_data?: Json | undefined; event_type: string; id?: string | undefined; ip_address?: unknown; line_friend_id?: string | null | undefined; organization_id: string; referrer?: string | ... 1 more ... | undefined; session_id?: string | ... 1 more ... | undefined; user_agent...'.
        Type '{ message_id: string; friend_id: string; }' is missing the following properties from type '{ click_count?: number | null | undefined; created_at?: string | null | undefined; expires_at?: string | null | undefined; id?: string | undefined; message_id?: string | null | undefined; ... 4 more ...; updated_at?: string | ... 1 more ... | undefined; }': organization_id, original_url, short_code
lib/email/send-invitation.ts(35,37): error TS2307: Cannot find module 'resend' or its corresponding type declarations.
lib/line/rich-menu-api.ts(114,11): error TS2769: No overload matches this call.
  Overload 1 of 2, '(input: string | URL | Request, init?: RequestInit | undefined): Promise<Response>', gave the following error.
    Type 'Buffer<ArrayBufferLike>' is not assignable to type 'BodyInit | null | undefined'.
      Type 'Buffer<ArrayBufferLike>' is missing the following properties from type 'URLSearchParams': size, append, delete, get, and 2 more.
  Overload 2 of 2, '(input: URL | RequestInfo, init?: RequestInit | undefined): Promise<Response>', gave the following error.
    Type 'Buffer<ArrayBufferLike>' is not assignable to type 'BodyInit | null | undefined'.
      Type 'Buffer<ArrayBufferLike>' is missing the following properties from type 'URLSearchParams': size, append, delete, get, and 2 more.
lib/stripe.ts(8,3): error TS2322: Type '"2024-12-18.acacia"' is not assignable to type '"2025-09-30.clover"'.
lib/supabase/queries/forms.ts(90,3): error TS2322: Type '{ created_at: string | null; created_by: string | null; description: string | null; id: string; organization_id: string; settings: Json; status: string; title: string; total_responses: number | null; updated_at: string | null; }[]' is not assignable to type 'Form[]'.
  Type '{ created_at: string | null; created_by: string | null; description: string | null; id: string; organization_id: string; settings: Json; status: string; title: string; total_responses: number | null; updated_at: string | null; }' is missing the following properties from type 'Form': fields, published_at
lib/supabase/queries/forms.ts(106,3): error TS2739: Type '{ created_at: string | null; created_by: string | null; description: string | null; id: string; organization_id: string; settings: Json; status: string; title: string; total_responses: number | null; updated_at: string | null; }' is missing the following properties from type 'Form': fields, published_at
lib/supabase/queries/forms.ts(117,13): error TS2769: No overload matches this call.
  Overload 1 of 2, '(values: { created_at?: string | null | undefined; created_by?: string | null | undefined; description?: string | null | undefined; id?: string | undefined; organization_id: string; settings?: Json | undefined; status?: string | undefined; title: string; total_responses?: number | ... 1 more ... | undefined; updated_at?: string | ... 1 more ... | undefined; }, options?: { ...; } | undefined): PostgrestFilterBuilder<...>', gave the following error.
    Argument of type 'Omit<Form, "id" | "created_at" | "updated_at">' is not assignable to parameter of type '{ created_at?: string | null | undefined; created_by?: string | null | undefined; description?: string | null | undefined; id?: string | undefined; organization_id: string; settings?: Json | undefined; status?: string | undefined; title: string; total_responses?: number | ... 1 more ... | undefined; updated_at?: str...'.
      Types of property 'settings' are incompatible.
        Type 'FormSettings' is not assignable to type 'Json | undefined'.
          Type 'FormSettings' is not assignable to type '{ [key: string]: Json | undefined; }'.
            Index signature for type 'string' is missing in type 'FormSettings'.
  Overload 2 of 2, '(values: { created_at?: string | null | undefined; created_by?: string | null | undefined; description?: string | null | undefined; id?: string | undefined; organization_id: string; settings?: Json | undefined; status?: string | undefined; title: string; total_responses?: number | ... 1 more ... | undefined; updated_at?: string | ... 1 more ... | undefined; }[], options?: { ...; } | undefined): PostgrestFilterBuilder<...>', gave the following error.
    Argument of type 'Omit<Form, "id" | "created_at" | "updated_at">' is not assignable to parameter of type '{ created_at?: string | null | undefined; created_by?: string | null | undefined; description?: string | null | undefined; id?: string | undefined; organization_id: string; settings?: Json | undefined; status?: string | undefined; title: string; total_responses?: number | ... 1 more ... | undefined; updated_at?: str...'.
      Type 'Omit<Form, "id" | "created_at" | "updated_at">' is missing the following properties from type '{ created_at?: string | null | undefined; created_by?: string | null | undefined; description?: string | null | undefined; id?: string | undefined; organization_id: string; settings?: Json | undefined; status?: string | undefined; title: string; total_responses?: number | ... 1 more ... | undefined; updated_at?: str...': length, pop, push, concat, and 35 more.
lib/supabase/queries/forms.ts(122,3): error TS2739: Type '{ created_at: string | null; created_by: string | null; description: string | null; id: string; organization_id: string; settings: Json; status: string; title: string; total_responses: number | null; updated_at: string | null; }' is missing the following properties from type 'Form': fields, published_at
lib/supabase/queries/forms.ts(133,13): error TS2345: Argument of type '{ updated_at: string; id?: string | undefined; organization_id?: string | undefined; title?: string | undefined; description?: string | null | undefined; fields?: FormField[] | undefined; ... 4 more ...; published_at?: string | ... 1 more ... | undefined; }' is not assignable to parameter of type '{ created_at?: string | null | undefined; created_by?: string | null | undefined; description?: string | null | undefined; id?: string | undefined; organization_id?: string | undefined; ... 4 more ...; updated_at?: string | ... 1 more ... | undefined; }'.
  Types of property 'settings' are incompatible.
    Type 'FormSettings | undefined' is not assignable to type 'Json | undefined'.
      Type 'FormSettings' is not assignable to type 'Json | undefined'.
        Type 'FormSettings' is not assignable to type '{ [key: string]: Json | undefined; }'.
          Index signature for type 'string' is missing in type 'FormSettings'.
lib/supabase/queries/forms.ts(139,3): error TS2739: Type '{ created_at: string | null; created_by: string | null; description: string | null; id: string; organization_id: string; settings: Json; status: string; title: string; total_responses: number | null; updated_at: string | null; }' is missing the following properties from type 'Form': fields, published_at
lib/supabase/queries/forms.ts(195,3): error TS2322: Type '{ created_at: string | null; form_id: string; id: string; ip_address: unknown; line_friend_id: string | null; responses: Json; submitted_at: string | null; user_agent: string | null; }[]' is not assignable to type 'FormResponse[]'.
  Type '{ created_at: string | null; form_id: string; id: string; ip_address: unknown; line_friend_id: string | null; responses: Json; submitted_at: string | null; user_agent: string | null; }' is missing the following properties from type 'FormResponse': response_data, metadata, started_at, completion_time_seconds
lib/supabase/queries/forms.ts(223,10): error TS2345: Argument of type '"get_response_trends"' is not assignable to parameter of type '"custom_access_token_hook"'.
lib/supabase/queries/forms.ts(229,3): error TS2322: Type 'string | number | true | { [key: string]: Json | undefined; } | Json[]' is not assignable to type 'ResponseTrend[]'.
  Type 'string' is not assignable to type 'ResponseTrend[]'.
lib/supabase/queries/forms.ts(244,10): error TS2345: Argument of type '"aggregate_field_responses"' is not assignable to parameter of type '"custom_access_token_hook"'.
lib/supabase/queries/forms.ts(252,3): error TS2322: Type 'string | number | true | { [key: string]: Json | undefined; } | Json[]' is not assignable to type 'Record<string, any>'.
  Type 'string' is not assignable to type 'Record<string, any>'.
lib/supabase/queries/forms.ts(266,11): error TS2769: No overload matches this call.
  Overload 1 of 2, '(relation: "line_friends" | "organizations" | "users" | "step_campaigns" | "forms" | "tags" | "line_channels" | "messages" | "reservation_types" | "schedules" | "schedule_slots" | ... 19 more ... | "webhook_logs"): PostgrestQueryBuilder<...>', gave the following error.
    Argument of type '"form_analytics"' is not assignable to parameter of type '"line_friends" | "organizations" | "users" | "step_campaigns" | "forms" | "tags" | "line_channels" | "messages" | "reservation_types" | "schedules" | "schedule_slots" | "rich_menus" | ... 18 more ... | "webhook_logs"'.
  Overload 2 of 2, '(relation: never): PostgrestQueryBuilder<{ PostgrestVersion: "13.0.5"; }, { Tables: { analytics_events: { Row: { created_at: string | null; event_data: Json; event_type: string; id: string; ip_address: unknown; ... 4 more ...; user_agent: string | null; }; Insert: { ...; }; Update: { ...; }; Relationships: [...]; }; ... 29 more ...; webhook_logs: { ...; }; }; Views: {}; Functions: { ...; }; Enums: {}; CompositeTypes: {}; }, never, never, never>', gave the following error.
    Argument of type '"form_analytics"' is not assignable to parameter of type 'never'.
lib/supabase/queries/forms.ts(274,3): error TS2322: Type '({ created_at: string | null; event_data: Json; event_type: string; id: string; ip_address: unknown; line_friend_id: string | null; organization_id: string; referrer: string | null; session_id: string | null; user_agent: string | null; } | ... 29 more ... | { ...; })[]' is not assignable to type 'FormAnalytics[]'.
  Type '{ created_at: string | null; event_data: Json; event_type: string; id: string; ip_address: unknown; line_friend_id: string | null; organization_id: string; referrer: string | null; session_id: string | null; user_agent: string | null; } | ... 29 more ... | { ...; }' is not assignable to type 'FormAnalytics'.
    Type '{ created_at: string | null; event_data: Json; event_type: string; id: string; ip_address: unknown; line_friend_id: string | null; organization_id: string; referrer: string | null; session_id: string | null; user_agent: string | null; }' is missing the following properties from type 'FormAnalytics': form_id, date, total_responses, completed_responses, and 5 more.
lib/supabase/queries/forms.ts(297,55): error TS2339: Property 'submitted_at' does not exist on type 'SelectQueryError<"column 'completion_time_seconds' does not exist on 'form_responses'.">'.
lib/supabase/queries/forms.ts(301,21): error TS2339: Property 'completion_time_seconds' does not exist on type 'SelectQueryError<"column 'completion_time_seconds' does not exist on 'form_responses'.">'.
lib/supabase/queries/forms.ts(302,17): error TS2339: Property 'completion_time_seconds' does not exist on type 'SelectQueryError<"column 'completion_time_seconds' does not exist on 'form_responses'.">'.
lib/supabase/queries/forms.ts(337,29): error TS2339: Property 'metadata' does not exist on type 'SelectQueryError<"column 'metadata' does not exist on 'form_responses'.">'.
lib/supabase/queries/forms.ts(364,27): error TS2339: Property 'response_data' does not exist on type 'SelectQueryError<"column 'response_data' does not exist on 'form_responses'.">'.
lib/supabase/queries/forms.ts(396,10): error TS2345: Argument of type '"calculate_form_statistics"' is not assignable to parameter of type '"custom_access_token_hook"'.
lib/supabase/queries/messages.ts(422,15): error TS2769: No overload matches this call.
  Overload 1 of 2, '(relation: "line_friends" | "organizations" | "users" | "step_campaigns" | "forms" | "tags" | "line_channels" | "messages" | "reservation_types" | "schedules" | "schedule_slots" | ... 19 more ... | "webhook_logs"): PostgrestQueryBuilder<...>', gave the following error.
    Argument of type '"friends"' is not assignable to parameter of type '"line_friends" | "organizations" | "users" | "step_campaigns" | "forms" | "tags" | "line_channels" | "messages" | "reservation_types" | "schedules" | "schedule_slots" | "rich_menus" | ... 18 more ... | "webhook_logs"'.
  Overload 2 of 2, '(relation: never): PostgrestQueryBuilder<{ PostgrestVersion: "13.0.5"; }, { Tables: { analytics_events: { Row: { created_at: string | null; event_data: Json; event_type: string; id: string; ip_address: unknown; ... 4 more ...; user_agent: string | null; }; Insert: { ...; }; Update: { ...; }; Relationships: [...]; }; ... 29 more ...; webhook_logs: { ...; }; }; Views: {}; Functions: { ...; }; Enums: {}; CompositeTypes: {}; }, never, never, never>', gave the following error.
    Argument of type '"friends"' is not assignable to parameter of type 'never'.
lib/supabase/queries/messages.ts(448,17): error TS2769: No overload matches this call.
  Overload 1 of 2, '(relation: "line_friends" | "organizations" | "users" | "step_campaigns" | "forms" | "tags" | "line_channels" | "messages" | "reservation_types" | "schedules" | "schedule_slots" | ... 19 more ... | "webhook_logs"): PostgrestQueryBuilder<...>', gave the following error.
    Argument of type '"friends"' is not assignable to parameter of type '"line_friends" | "organizations" | "users" | "step_campaigns" | "forms" | "tags" | "line_channels" | "messages" | "reservation_types" | "schedules" | "schedule_slots" | "rich_menus" | ... 18 more ... | "webhook_logs"'.
  Overload 2 of 2, '(relation: never): PostgrestQueryBuilder<{ PostgrestVersion: "13.0.5"; }, { Tables: { analytics_events: { Row: { created_at: string | null; event_data: Json; event_type: string; id: string; ip_address: unknown; ... 4 more ...; user_agent: string | null; }; Insert: { ...; }; Update: { ...; }; Relationships: [...]; }; ... 29 more ...; webhook_logs: { ...; }; }; Views: {}; Functions: { ...; }; Enums: {}; CompositeTypes: {}; }, never, never, never>', gave the following error.
    Argument of type '"friends"' is not assignable to parameter of type 'never'.
lib/supabase/queries/messages.ts(469,58): error TS2339: Property 'friend_id' does not exist on type 'SelectQueryError<"column 'friend_id' does not exist on 'friend_tags'.">'.
lib/supabase/queries/reservations.ts(6,29): error TS2344: Type '"available_slots"' does not satisfy the constraint '"line_friends" | "organizations" | "users" | "step_campaigns" | "forms" | "tags" | "line_channels" | "messages" | "reservation_types" | "schedules" | "schedule_slots" | "rich_menus" | ... 19 more ... | "webhook_logs"'.
lib/supabase/queries/reservations.ts(166,13): error TS2769: No overload matches this call.
  Overload 1 of 2, '(relation: "line_friends" | "organizations" | "users" | "step_campaigns" | "forms" | "tags" | "line_channels" | "messages" | "reservation_types" | "schedules" | "schedule_slots" | ... 19 more ... | "webhook_logs"): PostgrestQueryBuilder<...>', gave the following error.
    Argument of type '"available_slots"' is not assignable to parameter of type '"line_friends" | "organizations" | "users" | "step_campaigns" | "forms" | "tags" | "line_channels" | "messages" | "reservation_types" | "schedules" | "schedule_slots" | "rich_menus" | ... 18 more ... | "webhook_logs"'.
  Overload 2 of 2, '(relation: never): PostgrestQueryBuilder<{ PostgrestVersion: "13.0.5"; }, { Tables: { analytics_events: { Row: { created_at: string | null; event_data: Json; event_type: string; id: string; ip_address: unknown; ... 4 more ...; user_agent: string | null; }; Insert: { ...; }; Update: { ...; }; Relationships: [...]; }; ... 29 more ...; webhook_logs: { ...; }; }; Views: {}; Functions: { ...; }; Enums: {}; CompositeTypes: {}; }, never, never, never>', gave the following error.
    Argument of type '"available_slots"' is not assignable to parameter of type 'never'.
lib/supabase/queries/reservations.ts(218,8): error TS2769: No overload matches this call.
  Overload 1 of 2, '(values: { cancellation_reason?: string | null | undefined; cancelled_at?: string | null | undefined; confirmed_at?: string | null | undefined; created_at?: string | null | undefined; custom_data?: Json | undefined; ... 12 more ...; updated_at?: string | ... 1 more ... | undefined; }, options?: { ...; } | undefined): PostgrestFilterBuilder<...>', gave the following error.
    Object literal may only specify known properties, and 'slot_id' does not exist in type '{ cancellation_reason?: string | null | undefined; cancelled_at?: string | null | undefined; confirmed_at?: string | null | undefined; created_at?: string | null | undefined; custom_data?: Json | undefined; ... 12 more ...; updated_at?: string | ... 1 more ... | undefined; }'.
  Overload 2 of 2, '(values: { cancellation_reason?: string | null | undefined; cancelled_at?: string | null | undefined; confirmed_at?: string | null | undefined; created_at?: string | null | undefined; custom_data?: Json | undefined; ... 12 more ...; updated_at?: string | ... 1 more ... | undefined; }[], options?: { ...; } | undefined): PostgrestFilterBuilder<...>', gave the following error.
    Object literal may only specify known properties, and 'reservation_type_id' does not exist in type '{ cancellation_reason?: string | null | undefined; cancelled_at?: string | null | undefined; confirmed_at?: string | null | undefined; created_at?: string | null | undefined; custom_data?: Json | undefined; ... 12 more ...; updated_at?: string | ... 1 more ... | undefined; }[]'.
lib/supabase/queries/reservations.ts(245,15): error TS2339: Property 'completed_at' does not exist on type 'Partial<{ cancellation_reason: string | null; cancelled_at: string | null; confirmed_at: string | null; created_at: string | null; custom_data: Json; customer_email: string | null; ... 11 more ...; updated_at: string | null; }>'.
lib/supabase/queries/segments.ts(58,59): error TS2339: Property 'conditions' does not exist on type '{ created_at: string | null; description: string | null; estimated_count: number | null; id: string; name: string; organization_id: string; type: string; updated_at: string | null; }'.
lib/supabase/queries/segments.ts(159,15): error TS2769: No overload matches this call.
  Overload 1 of 2, '(relation: "line_friends" | "organizations" | "users" | "step_campaigns" | "forms" | "tags" | "line_channels" | "messages" | "reservation_types" | "schedules" | "schedule_slots" | ... 19 more ... | "webhook_logs"): PostgrestQueryBuilder<...>', gave the following error.
    Argument of type '"friends"' is not assignable to parameter of type '"line_friends" | "organizations" | "users" | "step_campaigns" | "forms" | "tags" | "line_channels" | "messages" | "reservation_types" | "schedules" | "schedule_slots" | "rich_menus" | ... 18 more ... | "webhook_logs"'.
  Overload 2 of 2, '(relation: never): PostgrestQueryBuilder<{ PostgrestVersion: "13.0.5"; }, { Tables: { analytics_events: { Row: { created_at: string | null; event_data: Json; event_type: string; id: string; ip_address: unknown; ... 4 more ...; user_agent: string | null; }; Insert: { ...; }; Update: { ...; }; Relationships: [...]; }; ... 29 more ...; webhook_logs: { ...; }; }; Views: {}; Functions: { ...; }; Enums: {}; CompositeTypes: {}; }, never, never, never>', gave the following error.
    Argument of type '"friends"' is not assignable to parameter of type 'never'.
lib/supabase/queries/segments.ts(222,34): error TS2339: Property 'conditions' does not exist on type '{ created_at: string | null; description: string | null; estimated_count: number | null; id: string; name: string; organization_id: string; type: string; updated_at: string | null; }'.
lib/supabase/queries/segments.ts(225,19): error TS2589: Type instantiation is excessively deep and possibly infinite.
lib/supabase/queries/segments.ts(226,15): error TS2769: No overload matches this call.
  Overload 1 of 2, '(relation: "line_friends" | "organizations" | "users" | "step_campaigns" | "forms" | "tags" | "line_channels" | "messages" | "reservation_types" | "schedules" | "schedule_slots" | ... 19 more ... | "webhook_logs"): PostgrestQueryBuilder<...>', gave the following error.
    Argument of type '"friends"' is not assignable to parameter of type '"line_friends" | "organizations" | "users" | "step_campaigns" | "forms" | "tags" | "line_channels" | "messages" | "reservation_types" | "schedules" | "schedule_slots" | "rich_menus" | ... 18 more ... | "webhook_logs"'.
  Overload 2 of 2, '(relation: never): PostgrestQueryBuilder<{ PostgrestVersion: "13.0.5"; }, { Tables: { analytics_events: { Row: { created_at: string | null; event_data: Json; event_type: string; id: string; ip_address: unknown; ... 4 more ...; user_agent: string | null; }; Insert: { ...; }; Update: { ...; }; Relationships: [...]; }; ... 29 more ...; webhook_logs: { ...; }; }; Views: {}; Functions: { ...; }; Enums: {}; CompositeTypes: {}; }, never, never, never>', gave the following error.
    Argument of type '"friends"' is not assignable to parameter of type 'never'.
lib/supabase/queries/tags.ts(67,68): error TS2339: Property 'user_id' does not exist on type '{ color?: string | null | undefined; created_at?: string | null | undefined; description?: string | null | undefined; id?: string | undefined; name: string; organization_id: string; updated_at?: string | ... 1 more ... | undefined; }'.
lib/supabase/queries/tags.ts(156,19): error TS2769: No overload matches this call.
  Overload 1 of 2, '(values: { created_at?: string | null | undefined; id?: string | undefined; line_friend_id: string; tag_id: string; }, options?: { count?: "exact" | "planned" | "estimated" | undefined; } | undefined): PostgrestFilterBuilder<...>', gave the following error.
    Object literal may only specify known properties, and 'friend_id' does not exist in type '{ created_at?: string | null | undefined; id?: string | undefined; line_friend_id: string; tag_id: string; }'.
  Overload 2 of 2, '(values: { created_at?: string | null | undefined; id?: string | undefined; line_friend_id: string; tag_id: string; }[], options?: { count?: "exact" | "planned" | "estimated" | undefined; defaultToNull?: boolean | undefined; } | undefined): PostgrestFilterBuilder<...>', gave the following error.
    Object literal may only specify known properties, and 'friend_id' does not exist in type '{ created_at?: string | null | undefined; id?: string | undefined; line_friend_id: string; tag_id: string; }[]'.
lib/supabase/queries/templates.ts(5,53): error TS2339: Property 'message_templates' does not exist on type '{ analytics_events: { Row: { created_at: string | null; event_data: Json; event_type: string; id: string; ip_address: unknown; line_friend_id: string | null; organization_id: string; referrer: string | null; session_id: string | null; user_agent: string | null; }; Insert: { ...; }; Update: { ...; }; Relationships: [...'.
lib/supabase/queries/templates.ts(6,43): error TS2344: Type '"message_templates"' does not satisfy the constraint '"line_friends" | "organizations" | "users" | "step_campaigns" | "forms" | "tags" | "line_channels" | "messages" | "reservation_types" | "schedules" | "schedule_slots" | "rich_menus" | ... 19 more ... | { ...; }'.
lib/supabase/queries/templates.ts(7,43): error TS2344: Type '"message_templates"' does not satisfy the constraint '"line_friends" | "organizations" | "users" | "step_campaigns" | "forms" | "tags" | "line_channels" | "messages" | "reservation_types" | "schedules" | "schedule_slots" | "rich_menus" | ... 19 more ... | { ...; }'.
lib/supabase/queries/templates.ts(26,15): error TS2769: No overload matches this call.
  Overload 1 of 2, '(relation: "line_friends" | "organizations" | "users" | "step_campaigns" | "forms" | "tags" | "line_channels" | "messages" | "reservation_types" | "schedules" | "schedule_slots" | ... 19 more ... | "webhook_logs"): PostgrestQueryBuilder<...>', gave the following error.
    Argument of type '"message_templates"' is not assignable to parameter of type '"line_friends" | "organizations" | "users" | "step_campaigns" | "forms" | "tags" | "line_channels" | "messages" | "reservation_types" | "schedules" | "schedule_slots" | "rich_menus" | ... 18 more ... | "webhook_logs"'.
  Overload 2 of 2, '(relation: never): PostgrestQueryBuilder<{ PostgrestVersion: "13.0.5"; }, { Tables: { analytics_events: { Row: { created_at: string | null; event_data: Json; event_type: string; id: string; ip_address: unknown; ... 4 more ...; user_agent: string | null; }; Insert: { ...; }; Update: { ...; }; Relationships: [...]; }; ... 29 more ...; webhook_logs: { ...; }; }; Views: {}; Functions: { ...; }; Enums: {}; CompositeTypes: {}; }, never, never, never>', gave the following error.
    Argument of type '"message_templates"' is not assignable to parameter of type 'never'.
lib/supabase/queries/templates.ts(69,15): error TS2769: No overload matches this call.
  Overload 1 of 2, '(relation: "line_friends" | "organizations" | "users" | "step_campaigns" | "forms" | "tags" | "line_channels" | "messages" | "reservation_types" | "schedules" | "schedule_slots" | ... 19 more ... | "webhook_logs"): PostgrestQueryBuilder<...>', gave the following error.
    Argument of type '"message_templates"' is not assignable to parameter of type '"line_friends" | "organizations" | "users" | "step_campaigns" | "forms" | "tags" | "line_channels" | "messages" | "reservation_types" | "schedules" | "schedule_slots" | "rich_menus" | ... 18 more ... | "webhook_logs"'.
  Overload 2 of 2, '(relation: never): PostgrestQueryBuilder<{ PostgrestVersion: "13.0.5"; }, { Tables: { analytics_events: { Row: { created_at: string | null; event_data: Json; event_type: string; id: string; ip_address: unknown; ... 4 more ...; user_agent: string | null; }; Insert: { ...; }; Update: { ...; }; Relationships: [...]; }; ... 29 more ...; webhook_logs: { ...; }; }; Views: {}; Functions: { ...; }; Enums: {}; CompositeTypes: {}; }, never, never, never>', gave the following error.
    Argument of type '"message_templates"' is not assignable to parameter of type 'never'.
lib/supabase/queries/templates.ts(89,15): error TS2769: No overload matches this call.
  Overload 1 of 2, '(relation: "line_friends" | "organizations" | "users" | "step_campaigns" | "forms" | "tags" | "line_channels" | "messages" | "reservation_types" | "schedules" | "schedule_slots" | ... 19 more ... | "webhook_logs"): PostgrestQueryBuilder<...>', gave the following error.
    Argument of type '"message_templates"' is not assignable to parameter of type '"line_friends" | "organizations" | "users" | "step_campaigns" | "forms" | "tags" | "line_channels" | "messages" | "reservation_types" | "schedules" | "schedule_slots" | "rich_menus" | ... 18 more ... | "webhook_logs"'.
  Overload 2 of 2, '(relation: never): PostgrestQueryBuilder<{ PostgrestVersion: "13.0.5"; }, { Tables: { analytics_events: { Row: { created_at: string | null; event_data: Json; event_type: string; id: string; ip_address: unknown; ... 4 more ...; user_agent: string | null; }; Insert: { ...; }; Update: { ...; }; Relationships: [...]; }; ... 29 more ...; webhook_logs: { ...; }; }; Views: {}; Functions: { ...; }; Enums: {}; CompositeTypes: {}; }, never, never, never>', gave the following error.
    Argument of type '"message_templates"' is not assignable to parameter of type 'never'.
lib/supabase/queries/templates.ts(110,15): error TS2769: No overload matches this call.
  Overload 1 of 2, '(relation: "line_friends" | "organizations" | "users" | "step_campaigns" | "forms" | "tags" | "line_channels" | "messages" | "reservation_types" | "schedules" | "schedule_slots" | ... 19 more ... | "webhook_logs"): PostgrestQueryBuilder<...>', gave the following error.
    Argument of type '"message_templates"' is not assignable to parameter of type '"line_friends" | "organizations" | "users" | "step_campaigns" | "forms" | "tags" | "line_channels" | "messages" | "reservation_types" | "schedules" | "schedule_slots" | "rich_menus" | ... 18 more ... | "webhook_logs"'.
  Overload 2 of 2, '(relation: never): PostgrestQueryBuilder<{ PostgrestVersion: "13.0.5"; }, { Tables: { analytics_events: { Row: { created_at: string | null; event_data: Json; event_type: string; id: string; ip_address: unknown; ... 4 more ...; user_agent: string | null; }; Insert: { ...; }; Update: { ...; }; Relationships: [...]; }; ... 29 more ...; webhook_logs: { ...; }; }; Views: {}; Functions: { ...; }; Enums: {}; CompositeTypes: {}; }, never, never, never>', gave the following error.
    Argument of type '"message_templates"' is not assignable to parameter of type 'never'.
lib/supabase/queries/templates.ts(111,19): error TS2698: Spread types may only be created from object types.
lib/supabase/queries/templates.ts(132,15): error TS2769: No overload matches this call.
  Overload 1 of 2, '(relation: "line_friends" | "organizations" | "users" | "step_campaigns" | "forms" | "tags" | "line_channels" | "messages" | "reservation_types" | "schedules" | "schedule_slots" | ... 19 more ... | "webhook_logs"): PostgrestQueryBuilder<...>', gave the following error.
    Argument of type '"message_templates"' is not assignable to parameter of type '"line_friends" | "organizations" | "users" | "step_campaigns" | "forms" | "tags" | "line_channels" | "messages" | "reservation_types" | "schedules" | "schedule_slots" | "rich_menus" | ... 18 more ... | "webhook_logs"'.
  Overload 2 of 2, '(relation: never): PostgrestQueryBuilder<{ PostgrestVersion: "13.0.5"; }, { Tables: { analytics_events: { Row: { created_at: string | null; event_data: Json; event_type: string; id: string; ip_address: unknown; ... 4 more ...; user_agent: string | null; }; Insert: { ...; }; Update: { ...; }; Relationships: [...]; }; ... 29 more ...; webhook_logs: { ...; }; }; Views: {}; Functions: { ...; }; Enums: {}; CompositeTypes: {}; }, never, never, never>', gave the following error.
    Argument of type '"message_templates"' is not assignable to parameter of type 'never'.
lib/supabase/queries/templates.ts(148,15): error TS2769: No overload matches this call.
  Overload 1 of 2, '(relation: "line_friends" | "organizations" | "users" | "step_campaigns" | "forms" | "tags" | "line_channels" | "messages" | "reservation_types" | "schedules" | "schedule_slots" | ... 19 more ... | "webhook_logs"): PostgrestQueryBuilder<...>', gave the following error.
    Argument of type '"message_templates"' is not assignable to parameter of type '"line_friends" | "organizations" | "users" | "step_campaigns" | "forms" | "tags" | "line_channels" | "messages" | "reservation_types" | "schedules" | "schedule_slots" | "rich_menus" | ... 18 more ... | "webhook_logs"'.
  Overload 2 of 2, '(relation: never): PostgrestQueryBuilder<{ PostgrestVersion: "13.0.5"; }, { Tables: { analytics_events: { Row: { created_at: string | null; event_data: Json; event_type: string; id: string; ip_address: unknown; ... 4 more ...; user_agent: string | null; }; Insert: { ...; }; Update: { ...; }; Relationships: [...]; }; ... 29 more ...; webhook_logs: { ...; }; }; Views: {}; Functions: { ...; }; Enums: {}; CompositeTypes: {}; }, never, never, never>', gave the following error.
    Argument of type '"message_templates"' is not assignable to parameter of type 'never'.
lib/supabase/queries/templates.ts(156,42): error TS2339: Property 'category' does not exist on type 'SelectQueryError<"column 'category' does not exist on 'line_friends'."> | SelectQueryError<"column 'category' does not exist on 'organizations'."> | ... 28 more ... | SelectQueryError<...>'.
  Property 'category' does not exist on type 'SelectQueryError<"column 'category' does not exist on 'line_friends'.">'.
lib/supabase/queries/templates.ts(168,15): error TS2769: No overload matches this call.
  Overload 1 of 2, '(relation: "line_friends" | "organizations" | "users" | "step_campaigns" | "forms" | "tags" | "line_channels" | "messages" | "reservation_types" | "schedules" | "schedule_slots" | ... 19 more ... | "webhook_logs"): PostgrestQueryBuilder<...>', gave the following error.
    Argument of type '"message_templates"' is not assignable to parameter of type '"line_friends" | "organizations" | "users" | "step_campaigns" | "forms" | "tags" | "line_channels" | "messages" | "reservation_types" | "schedules" | "schedule_slots" | "rich_menus" | ... 18 more ... | "webhook_logs"'.
  Overload 2 of 2, '(relation: never): PostgrestQueryBuilder<{ PostgrestVersion: "13.0.5"; }, { Tables: { analytics_events: { Row: { created_at: string | null; event_data: Json; event_type: string; id: string; ip_address: unknown; ... 4 more ...; user_agent: string | null; }; Insert: { ...; }; Update: { ...; }; Relationships: [...]; }; ... 29 more ...; webhook_logs: { ...; }; }; Views: {}; Functions: { ...; }; Enums: {}; CompositeTypes: {}; }, never, never, never>', gave the following error.
    Argument of type '"message_templates"' is not assignable to parameter of type 'never'.
lib/utils/organization.ts(68,11): error TS2769: No overload matches this call.
  Overload 1 of 2, '(relation: "line_friends" | "organizations" | "users" | "step_campaigns" | "forms" | "tags" | "line_channels" | "messages" | "reservation_types" | "schedules" | "schedule_slots" | ... 19 more ... | "webhook_logs"): PostgrestQueryBuilder<...>', gave the following error.
    Argument of type '"user_profiles"' is not assignable to parameter of type '"line_friends" | "organizations" | "users" | "step_campaigns" | "forms" | "tags" | "line_channels" | "messages" | "reservation_types" | "schedules" | "schedule_slots" | "rich_menus" | ... 18 more ... | "webhook_logs"'.
  Overload 2 of 2, '(relation: never): PostgrestQueryBuilder<{ PostgrestVersion: "13.0.5"; }, { Tables: { analytics_events: { Row: { created_at: string | null; event_data: Json; event_type: string; id: string; ip_address: unknown; ... 4 more ...; user_agent: string | null; }; Insert: { ...; }; Update: { ...; }; Relationships: [...]; }; ... 29 more ...; webhook_logs: { ...; }; }; Views: {}; Functions: { ...; }; Enums: {}; CompositeTypes: {}; }, never, never, never>', gave the following error.
    Argument of type '"user_profiles"' is not assignable to parameter of type 'never'.
lib/utils/organization.ts(81,34): error TS2339: Property 'company_id' does not exist on type 'SelectQueryError<"column 'company_id' does not exist on 'line_friends'."> | SelectQueryError<"column 'company_id' does not exist on 'organizations'."> | ... 28 more ... | SelectQueryError<...>'.
  Property 'company_id' does not exist on type 'SelectQueryError<"column 'company_id' does not exist on 'line_friends'.">'.
lib/utils/organization.ts(83,35): error TS2339: Property 'company_id' does not exist on type 'SelectQueryError<"column 'company_id' does not exist on 'line_friends'."> | SelectQueryError<"column 'company_id' does not exist on 'organizations'."> | ... 28 more ... | SelectQueryError<...>'.
  Property 'company_id' does not exist on type 'SelectQueryError<"column 'company_id' does not exist on 'line_friends'.">'.
lib/utils/organization.ts(84,25): error TS2339: Property 'role' does not exist on type 'SelectQueryError<"column 'company_id' does not exist on 'line_friends'."> | SelectQueryError<"column 'company_id' does not exist on 'organizations'."> | ... 28 more ... | SelectQueryError<...>'.
  Property 'role' does not exist on type 'SelectQueryError<"column 'company_id' does not exist on 'line_friends'.">'.
lib/utils/organization.ts(85,33): error TS2339: Property 'company' does not exist on type 'SelectQueryError<"column 'company_id' does not exist on 'line_friends'."> | SelectQueryError<"column 'company_id' does not exist on 'organizations'."> | ... 28 more ... | SelectQueryError<...>'.
  Property 'company' does not exist on type 'SelectQueryError<"column 'company_id' does not exist on 'line_friends'.">'.
supabase/functions/aggregate-analytics/index.ts(14,23): error TS2307: Cannot find module 'https://deno.land/std@0.168.0/http/server.ts' or its corresponding type declarations.
supabase/functions/aggregate-analytics/index.ts(15,30): error TS2307: Cannot find module 'https://esm.sh/@supabase/supabase-js@2' or its corresponding type declarations.
supabase/functions/aggregate-analytics/index.ts(43,14): error TS7006: Parameter 'req' implicitly has an 'any' type.
supabase/functions/aggregate-analytics/index.ts(49,7): error TS2304: Cannot find name 'Deno'.
supabase/functions/aggregate-analytics/index.ts(50,7): error TS2304: Cannot find name 'Deno'.
supabase/functions/aggregate-analytics/index.ts(113,55): error TS7006: Parameter 'e' implicitly has an 'any' type.
supabase/functions/aggregate-analytics/index.ts(114,60): error TS7006: Parameter 'e' implicitly has an 'any' type.
supabase/functions/aggregate-analytics/index.ts(115,55): error TS7006: Parameter 'e' implicitly has an 'any' type.
supabase/functions/aggregate-analytics/index.ts(116,57): error TS7006: Parameter 'e' implicitly has an 'any' type.
supabase/functions/aggregate-analytics/index.ts(134,54): error TS7006: Parameter 'e' implicitly has an 'any' type.
supabase/functions/aggregate-analytics/index.ts(135,56): error TS7006: Parameter 'e' implicitly has an 'any' type.
supabase/functions/aggregate-analytics/index.ts(165,66): error TS7006: Parameter 'e' implicitly has an 'any' type.
supabase/functions/aggregate-analytics/index.ts(166,68): error TS7006: Parameter 'e' implicitly has an 'any' type.
supabase/functions/aggregate-analytics/index.ts(167,68): error TS7006: Parameter 'e' implicitly has an 'any' type.
supabase/functions/aggregate-analytics/index.ts(168,68): error TS7006: Parameter 'e' implicitly has an 'any' type.
supabase/functions/aggregate-analytics/index.ts(169,66): error TS7006: Parameter 'e' implicitly has an 'any' type.
supabase/functions/aggregate-analytics/index.ts(182,51): error TS7006: Parameter 'e' implicitly has an 'any' type.
supabase/functions/aggregate-analytics/index.ts(183,54): error TS7006: Parameter 'e' implicitly has an 'any' type.
supabase/functions/aggregate-analytics/index.ts(184,54): error TS7006: Parameter 'e' implicitly has an 'any' type.
supabase/functions/aggregate-analytics/index.ts(201,72): error TS7006: Parameter 'e' implicitly has an 'any' type.
supabase/functions/cleanup-expired-invitations/index.ts(1,23): error TS2307: Cannot find module 'https://deno.land/std@0.168.0/http/server.ts' or its corresponding type declarations.
supabase/functions/cleanup-expired-invitations/index.ts(2,30): error TS2307: Cannot find module 'https://esm.sh/@supabase/supabase-js@2' or its corresponding type declarations.
supabase/functions/cleanup-expired-invitations/index.ts(4,21): error TS2304: Cannot find name 'Deno'.
supabase/functions/cleanup-expired-invitations/index.ts(5,28): error TS2304: Cannot find name 'Deno'.
supabase/functions/cleanup-expired-invitations/index.ts(14,14): error TS7006: Parameter 'req' implicitly has an 'any' type.
supabase/functions/deploy-rich-menu/index.ts(1,30): error TS2307: Cannot find module 'jsr:@supabase/supabase-js@2' or its corresponding type declarations.
supabase/functions/deploy-rich-menu/index.ts(119,1): error TS2304: Cannot find name 'Deno'.
supabase/functions/deploy-rich-menu/index.ts(119,19): error TS7006: Parameter 'req' implicitly has an 'any' type.
supabase/functions/deploy-rich-menu/index.ts(126,7): error TS2304: Cannot find name 'Deno'.
supabase/functions/deploy-rich-menu/index.ts(127,7): error TS2304: Cannot find name 'Deno'.
supabase/functions/deploy-rich-menu/index.ts(185,29): error TS2304: Cannot find name 'Deno'.
supabase/functions/process-ai-response/index.ts(17,23): error TS2307: Cannot find module 'https://deno.land/std@0.168.0/http/server.ts' or its corresponding type declarations.
supabase/functions/process-ai-response/index.ts(18,30): error TS2307: Cannot find module 'https://esm.sh/@supabase/supabase-js@2' or its corresponding type declarations.
supabase/functions/process-ai-response/index.ts(54,14): error TS7006: Parameter 'req' implicitly has an 'any' type.
supabase/functions/process-ai-response/index.ts(84,7): error TS2304: Cannot find name 'Deno'.
supabase/functions/process-ai-response/index.ts(85,7): error TS2304: Cannot find name 'Deno'.
supabase/functions/process-ai-response/index.ts(214,7): error TS2345: Argument of type 'ConversationMessage[] | undefined' is not assignable to parameter of type 'ConversationMessage[]'.
  Type 'undefined' is not assignable to type 'ConversationMessage[]'.
supabase/functions/process-auto-response/index.ts(7,23): error TS2307: Cannot find module 'https://deno.land/std@0.168.0/http/server.ts' or its corresponding type declarations.
supabase/functions/process-auto-response/index.ts(8,30): error TS2307: Cannot find module 'https://esm.sh/@supabase/supabase-js@2' or its corresponding type declarations.
supabase/functions/process-auto-response/index.ts(233,14): error TS7006: Parameter 'req' implicitly has an 'any' type.
supabase/functions/process-auto-response/index.ts(255,7): error TS2304: Cannot find name 'Deno'.
supabase/functions/process-auto-response/index.ts(256,7): error TS2304: Cannot find name 'Deno'.
supabase/functions/process-auto-response/index.ts(260,25): error TS2304: Cannot find name 'Deno'.
supabase/functions/process-line-webhook/index.ts(6,23): error TS2307: Cannot find module 'https://deno.land/std@0.168.0/http/server.ts' or its corresponding type declarations.
supabase/functions/process-line-webhook/index.ts(7,30): error TS2307: Cannot find module 'https://esm.sh/@supabase/supabase-js@2' or its corresponding type declarations.
supabase/functions/process-line-webhook/index.ts(8,24): error TS2307: Cannot find module 'https://deno.land/std@0.168.0/crypto/mod.ts' or its corresponding type declarations.
supabase/functions/process-line-webhook/index.ts(49,20): error TS7006: Parameter 'key' implicitly has an 'any' type.
supabase/functions/process-line-webhook/index.ts(51,10): error TS7006: Parameter 'hash' implicitly has an 'any' type.
supabase/functions/process-line-webhook/index.ts(141,25): error TS2304: Cannot find name 'Deno'.
supabase/functions/process-line-webhook/index.ts(142,29): error TS2304: Cannot find name 'Deno'.
supabase/functions/process-line-webhook/index.ts(253,14): error TS7006: Parameter 'req' implicitly has an 'any' type.
supabase/functions/process-line-webhook/index.ts(267,27): error TS2304: Cannot find name 'Deno'.
supabase/functions/process-line-webhook/index.ts(286,7): error TS2304: Cannot find name 'Deno'.
supabase/functions/process-line-webhook/index.ts(287,7): error TS2304: Cannot find name 'Deno'.
supabase/functions/process-scheduled-messages/index.ts(7,23): error TS2307: Cannot find module 'https://deno.land/std@0.168.0/http/server.ts' or its corresponding type declarations.
supabase/functions/process-scheduled-messages/index.ts(8,30): error TS2307: Cannot find module 'https://esm.sh/@supabase/supabase-js@2' or its corresponding type declarations.
supabase/functions/process-scheduled-messages/index.ts(10,14): error TS7006: Parameter 'req' implicitly has an 'any' type.
supabase/functions/process-scheduled-messages/index.ts(14,7): error TS2304: Cannot find name 'Deno'.
supabase/functions/process-scheduled-messages/index.ts(15,7): error TS2304: Cannot find name 'Deno'.
supabase/functions/process-scheduled-messages/index.ts(48,25): error TS2304: Cannot find name 'Deno'.
supabase/functions/process-scheduled-messages/index.ts(49,32): error TS2304: Cannot find name 'Deno'.
supabase/functions/process-step-campaigns/index.ts(1,23): error TS2307: Cannot find module 'https://deno.land/std@0.168.0/http/server.ts' or its corresponding type declarations.
supabase/functions/process-step-campaigns/index.ts(2,30): error TS2307: Cannot find module 'https://esm.sh/@supabase/supabase-js@2' or its corresponding type declarations.
supabase/functions/process-step-campaigns/index.ts(37,14): error TS7006: Parameter 'req' implicitly has an 'any' type.
supabase/functions/process-step-campaigns/index.ts(39,5): error TS2304: Cannot find name 'Deno'.
supabase/functions/process-step-campaigns/index.ts(40,5): error TS2304: Cannot find name 'Deno'.
supabase/functions/process-stripe-webhook/index.ts(1,23): error TS2307: Cannot find module 'https://deno.land/std@0.168.0/http/server.ts' or its corresponding type declarations.
supabase/functions/process-stripe-webhook/index.ts(2,30): error TS2307: Cannot find module 'https://esm.sh/@supabase/supabase-js@2' or its corresponding type declarations.
supabase/functions/process-stripe-webhook/index.ts(3,20): error TS2307: Cannot find module 'https://esm.sh/stripe@14' or its corresponding type declarations.
supabase/functions/process-stripe-webhook/index.ts(5,27): error TS2304: Cannot find name 'Deno'.
supabase/functions/process-stripe-webhook/index.ts(10,21): error TS2304: Cannot find name 'Deno'.
supabase/functions/process-stripe-webhook/index.ts(11,28): error TS2304: Cannot find name 'Deno'.
supabase/functions/process-stripe-webhook/index.ts(12,23): error TS2304: Cannot find name 'Deno'.
supabase/functions/process-stripe-webhook/index.ts(37,14): error TS7006: Parameter 'req' implicitly has an 'any' type.
supabase/functions/process-url-click/index.ts(17,23): error TS2307: Cannot find module 'https://deno.land/std@0.168.0/http/server.ts' or its corresponding type declarations.
supabase/functions/process-url-click/index.ts(18,30): error TS2307: Cannot find module 'https://esm.sh/@supabase/supabase-js@2' or its corresponding type declarations.
supabase/functions/process-url-click/index.ts(105,14): error TS7006: Parameter 'req' implicitly has an 'any' type.
supabase/functions/process-url-click/index.ts(136,7): error TS2304: Cannot find name 'Deno'.
supabase/functions/process-url-click/index.ts(137,7): error TS2304: Cannot find name 'Deno'.
supabase/functions/reset-daily-usage/index.ts(1,23): error TS2307: Cannot find module 'https://deno.land/std@0.168.0/http/server.ts' or its corresponding type declarations.
supabase/functions/reset-daily-usage/index.ts(2,30): error TS2307: Cannot find module 'https://esm.sh/@supabase/supabase-js@2' or its corresponding type declarations.
supabase/functions/reset-daily-usage/index.ts(4,21): error TS2304: Cannot find name 'Deno'.
supabase/functions/reset-daily-usage/index.ts(5,28): error TS2304: Cannot find name 'Deno'.
supabase/functions/reset-daily-usage/index.ts(20,14): error TS7006: Parameter 'req' implicitly has an 'any' type.
supabase/functions/send-line-message/index.ts(7,23): error TS2307: Cannot find module 'https://deno.land/std@0.168.0/http/server.ts' or its corresponding type declarations.
supabase/functions/send-line-message/index.ts(8,30): error TS2307: Cannot find module 'https://esm.sh/@supabase/supabase-js@2' or its corresponding type declarations.
supabase/functions/send-line-message/index.ts(19,14): error TS7006: Parameter 'req' implicitly has an 'any' type.
supabase/functions/send-line-message/index.ts(33,7): error TS2304: Cannot find name 'Deno'.
supabase/functions/send-line-message/index.ts(34,7): error TS2304: Cannot find name 'Deno'.
supabase/functions/send-line-message/index.ts(61,25): error TS2304: Cannot find name 'Deno'.
supabase/functions/send-reservation-reminders/index.ts(14,23): error TS2307: Cannot find module 'https://deno.land/std@0.168.0/http/server.ts' or its corresponding type declarations.
supabase/functions/send-reservation-reminders/index.ts(15,30): error TS2307: Cannot find module 'https://esm.sh/@supabase/supabase-js@2' or its corresponding type declarations.
supabase/functions/send-reservation-reminders/index.ts(43,14): error TS7006: Parameter 'req' implicitly has an 'any' type.
supabase/functions/send-reservation-reminders/index.ts(49,7): error TS2304: Cannot find name 'Deno'.
supabase/functions/send-reservation-reminders/index.ts(50,7): error TS2304: Cannot find name 'Deno'.
supabase/functions/send-reservation-reminders/index.ts(54,25): error TS2304: Cannot find name 'Deno'.
supabase/functions/send-reservation-reminders/index.ts(184,30): error TS2304: Cannot find name 'Deno'.
supabase/functions/timeout-inactive-conversations/index.ts(7,23): error TS2307: Cannot find module 'https://deno.land/std@0.168.0/http/server.ts' or its corresponding type declarations.
supabase/functions/timeout-inactive-conversations/index.ts(8,30): error TS2307: Cannot find module 'https://esm.sh/@supabase/supabase-js@2' or its corresponding type declarations.
supabase/functions/timeout-inactive-conversations/index.ts(10,14): error TS7006: Parameter 'req' implicitly has an 'any' type.
supabase/functions/timeout-inactive-conversations/index.ts(14,24): error TS2304: Cannot find name 'Deno'.
supabase/functions/timeout-inactive-conversations/index.ts(22,7): error TS2304: Cannot find name 'Deno'.
supabase/functions/timeout-inactive-conversations/index.ts(23,7): error TS2304: Cannot find name 'Deno'.
