app/dashboard/settings/organization/client.tsx(67,9): error TS2353: Object literal may only specify known properties, and 'title' does not exist in type 'ReactElement<unknown, string | JSXElementConstructor<any>> | Iterable<ReactNode> | ReactPortal | Promise<...> | (() => ReactNode)'.
app/dashboard/settings/organization/client.tsx(74,9): error TS2353: Object literal may only specify known properties, and 'title' does not exist in type 'ReactElement<unknown, string | JSXElementConstructor<any>> | Iterable<ReactNode> | ReactPortal | Promise<...> | (() => ReactNode)'.
app/dashboard/settings/organization/client.tsx(98,9): error TS2353: Object literal may only specify known properties, and 'title' does not exist in type 'ReactElement<unknown, string | JSXElementConstructor<any>> | Iterable<ReactNode> | ReactPortal | Promise<...> | (() => ReactNode)'.
app/dashboard/settings/organization/client.tsx(105,9): error TS2353: Object literal may only specify known properties, and 'title' does not exist in type 'ReactElement<unknown, string | JSXElementConstructor<any>> | Iterable<ReactNode> | ReactPortal | Promise<...> | (() => ReactNode)'.
app/dashboard/settings/organization/client.tsx(129,9): error TS2353: Object literal may only specify known properties, and 'title' does not exist in type 'ReactElement<unknown, string | JSXElementConstructor<any>> | Iterable<ReactNode> | ReactPortal | Promise<...> | (() => ReactNode)'.
app/dashboard/settings/organization/client.tsx(136,9): error TS2353: Object literal may only specify known properties, and 'title' does not exist in type 'ReactElement<unknown, string | JSXElementConstructor<any>> | Iterable<ReactNode> | ReactPortal | Promise<...> | (() => ReactNode)'.
app/dashboard/settings/organization/client.tsx(154,9): error TS2353: Object literal may only specify known properties, and 'title' does not exist in type 'ReactElement<unknown, string | JSXElementConstructor<any>> | Iterable<ReactNode> | ReactPortal | Promise<...> | (() => ReactNode)'.
app/dashboard/settings/organization/client.tsx(159,9): error TS2353: Object literal may only specify known properties, and 'title' does not exist in type 'ReactElement<unknown, string | JSXElementConstructor<any>> | Iterable<ReactNode> | ReactPortal | Promise<...> | (() => ReactNode)'.
app/dashboard/settings/organization/client.tsx(177,9): error TS2353: Object literal may only specify known properties, and 'title' does not exist in type 'ReactElement<unknown, string | JSXElementConstructor<any>> | Iterable<ReactNode> | ReactPortal | Promise<...> | (() => ReactNode)'.
app/dashboard/settings/organization/client.tsx(184,9): error TS2353: Object literal may only specify known properties, and 'title' does not exist in type 'ReactElement<unknown, string | JSXElementConstructor<any>> | Iterable<ReactNode> | ReactPortal | Promise<...> | (() => ReactNode)'.
app/dashboard/settings/organization/client.tsx(204,9): error TS2353: Object literal may only specify known properties, and 'title' does not exist in type 'ReactElement<unknown, string | JSXElementConstructor<any>> | Iterable<ReactNode> | ReactPortal | Promise<...> | (() => ReactNode)'.
app/dashboard/settings/organization/client.tsx(211,9): error TS2353: Object literal may only specify known properties, and 'title' does not exist in type 'ReactElement<unknown, string | JSXElementConstructor<any>> | Iterable<ReactNode> | ReactPortal | Promise<...> | (() => ReactNode)'.
app/dashboard/settings/organization/client.tsx(229,9): error TS2353: Object literal may only specify known properties, and 'title' does not exist in type 'ReactElement<unknown, string | JSXElementConstructor<any>> | Iterable<ReactNode> | ReactPortal | Promise<...> | (() => ReactNode)'.
app/dashboard/settings/organization/client.tsx(236,9): error TS2353: Object literal may only specify known properties, and 'title' does not exist in type 'ReactElement<unknown, string | JSXElementConstructor<any>> | Iterable<ReactNode> | ReactPortal | Promise<...> | (() => ReactNode)'.
app/dashboard/settings/organization/page.tsx(73,11): error TS2769: No overload matches this call.
  Overload 1 of 2, '(relation: "line_friends" | "organizations" | "users" | "step_campaigns" | "forms" | "tags" | "line_channels" | "messages" | "reservation_types" | "schedules" | "schedule_slots" | ... 19 more ... | "webhook_logs"): PostgrestQueryBuilder<...>', gave the following error.
    Argument of type '"invitations"' is not assignable to parameter of type '"line_friends" | "organizations" | "users" | "step_campaigns" | "forms" | "tags" | "line_channels" | "messages" | "reservation_types" | "schedules" | "schedule_slots" | "rich_menus" | ... 18 more ... | "webhook_logs"'.
  Overload 2 of 2, '(relation: never): PostgrestQueryBuilder<{ PostgrestVersion: "13.0.5"; }, { Tables: { analytics_events: { Row: { created_at: string | null; event_data: Json; event_type: string; id: string; ip_address: unknown; ... 4 more ...; user_agent: string | null; }; Insert: { ...; }; Update: { ...; }; Relationships: [...]; }; ... 29 more ...; webhook_logs: { ...; }; }; Views: {}; Functions: { ...; }; Enums: {}; CompositeTypes: {}; }, never, never, never>', gave the following error.
    Argument of type '"invitations"' is not assignable to parameter of type 'never'.
app/dashboard/settings/profile/page.tsx(69,37): error TS2339: Property 'full_name' does not exist on type '{ avatar_url: string | null; created_at: string | null; display_name: string | null; email: string; id: string; last_login_at: string | null; organization_id: string; preferences: Json; role: string; status: string; updated_at: string | null; }'.
app/dashboard/settings/profile/page.tsx(71,40): error TS2339: Property 'phone_number' does not exist on type '{ avatar_url: string | null; created_at: string | null; display_name: string | null; email: string; id: string; last_login_at: string | null; organization_id: string; preferences: Json; role: string; status: string; updated_at: string | null; }'.
app/dashboard/settings/profile/page.tsx(72,36): error TS2339: Property 'timezone' does not exist on type '{ avatar_url: string | null; created_at: string | null; display_name: string | null; email: string; id: string; last_login_at: string | null; organization_id: string; preferences: Json; role: string; status: string; updated_at: string | null; }'.
app/dashboard/settings/profile/page.tsx(73,34): error TS2339: Property 'locale' does not exist on type '{ avatar_url: string | null; created_at: string | null; display_name: string | null; email: string; id: string; last_login_at: string | null; organization_id: string; preferences: Json; role: string; status: string; updated_at: string | null; }'.
app/dashboard/settings/profile/page.tsx(108,39): error TS2339: Property 'notification_settings' does not exist on type '{ avatar_url: string | null; created_at: string | null; display_name: string | null; email: string; id: string; last_login_at: string | null; organization_id: string; preferences: Json; role: string; status: string; updated_at: string | null; }'.
app/dashboard/settings/profile/page.tsx(126,33): error TS2339: Property 'two_factor_enabled' does not exist on type '{ avatar_url: string | null; created_at: string | null; display_name: string | null; email: string; id: string; last_login_at: string | null; organization_id: string; preferences: Json; role: string; status: string; updated_at: string | null; }'.
app/dashboard/settings/profile/page.tsx(145,35): error TS2551: Property 'last_login_ip' does not exist on type '{ avatar_url: string | null; created_at: string | null; display_name: string | null; email: string; id: string; last_login_at: string | null; organization_id: string; preferences: Json; role: string; status: string; updated_at: string | null; }'. Did you mean 'last_login_at'?
app/dashboard/settings/system/page.tsx(30,11): error TS2769: No overload matches this call.
  Overload 1 of 2, '(relation: "line_friends" | "organizations" | "users" | "step_campaigns" | "forms" | "tags" | "line_channels" | "messages" | "reservation_types" | "schedules" | "schedule_slots" | ... 19 more ... | "webhook_logs"): PostgrestQueryBuilder<...>', gave the following error.
    Argument of type '"api_keys"' is not assignable to parameter of type '"line_friends" | "organizations" | "users" | "step_campaigns" | "forms" | "tags" | "line_channels" | "messages" | "reservation_types" | "schedules" | "schedule_slots" | "rich_menus" | ... 18 more ... | "webhook_logs"'.
  Overload 2 of 2, '(relation: never): PostgrestQueryBuilder<{ PostgrestVersion: "13.0.5"; }, { Tables: { analytics_events: { Row: { created_at: string | null; event_data: Json; event_type: string; id: string; ip_address: unknown; ... 4 more ...; user_agent: string | null; }; Insert: { ...; }; Update: { ...; }; Relationships: [...]; }; ... 29 more ...; webhook_logs: { ...; }; }; Views: {}; Functions: { ...; }; Enums: {}; CompositeTypes: {}; }, never, never, never>', gave the following error.
    Argument of type '"api_keys"' is not assignable to parameter of type 'never'.
app/dashboard/settings/system/page.tsx(43,7): error TS2322: Type '({ created_at: string | null; description: string | null; id: string; is_active: boolean | null; match_type: string | null; name: string; organization_id: string; priority: number | null; ... 5 more ...; updated_at: string | null; } | ... 29 more ... | { ...; })[]' is not assignable to type 'APIKey[]'.
  Type '{ created_at: string | null; description: string | null; id: string; is_active: boolean | null; match_type: string | null; name: string; organization_id: string; priority: number | null; ... 5 more ...; updated_at: string | null; } | ... 29 more ... | { ...; }' is not assignable to type 'APIKey'.
    Type '{ created_at: string | null; description: string | null; id: string; is_active: boolean | null; match_type: string | null; name: string; organization_id: string; priority: number | null; ... 5 more ...; updated_at: string | null; }' is missing the following properties from type 'APIKey': key_prefix, key_hash, permissions, rate_limit, and 4 more.
components/analytics/ChartExamples.tsx(71,13): error TS2322: Type '{ date: string; new_friends: number; blocked: number; total: number; }[]' is not assignable to type 'ChartData[] | TimeSeriesData[]'.
  Type '{ date: string; new_friends: number; blocked: number; total: number; }[]' is not assignable to type 'ChartData[]'.
    Type '{ date: string; new_friends: number; blocked: number; total: number; }' is missing the following properties from type 'ChartData': name, value
components/analytics/ChartExamples.tsx(93,13): error TS2322: Type '{ date: string; new_friends: number; blocked: number; total: number; }[]' is not assignable to type 'ChartData[] | TimeSeriesData[]'.
  Type '{ date: string; new_friends: number; blocked: number; total: number; }[]' is not assignable to type 'ChartData[]'.
    Type '{ date: string; new_friends: number; blocked: number; total: number; }' is missing the following properties from type 'ChartData': name, value
components/analytics/ChartExamples.tsx(115,13): error TS2322: Type '{ month: string; messages: number; delivery_rate: number; engagement: number; }[]' is not assignable to type 'ChartData[] | TimeSeriesData[]'.
  Type '{ month: string; messages: number; delivery_rate: number; engagement: number; }[]' is not assignable to type 'ChartData[]'.
    Type '{ month: string; messages: number; delivery_rate: number; engagement: number; }' is missing the following properties from type 'ChartData': name, value
components/analytics/ChartExamples.tsx(192,13): error TS2322: Type '{ month: string; messages: number; delivery_rate: number; engagement: number; }[]' is not assignable to type 'ChartData[] | TimeSeriesData[]'.
  Type '{ month: string; messages: number; delivery_rate: number; engagement: number; }[]' is not assignable to type 'ChartData[]'.
    Type '{ month: string; messages: number; delivery_rate: number; engagement: number; }' is missing the following properties from type 'ChartData': name, value
components/analytics/charts/PieChartComponent.tsx(45,11): error TS2322: Type '({ name, percent }: { name: string; percent: number; }) => string' is not assignable to type 'PieLabel | undefined'.
  Type '({ name, percent }: { name: string; percent: number; }) => string' is not assignable to type '(props: PieLabelRenderProps) => ReactNode | ReactElement<SVGElement, string | JSXElementConstructor<any>>'.
    Types of parameters '__0' and 'props' are incompatible.
      Property 'percent' is missing in type 'PieLabelRenderProps' but required in type '{ name: string; percent: number; }'.
components/analytics/ChartTooltip.tsx(6,11): error TS2430: Interface 'CustomTooltipProps' incorrectly extends interface 'TooltipProps<number, string>'.
  Type 'CustomTooltipProps' is not assignable to type 'Omit<Props<number, string>, PropertiesReadFromContext>'.
    Types of property 'formatter' are incompatible.
      Type '"number" | "percentage" | "currency" | undefined' is not assignable to type 'Formatter<number, string> | undefined'.
        Type 'string' is not assignable to type 'Formatter<number, string>'.
components/analytics/ChartTooltip.tsx(11,40): error TS2339: Property 'payload' does not exist on type 'CustomTooltipProps'.
components/analytics/ChartTooltip.tsx(11,49): error TS2339: Property 'label' does not exist on type 'CustomTooltipProps'.
components/analytics/ChartTooltip.tsx(31,23): error TS7006: Parameter 'entry' implicitly has an 'any' type.
components/analytics/ChartTooltip.tsx(31,30): error TS7006: Parameter 'index' implicitly has an 'any' type.
components/analytics/CrossAnalysisBuilder.tsx(62,15): error TS2448: Block-scoped variable 'getAxisLabel' used before its declaration.
components/analytics/CrossAnalysisBuilder.tsx(62,15): error TS2454: Variable 'getAxisLabel' is used before being assigned.
components/analytics/CrossAnalysisBuilder.tsx(146,17): error TS2322: Type 'Dispatch<SetStateAction<"message_type" | "date" | "tag" | "device" | "segment">>' is not assignable to type '(value: string) => void'.
  Types of parameters 'value' and 'value' are incompatible.
    Type 'string' is not assignable to type 'SetStateAction<"message_type" | "date" | "tag" | "device" | "segment">'.
components/analytics/CrossAnalysisBuilder.tsx(147,17): error TS2322: Type 'Dispatch<SetStateAction<"messages" | "friends" | "delivery_rate" | "engagement" | "clicks">>' is not assignable to type '(value: string) => void'.
  Types of parameters 'value' and 'value' are incompatible.
    Type 'string' is not assignable to type 'SetStateAction<"messages" | "friends" | "delivery_rate" | "engagement" | "clicks">'.
components/analytics/DeviceBreakdown.tsx(73,33): error TS18046: 'percent' is of type 'unknown'.
components/analytics/DeviceChart.tsx(41,15): error TS2322: Type 'DeviceData[]' is not assignable to type 'ChartDataInput[]'.
  Type 'DeviceData' is not assignable to type 'ChartDataInput'.
    Index signature for type 'string' is missing in type 'DeviceData'.
components/analytics/DeviceChart.tsx(49,57): error TS18046: 'percent' is of type 'unknown'.
components/analytics/TagDistributionChart.tsx(44,15): error TS2322: Type 'TagDistributionData[]' is not assignable to type 'ChartDataInput[]'.
  Type 'TagDistributionData' is not assignable to type 'ChartDataInput'.
    Index signature for type 'string' is missing in type 'TagDistributionData'.
components/analytics/TagDistributionChart.tsx(48,58): error TS18046: 'percent' is of type 'unknown'.
components/auto-response/ActiveConversationsList.tsx(29,12): error TS7053: Element implicitly has an 'any' type because expression of type 'ConversationStatus' can't be used to index type '{ active: { label: string; variant: "default"; }; completed: { label: string; variant: "secondary"; }; expired: { label: string; variant: "destructive"; }; abandoned: { label: string; variant: "outline"; }; }'.
  Property 'timeout' does not exist on type '{ active: { label: string; variant: "default"; }; completed: { label: string; variant: "secondary"; }; expired: { label: string; variant: "destructive"; }; abandoned: { label: string; variant: "outline"; }; }'.
components/auto-response/ActiveConversationsList.tsx(38,12): error TS2678: Type '"expired"' is not comparable to type 'ConversationStatus'.
components/auto-response/ActiveConversationsList.tsx(40,12): error TS2678: Type '"abandoned"' is not comparable to type 'ConversationStatus'.
components/auto-response/ConversationTimeline.tsx(270,22): error TS2304: Cannot find name 'ClockIcon'.
components/auto-response/RuleCard.tsx(88,14): error TS2339: Property 'valid_until' does not exist on type 'AutoResponseRule'.
components/auto-response/RuleCard.tsx(88,43): error TS2339: Property 'valid_until' does not exist on type 'AutoResponseRule'.
components/auto-response/RuleCard.tsx(140,26): error TS2339: Property 'valid_until' does not exist on type 'AutoResponseRule'.
components/auto-response/RuleCard.tsx(140,55): error TS2339: Property 'valid_until' does not exist on type 'AutoResponseRule'.
components/auto-response/RuleCard.tsx(162,37): error TS2339: Property 'rule_type' does not exist on type 'AutoResponseRule'.
components/auto-response/RuleCard.tsx(172,65): error TS2339: Property 'rule_type' does not exist on type 'AutoResponseRule'.
components/auto-response/RuleCard.tsx(186,19): error TS2322: Type '(e: React.MouseEvent) => Promise<void>' is not assignable to type '(checked: boolean) => void'.
  Types of parameters 'e' and 'checked' are incompatible.
    Type 'boolean' is not assignable to type 'MouseEvent<Element, MouseEvent>'.
components/auto-response/RuleCard.tsx(221,21): error TS2339: Property 'valid_until' does not exist on type 'AutoResponseRule'.
components/auto-response/RuleCard.tsx(225,36): error TS2339: Property 'valid_until' does not exist on type 'AutoResponseRule'.
components/auto-response/RuleCard.tsx(226,66): error TS2339: Property 'valid_until' does not exist on type 'AutoResponseRule'.
components/forms/FieldAnalytics.tsx(71,60): error TS18046: 'percent' is of type 'unknown'.
components/forms/FormCard.tsx(106,30): error TS2339: Property 'response_rate' does not exist on type 'Form'.
components/forms/FormList.tsx(101,27): error TS2339: Property 'response_rate' does not exist on type 'Form'.
components/forms/PublicForm.tsx(24,26): error TS2339: Property 'questions' does not exist on type 'Form'.
components/forms/PublicForm.tsx(63,25): error TS2551: Property 'errors' does not exist on type '{ success: boolean; error: string; } | { success: boolean; error?: undefined; }'. Did you mean 'error'?
  Property 'errors' does not exist on type '{ success: boolean; error: string; }'.
components/forms/PublicForm.tsx(65,16): error TS2551: Property 'errors' does not exist on type '{ success: boolean; error: string; } | { success: boolean; error?: undefined; }'. Did you mean 'error'?
  Property 'errors' does not exist on type '{ success: boolean; error: string; }'.
components/forms/PublicForm.tsx(70,64): error TS2551: Property 'errors' does not exist on type '{ success: boolean; error: string; } | { success: boolean; error?: undefined; }'. Did you mean 'error'?
  Property 'errors' does not exist on type '{ success: boolean; error: string; }'.
components/forms/ResponseTable.tsx(110,48): error TS2339: Property 'answers' does not exist on type 'FormResponse'.
components/forms/WordCloud.tsx(5,19): error TS7016: Could not find a declaration file for module 'd3-cloud'. '/Users/kadotani/Documents/dev-projects/GitHub/lme-manual-scraper/node_modules/d3-cloud/build/d3.layout.cloud.js' implicitly has an 'any' type.
  Try `npm i --save-dev @types/d3-cloud` if it exists or add a new declaration (.d.ts) file containing `declare module 'd3-cloud';`
components/forms/WordCloud.tsx(62,17): error TS7006: Parameter 'd' implicitly has an 'any' type.
components/friends/SegmentDialog.tsx(31,30): error TS2339: Property 'conditions' does not exist on type 'SegmentWithCount'.
components/friends/SegmentList.tsx(135,29): error TS2339: Property 'conditions' does not exist on type 'SegmentWithCount'.
components/friends/SegmentList.tsx(141,39): error TS2769: No overload matches this call.
  Overload 1 of 4, '(value: string | number | Date): Date', gave the following error.
    Argument of type 'string | null' is not assignable to parameter of type 'string | number | Date'.
      Type 'null' is not assignable to type 'string | number | Date'.
  Overload 2 of 4, '(value: string | number): Date', gave the following error.
    Argument of type 'string | null' is not assignable to parameter of type 'string | number'.
      Type 'null' is not assignable to type 'string | number'.
components/messages/TargetSelector.tsx(49,11): error TS2554: Expected 1-2 arguments, but got 4.
components/settings/APIKeyDetailsDialog.tsx(35,9): error TS2353: Object literal may only specify known properties, and 'title' does not exist in type 'ReactElement<unknown, string | JSXElementConstructor<any>> | Iterable<ReactNode> | ReactPortal | Promise<...> | (() => ReactNode)'.
components/settings/APIKeyDetailsDialog.tsx(46,9): error TS2353: Object literal may only specify known properties, and 'title' does not exist in type 'ReactElement<unknown, string | JSXElementConstructor<any>> | Iterable<ReactNode> | ReactPortal | Promise<...> | (() => ReactNode)'.
components/settings/APIKeyDetailsDialog.tsx(51,9): error TS2353: Object literal may only specify known properties, and 'title' does not exist in type 'ReactElement<unknown, string | JSXElementConstructor<any>> | Iterable<ReactNode> | ReactPortal | Promise<...> | (() => ReactNode)'.
components/settings/APIKeysList.tsx(34,9): error TS2353: Object literal may only specify known properties, and 'title' does not exist in type 'ReactElement<unknown, string | JSXElementConstructor<any>> | Iterable<ReactNode> | ReactPortal | Promise<...> | (() => ReactNode)'.
components/settings/APIKeysList.tsx(38,9): error TS2353: Object literal may only specify known properties, and 'title' does not exist in type 'ReactElement<unknown, string | JSXElementConstructor<any>> | Iterable<ReactNode> | ReactPortal | Promise<...> | (() => ReactNode)'.
components/settings/APIKeysList.tsx(52,9): error TS2353: Object literal may only specify known properties, and 'title' does not exist in type 'ReactElement<unknown, string | JSXElementConstructor<any>> | Iterable<ReactNode> | ReactPortal | Promise<...> | (() => ReactNode)'.
components/settings/APIKeysList.tsx(56,9): error TS2353: Object literal may only specify known properties, and 'title' does not exist in type 'ReactElement<unknown, string | JSXElementConstructor<any>> | Iterable<ReactNode> | ReactPortal | Promise<...> | (() => ReactNode)'.
components/settings/CreateAPIKeyDialog.tsx(53,9): error TS2353: Object literal may only specify known properties, and 'title' does not exist in type 'ReactElement<unknown, string | JSXElementConstructor<any>> | Iterable<ReactNode> | ReactPortal | Promise<...> | (() => ReactNode)'.
components/settings/CreateAPIKeyDialog.tsx(61,9): error TS2353: Object literal may only specify known properties, and 'title' does not exist in type 'ReactElement<unknown, string | JSXElementConstructor<any>> | Iterable<ReactNode> | ReactPortal | Promise<...> | (() => ReactNode)'.
components/settings/CreateAPIKeyDialog.tsx(75,20): error TS2345: Argument of type 'APIKeyWithSecret' is not assignable to parameter of type 'APIKey & { full_key: string; }'.
  Property 'full_key' is missing in type 'APIKeyWithSecret' but required in type '{ full_key: string; }'.
components/settings/CreateAPIKeyDialog.tsx(84,9): error TS2353: Object literal may only specify known properties, and 'title' does not exist in type 'ReactElement<unknown, string | JSXElementConstructor<any>> | Iterable<ReactNode> | ReactPortal | Promise<...> | (() => ReactNode)'.
components/settings/CreateAPIKeyDialog.tsx(89,9): error TS2353: Object literal may only specify known properties, and 'title' does not exist in type 'ReactElement<unknown, string | JSXElementConstructor<any>> | Iterable<ReactNode> | ReactPortal | Promise<...> | (() => ReactNode)'.
components/settings/DataExportForm.tsx(47,9): error TS2353: Object literal may only specify known properties, and 'title' does not exist in type 'ReactElement<unknown, string | JSXElementConstructor<any>> | Iterable<ReactNode> | ReactPortal | Promise<...> | (() => ReactNode)'.
components/settings/DataExportForm.tsx(64,9): error TS2322: Type 'ExportFormat' is not assignable to type 'import("/Users/kadotani/Documents/dev-projects/GitHub/lme-manual-scraper/types/system").ExportFormat'.
  Type '"excel"' is not assignable to type 'ExportFormat'.
components/settings/DataExportForm.tsx(73,37): error TS2339: Property 'data' does not exist on type 'ExportResult'.
components/settings/DataExportForm.tsx(73,59): error TS2339: Property 'mimeType' does not exist on type 'ExportResult'.
components/settings/DataExportForm.tsx(77,27): error TS2551: Property 'filename' does not exist on type 'ExportResult'. Did you mean 'fileName'?
components/settings/DataExportForm.tsx(84,9): error TS2353: Object literal may only specify known properties, and 'title' does not exist in type 'ReactElement<unknown, string | JSXElementConstructor<any>> | Iterable<ReactNode> | ReactPortal | Promise<...> | (() => ReactNode)'.
components/settings/DataExportForm.tsx(85,32): error TS2551: Property 'filename' does not exist on type 'ExportResult'. Did you mean 'fileName'?
components/settings/DataExportForm.tsx(89,9): error TS2353: Object literal may only specify known properties, and 'title' does not exist in type 'ReactElement<unknown, string | JSXElementConstructor<any>> | Iterable<ReactNode> | ReactPortal | Promise<...> | (() => ReactNode)'.
components/settings/DataImportForm.tsx(37,9): error TS2353: Object literal may only specify known properties, and 'title' does not exist in type 'ReactElement<unknown, string | JSXElementConstructor<any>> | Iterable<ReactNode> | ReactPortal | Promise<...> | (() => ReactNode)'.
components/settings/DataImportForm.tsx(51,29): error TS2554: Expected 2 arguments, but got 1.
components/settings/DataImportForm.tsx(55,9): error TS2353: Object literal may only specify known properties, and 'title' does not exist in type 'ReactElement<unknown, string | JSXElementConstructor<any>> | Iterable<ReactNode> | ReactPortal | Promise<...> | (() => ReactNode)'.
components/settings/DataImportForm.tsx(98,28): error TS2554: Expected 2-3 arguments, but got 1.
components/settings/DataImportForm.tsx(104,9): error TS2353: Object literal may only specify known properties, and 'title' does not exist in type 'ReactElement<unknown, string | JSXElementConstructor<any>> | Iterable<ReactNode> | ReactPortal | Promise<...> | (() => ReactNode)'.
components/settings/DataImportForm.tsx(105,32): error TS2339: Property 'imported' does not exist on type 'ImportResult'.
components/settings/DataImportForm.tsx(105,72): error TS2339: Property 'skipped' does not exist on type 'ImportResult'.
components/settings/DataImportForm.tsx(116,9): error TS2353: Object literal may only specify known properties, and 'title' does not exist in type 'ReactElement<unknown, string | JSXElementConstructor<any>> | Iterable<ReactNode> | ReactPortal | Promise<...> | (() => ReactNode)'.
components/settings/NotificationSettings.tsx(40,17): error TS7053: Element implicitly has an 'any' type because expression of type 'string' can't be used to index type 'Record<string, boolean> | { message_sent: boolean; form_submitted: boolean; reservation_created: boolean; weekly_report: boolean; } | { message_failed: boolean; reservation_reminder: boolean; }'.
  No index signature with a parameter of type 'string' was found on type 'Record<string, boolean> | { message_sent: boolean; form_submitted: boolean; reservation_created: boolean; weekly_report: boolean; } | { message_failed: boolean; reservation_reminder: boolean; }'.
components/settings/NotificationSettings.tsx(49,55): error TS2345: Argument of type '{ email: Record<string, boolean>; push: Record<string, boolean>; } | { email: { message_sent: boolean; form_submitted: boolean; reservation_created: boolean; weekly_report: boolean; }; push: { ...; }; }' is not assignable to parameter of type 'NotificationSettings'.
  Type '{ email: Record<string, boolean>; push: Record<string, boolean>; }' is not assignable to type 'NotificationSettings'.
    Types of property 'email' are incompatible.
      Type 'Record<string, boolean>' is missing the following properties from type '{ message_sent: boolean; form_submitted: boolean; reservation_created: boolean; weekly_report: boolean; }': message_sent, form_submitted, reservation_created, weekly_report
lib/actions/messages.ts(9,11): error TS2769: No overload matches this call.
  Overload 1 of 2, '(values: readonly ["text", "image", "video", "flex", "carousel"], params?: string | { error?: string | $ZodErrorMap<$ZodIssueInvalidValue<unknown>> | undefined; message?: string | undefined; } | undefined): ZodEnum<...>', gave the following error.
    Object literal may only specify known properties, and 'required_error' does not exist in type '{ error?: string | $ZodErrorMap<$ZodIssueInvalidValue<unknown>> | undefined; message?: string | undefined; }'.
  Overload 2 of 2, '(entries: Readonly<Record<string, EnumValue>>, params?: string | { error?: string | $ZodErrorMap<$ZodIssueInvalidValue<unknown>> | undefined; message?: string | undefined; } | undefined): ZodEnum<...>', gave the following error.
    Argument of type 'string[]' is not assignable to parameter of type 'Readonly<Record<string, EnumValue>>'.
      Index signature for type 'string' is missing in type 'string[]'.
lib/actions/messages.ts(87,7): error TS2769: No overload matches this call.
  Overload 1 of 2, '(values: { click_count?: number | null | undefined; completed_at?: string | null | undefined; content: Json; created_at?: string | null | undefined; created_by?: string | null | undefined; ... 14 more ...; updated_at?: string | ... 1 more ... | undefined; }, options?: { ...; } | undefined): PostgrestFilterBuilder<...>', gave the following error.
    Object literal may only specify known properties, and 'user_id' does not exist in type '{ click_count?: number | null | undefined; completed_at?: string | null | undefined; content: Json; created_at?: string | null | undefined; created_by?: string | null | undefined; ... 14 more ...; updated_at?: string | ... 1 more ... | undefined; }'.
  Overload 2 of 2, '(values: { click_count?: number | null | undefined; completed_at?: string | null | undefined; content: Json; created_at?: string | null | undefined; created_by?: string | null | undefined; ... 14 more ...; updated_at?: string | ... 1 more ... | undefined; }[], options?: { ...; } | undefined): PostgrestFilterBuilder<...>', gave the following error.
    Object literal may only specify known properties, and 'user_id' does not exist in type '{ click_count?: number | null | undefined; completed_at?: string | null | undefined; content: Json; created_at?: string | null | undefined; created_by?: string | null | undefined; ... 14 more ...; updated_at?: string | ... 1 more ... | undefined; }[]'.
lib/actions/messages.ts(106,29): error TS2769: No overload matches this call.
  Overload 1 of 2, '(relation: "line_friends" | "organizations" | "users" | "step_campaigns" | "forms" | "tags" | "line_channels" | "messages" | "reservation_types" | "schedules" | "schedule_slots" | ... 19 more ... | "webhook_logs"): PostgrestQueryBuilder<...>', gave the following error.
    Argument of type '"message_segments"' is not assignable to parameter of type '"line_friends" | "organizations" | "users" | "step_campaigns" | "forms" | "tags" | "line_channels" | "messages" | "reservation_types" | "schedules" | "schedule_slots" | "rich_menus" | ... 18 more ... | "webhook_logs"'.
  Overload 2 of 2, '(relation: never): PostgrestQueryBuilder<{ PostgrestVersion: "13.0.5"; }, { Tables: { analytics_events: { Row: { created_at: string | null; event_data: Json; event_type: string; id: string; ip_address: unknown; ... 4 more ...; user_agent: string | null; }; Insert: { ...; }; Update: { ...; }; Relationships: [...]; }; ... 29 more ...; webhook_logs: { ...; }; }; Views: {}; Functions: { ...; }; Enums: {}; CompositeTypes: {}; }, never, never, never>', gave the following error.
    Argument of type '"message_segments"' is not assignable to parameter of type 'never'.
lib/actions/messages.ts(106,56): error TS2769: No overload matches this call.
  Overload 1 of 2, '(values: { created_at?: string | null | undefined; event_data?: Json | undefined; event_type: string; id?: string | undefined; ip_address?: unknown; line_friend_id?: string | null | undefined; organization_id: string; referrer?: string | ... 1 more ... | undefined; session_id?: string | ... 1 more ... | undefined; user_agent?: string | ... 1 more ... | undefined; } | ... 29 more ... | { ...; }, options?: { ...; } | undefined): PostgrestFilterBuilder<...>', gave the following error.
    Argument of type '{ message_id: string; segment_id: string; }[]' is not assignable to parameter of type '{ created_at?: string | null | undefined; event_data?: Json | undefined; event_type: string; id?: string | undefined; ip_address?: unknown; line_friend_id?: string | null | undefined; organization_id: string; referrer?: string | ... 1 more ... | undefined; session_id?: string | ... 1 more ... | undefined; user_agent...'.
  Overload 2 of 2, '(values: ({ created_at?: string | null | undefined; event_data?: Json | undefined; event_type: string; id?: string | undefined; ip_address?: unknown; line_friend_id?: string | null | undefined; organization_id: string; referrer?: string | ... 1 more ... | undefined; session_id?: string | ... 1 more ... | undefined; user_agent?: string | ... 1 more ... | undefined; } | ... 29 more ... | { ...; })[], options?: { ...; } | undefined): PostgrestFilterBuilder<...>', gave the following error.
    Argument of type '{ message_id: string; segment_id: string; }[]' is not assignable to parameter of type '({ created_at?: string | null | undefined; event_data?: Json | undefined; event_type: string; id?: string | undefined; ip_address?: unknown; line_friend_id?: string | null | undefined; organization_id: string; referrer?: string | ... 1 more ... | undefined; session_id?: string | ... 1 more ... | undefined; user_agen...'.
      Type '{ message_id: string; segment_id: string; }' is not assignable to type '{ created_at?: string | null | undefined; event_data?: Json | undefined; event_type: string; id?: string | undefined; ip_address?: unknown; line_friend_id?: string | null | undefined; organization_id: string; referrer?: string | ... 1 more ... | undefined; session_id?: string | ... 1 more ... | undefined; user_agent...'.
        Type '{ message_id: string; segment_id: string; }' is missing the following properties from type '{ click_count?: number | null | undefined; created_at?: string | null | undefined; expires_at?: string | null | undefined; id?: string | undefined; message_id?: string | null | undefined; ... 4 more ...; updated_at?: string | ... 1 more ... | undefined; }': organization_id, original_url, short_code
lib/actions/messages.ts(112,29): error TS2769: No overload matches this call.
  Overload 1 of 2, '(relation: "line_friends" | "organizations" | "users" | "step_campaigns" | "forms" | "tags" | "line_channels" | "messages" | "reservation_types" | "schedules" | "schedule_slots" | ... 19 more ... | "webhook_logs"): PostgrestQueryBuilder<...>', gave the following error.
    Argument of type '"message_tags"' is not assignable to parameter of type '"line_friends" | "organizations" | "users" | "step_campaigns" | "forms" | "tags" | "line_channels" | "messages" | "reservation_types" | "schedules" | "schedule_slots" | "rich_menus" | ... 18 more ... | "webhook_logs"'.
  Overload 2 of 2, '(relation: never): PostgrestQueryBuilder<{ PostgrestVersion: "13.0.5"; }, { Tables: { analytics_events: { Row: { created_at: string | null; event_data: Json; event_type: string; id: string; ip_address: unknown; ... 4 more ...; user_agent: string | null; }; Insert: { ...; }; Update: { ...; }; Relationships: [...]; }; ... 29 more ...; webhook_logs: { ...; }; }; Views: {}; Functions: { ...; }; Enums: {}; CompositeTypes: {}; }, never, never, never>', gave the following error.
    Argument of type '"message_tags"' is not assignable to parameter of type 'never'.
lib/actions/messages.ts(112,52): error TS2769: No overload matches this call.
  Overload 1 of 2, '(values: { created_at?: string | null | undefined; event_data?: Json | undefined; event_type: string; id?: string | undefined; ip_address?: unknown; line_friend_id?: string | null | undefined; organization_id: string; referrer?: string | ... 1 more ... | undefined; session_id?: string | ... 1 more ... | undefined; user_agent?: string | ... 1 more ... | undefined; } | ... 29 more ... | { ...; }, options?: { ...; } | undefined): PostgrestFilterBuilder<...>', gave the following error.
    Argument of type '{ message_id: string; tag_id: string; }[]' is not assignable to parameter of type '{ created_at?: string | null | undefined; event_data?: Json | undefined; event_type: string; id?: string | undefined; ip_address?: unknown; line_friend_id?: string | null | undefined; organization_id: string; referrer?: string | ... 1 more ... | undefined; session_id?: string | ... 1 more ... | undefined; user_agent...'.
  Overload 2 of 2, '(values: ({ created_at?: string | null | undefined; event_data?: Json | undefined; event_type: string; id?: string | undefined; ip_address?: unknown; line_friend_id?: string | null | undefined; organization_id: string; referrer?: string | ... 1 more ... | undefined; session_id?: string | ... 1 more ... | undefined; user_agent?: string | ... 1 more ... | undefined; } | ... 29 more ... | { ...; })[], options?: { ...; } | undefined): PostgrestFilterBuilder<...>', gave the following error.
    Argument of type '{ message_id: string; tag_id: string; }[]' is not assignable to parameter of type '({ created_at?: string | null | undefined; event_data?: Json | undefined; event_type: string; id?: string | undefined; ip_address?: unknown; line_friend_id?: string | null | undefined; organization_id: string; referrer?: string | ... 1 more ... | undefined; session_id?: string | ... 1 more ... | undefined; user_agen...'.
      Type '{ message_id: string; tag_id: string; }' is not assignable to type '{ created_at?: string | null | undefined; event_data?: Json | undefined; event_type: string; id?: string | undefined; ip_address?: unknown; line_friend_id?: string | null | undefined; organization_id: string; referrer?: string | ... 1 more ... | undefined; session_id?: string | ... 1 more ... | undefined; user_agent...'.
        Type '{ message_id: string; tag_id: string; }' is missing the following properties from type '{ click_count?: number | null | undefined; created_at?: string | null | undefined; expires_at?: string | null | undefined; id?: string | undefined; message_id?: string | null | undefined; ... 4 more ...; updated_at?: string | ... 1 more ... | undefined; }': organization_id, original_url, short_code
lib/actions/messages.ts(118,29): error TS2769: No overload matches this call.
  Overload 1 of 2, '(relation: "line_friends" | "organizations" | "users" | "step_campaigns" | "forms" | "tags" | "line_channels" | "messages" | "reservation_types" | "schedules" | "schedule_slots" | ... 19 more ... | "webhook_logs"): PostgrestQueryBuilder<...>', gave the following error.
    Argument of type '"message_friends"' is not assignable to parameter of type '"line_friends" | "organizations" | "users" | "step_campaigns" | "forms" | "tags" | "line_channels" | "messages" | "reservation_types" | "schedules" | "schedule_slots" | "rich_menus" | ... 18 more ... | "webhook_logs"'.
  Overload 2 of 2, '(relation: never): PostgrestQueryBuilder<{ PostgrestVersion: "13.0.5"; }, { Tables: { analytics_events: { Row: { created_at: string | null; event_data: Json; event_type: string; id: string; ip_address: unknown; ... 4 more ...; user_agent: string | null; }; Insert: { ...; }; Update: { ...; }; Relationships: [...]; }; ... 29 more ...; webhook_logs: { ...; }; }; Views: {}; Functions: { ...; }; Enums: {}; CompositeTypes: {}; }, never, never, never>', gave the following error.
    Argument of type '"message_friends"' is not assignable to parameter of type 'never'.
lib/actions/messages.ts(118,55): error TS2769: No overload matches this call.
  Overload 1 of 2, '(values: { created_at?: string | null | undefined; event_data?: Json | undefined; event_type: string; id?: string | undefined; ip_address?: unknown; line_friend_id?: string | null | undefined; organization_id: string; referrer?: string | ... 1 more ... | undefined; session_id?: string | ... 1 more ... | undefined; user_agent?: string | ... 1 more ... | undefined; } | ... 29 more ... | { ...; }, options?: { ...; } | undefined): PostgrestFilterBuilder<...>', gave the following error.
    Argument of type '{ message_id: string; friend_id: string; }[]' is not assignable to parameter of type '{ created_at?: string | null | undefined; event_data?: Json | undefined; event_type: string; id?: string | undefined; ip_address?: unknown; line_friend_id?: string | null | undefined; organization_id: string; referrer?: string | ... 1 more ... | undefined; session_id?: string | ... 1 more ... | undefined; user_agent...'.
  Overload 2 of 2, '(values: ({ created_at?: string | null | undefined; event_data?: Json | undefined; event_type: string; id?: string | undefined; ip_address?: unknown; line_friend_id?: string | null | undefined; organization_id: string; referrer?: string | ... 1 more ... | undefined; session_id?: string | ... 1 more ... | undefined; user_agent?: string | ... 1 more ... | undefined; } | ... 29 more ... | { ...; })[], options?: { ...; } | undefined): PostgrestFilterBuilder<...>', gave the following error.
    Argument of type '{ message_id: string; friend_id: string; }[]' is not assignable to parameter of type '({ created_at?: string | null | undefined; event_data?: Json | undefined; event_type: string; id?: string | undefined; ip_address?: unknown; line_friend_id?: string | null | undefined; organization_id: string; referrer?: string | ... 1 more ... | undefined; session_id?: string | ... 1 more ... | undefined; user_agen...'.
      Type '{ message_id: string; friend_id: string; }' is not assignable to type '{ created_at?: string | null | undefined; event_data?: Json | undefined; event_type: string; id?: string | undefined; ip_address?: unknown; line_friend_id?: string | null | undefined; organization_id: string; referrer?: string | ... 1 more ... | undefined; session_id?: string | ... 1 more ... | undefined; user_agent...'.
        Type '{ message_id: string; friend_id: string; }' is missing the following properties from type '{ click_count?: number | null | undefined; created_at?: string | null | undefined; expires_at?: string | null | undefined; id?: string | undefined; message_id?: string | null | undefined; ... 4 more ...; updated_at?: string | ... 1 more ... | undefined; }': organization_id, original_url, short_code
lib/actions/messages.ts(157,27): error TS2769: No overload matches this call.
  Overload 1 of 2, '(relation: "line_friends" | "organizations" | "users" | "step_campaigns" | "forms" | "tags" | "line_channels" | "messages" | "reservation_types" | "schedules" | "schedule_slots" | ... 19 more ... | "webhook_logs"): PostgrestQueryBuilder<...>', gave the following error.
    Argument of type '"message_segments"' is not assignable to parameter of type '"line_friends" | "organizations" | "users" | "step_campaigns" | "forms" | "tags" | "line_channels" | "messages" | "reservation_types" | "schedules" | "schedule_slots" | "rich_menus" | ... 18 more ... | "webhook_logs"'.
  Overload 2 of 2, '(relation: never): PostgrestQueryBuilder<{ PostgrestVersion: "13.0.5"; }, { Tables: { analytics_events: { Row: { created_at: string | null; event_data: Json; event_type: string; id: string; ip_address: unknown; ... 4 more ...; user_agent: string | null; }; Insert: { ...; }; Update: { ...; }; Relationships: [...]; }; ... 29 more ...; webhook_logs: { ...; }; }; Views: {}; Functions: { ...; }; Enums: {}; CompositeTypes: {}; }, never, never, never>', gave the following error.
    Argument of type '"message_segments"' is not assignable to parameter of type 'never'.
lib/actions/messages.ts(158,27): error TS2769: No overload matches this call.
  Overload 1 of 2, '(relation: "line_friends" | "organizations" | "users" | "step_campaigns" | "forms" | "tags" | "line_channels" | "messages" | "reservation_types" | "schedules" | "schedule_slots" | ... 19 more ... | "webhook_logs"): PostgrestQueryBuilder<...>', gave the following error.
    Argument of type '"message_tags"' is not assignable to parameter of type '"line_friends" | "organizations" | "users" | "step_campaigns" | "forms" | "tags" | "line_channels" | "messages" | "reservation_types" | "schedules" | "schedule_slots" | "rich_menus" | ... 18 more ... | "webhook_logs"'.
  Overload 2 of 2, '(relation: never): PostgrestQueryBuilder<{ PostgrestVersion: "13.0.5"; }, { Tables: { analytics_events: { Row: { created_at: string | null; event_data: Json; event_type: string; id: string; ip_address: unknown; ... 4 more ...; user_agent: string | null; }; Insert: { ...; }; Update: { ...; }; Relationships: [...]; }; ... 29 more ...; webhook_logs: { ...; }; }; Views: {}; Functions: { ...; }; Enums: {}; CompositeTypes: {}; }, never, never, never>', gave the following error.
    Argument of type '"message_tags"' is not assignable to parameter of type 'never'.
lib/actions/messages.ts(159,27): error TS2769: No overload matches this call.
  Overload 1 of 2, '(relation: "line_friends" | "organizations" | "users" | "step_campaigns" | "forms" | "tags" | "line_channels" | "messages" | "reservation_types" | "schedules" | "schedule_slots" | ... 19 more ... | "webhook_logs"): PostgrestQueryBuilder<...>', gave the following error.
    Argument of type '"message_friends"' is not assignable to parameter of type '"line_friends" | "organizations" | "users" | "step_campaigns" | "forms" | "tags" | "line_channels" | "messages" | "reservation_types" | "schedules" | "schedule_slots" | "rich_menus" | ... 18 more ... | "webhook_logs"'.
  Overload 2 of 2, '(relation: never): PostgrestQueryBuilder<{ PostgrestVersion: "13.0.5"; }, { Tables: { analytics_events: { Row: { created_at: string | null; event_data: Json; event_type: string; id: string; ip_address: unknown; ... 4 more ...; user_agent: string | null; }; Insert: { ...; }; Update: { ...; }; Relationships: [...]; }; ... 29 more ...; webhook_logs: { ...; }; }; Views: {}; Functions: { ...; }; Enums: {}; CompositeTypes: {}; }, never, never, never>', gave the following error.
    Argument of type '"message_friends"' is not assignable to parameter of type 'never'.
lib/actions/messages.ts(168,31): error TS2769: No overload matches this call.
  Overload 1 of 2, '(relation: "line_friends" | "organizations" | "users" | "step_campaigns" | "forms" | "tags" | "line_channels" | "messages" | "reservation_types" | "schedules" | "schedule_slots" | ... 19 more ... | "webhook_logs"): PostgrestQueryBuilder<...>', gave the following error.
    Argument of type '"message_segments"' is not assignable to parameter of type '"line_friends" | "organizations" | "users" | "step_campaigns" | "forms" | "tags" | "line_channels" | "messages" | "reservation_types" | "schedules" | "schedule_slots" | "rich_menus" | ... 18 more ... | "webhook_logs"'.
  Overload 2 of 2, '(relation: never): PostgrestQueryBuilder<{ PostgrestVersion: "13.0.5"; }, { Tables: { analytics_events: { Row: { created_at: string | null; event_data: Json; event_type: string; id: string; ip_address: unknown; ... 4 more ...; user_agent: string | null; }; Insert: { ...; }; Update: { ...; }; Relationships: [...]; }; ... 29 more ...; webhook_logs: { ...; }; }; Views: {}; Functions: { ...; }; Enums: {}; CompositeTypes: {}; }, never, never, never>', gave the following error.
    Argument of type '"message_segments"' is not assignable to parameter of type 'never'.
lib/actions/messages.ts(168,58): error TS2769: No overload matches this call.
  Overload 1 of 2, '(values: { created_at?: string | null | undefined; event_data?: Json | undefined; event_type: string; id?: string | undefined; ip_address?: unknown; line_friend_id?: string | null | undefined; organization_id: string; referrer?: string | ... 1 more ... | undefined; session_id?: string | ... 1 more ... | undefined; user_agent?: string | ... 1 more ... | undefined; } | ... 29 more ... | { ...; }, options?: { ...; } | undefined): PostgrestFilterBuilder<...>', gave the following error.
    Argument of type '{ message_id: string; segment_id: string; }[]' is not assignable to parameter of type '{ created_at?: string | null | undefined; event_data?: Json | undefined; event_type: string; id?: string | undefined; ip_address?: unknown; line_friend_id?: string | null | undefined; organization_id: string; referrer?: string | ... 1 more ... | undefined; session_id?: string | ... 1 more ... | undefined; user_agent...'.
  Overload 2 of 2, '(values: ({ created_at?: string | null | undefined; event_data?: Json | undefined; event_type: string; id?: string | undefined; ip_address?: unknown; line_friend_id?: string | null | undefined; organization_id: string; referrer?: string | ... 1 more ... | undefined; session_id?: string | ... 1 more ... | undefined; user_agent?: string | ... 1 more ... | undefined; } | ... 29 more ... | { ...; })[], options?: { ...; } | undefined): PostgrestFilterBuilder<...>', gave the following error.
    Argument of type '{ message_id: string; segment_id: string; }[]' is not assignable to parameter of type '({ created_at?: string | null | undefined; event_data?: Json | undefined; event_type: string; id?: string | undefined; ip_address?: unknown; line_friend_id?: string | null | undefined; organization_id: string; referrer?: string | ... 1 more ... | undefined; session_id?: string | ... 1 more ... | undefined; user_agen...'.
      Type '{ message_id: string; segment_id: string; }' is not assignable to type '{ created_at?: string | null | undefined; event_data?: Json | undefined; event_type: string; id?: string | undefined; ip_address?: unknown; line_friend_id?: string | null | undefined; organization_id: string; referrer?: string | ... 1 more ... | undefined; session_id?: string | ... 1 more ... | undefined; user_agent...'.
        Type '{ message_id: string; segment_id: string; }' is missing the following properties from type '{ click_count?: number | null | undefined; created_at?: string | null | undefined; expires_at?: string | null | undefined; id?: string | undefined; message_id?: string | null | undefined; ... 4 more ...; updated_at?: string | ... 1 more ... | undefined; }': organization_id, original_url, short_code
lib/actions/messages.ts(174,31): error TS2769: No overload matches this call.
  Overload 1 of 2, '(relation: "line_friends" | "organizations" | "users" | "step_campaigns" | "forms" | "tags" | "line_channels" | "messages" | "reservation_types" | "schedules" | "schedule_slots" | ... 19 more ... | "webhook_logs"): PostgrestQueryBuilder<...>', gave the following error.
    Argument of type '"message_tags"' is not assignable to parameter of type '"line_friends" | "organizations" | "users" | "step_campaigns" | "forms" | "tags" | "line_channels" | "messages" | "reservation_types" | "schedules" | "schedule_slots" | "rich_menus" | ... 18 more ... | "webhook_logs"'.
  Overload 2 of 2, '(relation: never): PostgrestQueryBuilder<{ PostgrestVersion: "13.0.5"; }, { Tables: { analytics_events: { Row: { created_at: string | null; event_data: Json; event_type: string; id: string; ip_address: unknown; ... 4 more ...; user_agent: string | null; }; Insert: { ...; }; Update: { ...; }; Relationships: [...]; }; ... 29 more ...; webhook_logs: { ...; }; }; Views: {}; Functions: { ...; }; Enums: {}; CompositeTypes: {}; }, never, never, never>', gave the following error.
    Argument of type '"message_tags"' is not assignable to parameter of type 'never'.
lib/actions/messages.ts(174,54): error TS2769: No overload matches this call.
  Overload 1 of 2, '(values: { created_at?: string | null | undefined; event_data?: Json | undefined; event_type: string; id?: string | undefined; ip_address?: unknown; line_friend_id?: string | null | undefined; organization_id: string; referrer?: string | ... 1 more ... | undefined; session_id?: string | ... 1 more ... | undefined; user_agent?: string | ... 1 more ... | undefined; } | ... 29 more ... | { ...; }, options?: { ...; } | undefined): PostgrestFilterBuilder<...>', gave the following error.
    Argument of type '{ message_id: string; tag_id: string; }[]' is not assignable to parameter of type '{ created_at?: string | null | undefined; event_data?: Json | undefined; event_type: string; id?: string | undefined; ip_address?: unknown; line_friend_id?: string | null | undefined; organization_id: string; referrer?: string | ... 1 more ... | undefined; session_id?: string | ... 1 more ... | undefined; user_agent...'.
  Overload 2 of 2, '(values: ({ created_at?: string | null | undefined; event_data?: Json | undefined; event_type: string; id?: string | undefined; ip_address?: unknown; line_friend_id?: string | null | undefined; organization_id: string; referrer?: string | ... 1 more ... | undefined; session_id?: string | ... 1 more ... | undefined; user_agent?: string | ... 1 more ... | undefined; } | ... 29 more ... | { ...; })[], options?: { ...; } | undefined): PostgrestFilterBuilder<...>', gave the following error.
    Argument of type '{ message_id: string; tag_id: string; }[]' is not assignable to parameter of type '({ created_at?: string | null | undefined; event_data?: Json | undefined; event_type: string; id?: string | undefined; ip_address?: unknown; line_friend_id?: string | null | undefined; organization_id: string; referrer?: string | ... 1 more ... | undefined; session_id?: string | ... 1 more ... | undefined; user_agen...'.
      Type '{ message_id: string; tag_id: string; }' is not assignable to type '{ created_at?: string | null | undefined; event_data?: Json | undefined; event_type: string; id?: string | undefined; ip_address?: unknown; line_friend_id?: string | null | undefined; organization_id: string; referrer?: string | ... 1 more ... | undefined; session_id?: string | ... 1 more ... | undefined; user_agent...'.
        Type '{ message_id: string; tag_id: string; }' is missing the following properties from type '{ click_count?: number | null | undefined; created_at?: string | null | undefined; expires_at?: string | null | undefined; id?: string | undefined; message_id?: string | null | undefined; ... 4 more ...; updated_at?: string | ... 1 more ... | undefined; }': organization_id, original_url, short_code
lib/actions/messages.ts(180,31): error TS2769: No overload matches this call.
  Overload 1 of 2, '(relation: "line_friends" | "organizations" | "users" | "step_campaigns" | "forms" | "tags" | "line_channels" | "messages" | "reservation_types" | "schedules" | "schedule_slots" | ... 19 more ... | "webhook_logs"): PostgrestQueryBuilder<...>', gave the following error.
    Argument of type '"message_friends"' is not assignable to parameter of type '"line_friends" | "organizations" | "users" | "step_campaigns" | "forms" | "tags" | "line_channels" | "messages" | "reservation_types" | "schedules" | "schedule_slots" | "rich_menus" | ... 18 more ... | "webhook_logs"'.
  Overload 2 of 2, '(relation: never): PostgrestQueryBuilder<{ PostgrestVersion: "13.0.5"; }, { Tables: { analytics_events: { Row: { created_at: string | null; event_data: Json; event_type: string; id: string; ip_address: unknown; ... 4 more ...; user_agent: string | null; }; Insert: { ...; }; Update: { ...; }; Relationships: [...]; }; ... 29 more ...; webhook_logs: { ...; }; }; Views: {}; Functions: { ...; }; Enums: {}; CompositeTypes: {}; }, never, never, never>', gave the following error.
    Argument of type '"message_friends"' is not assignable to parameter of type 'never'.
lib/actions/messages.ts(180,57): error TS2769: No overload matches this call.
  Overload 1 of 2, '(values: { created_at?: string | null | undefined; event_data?: Json | undefined; event_type: string; id?: string | undefined; ip_address?: unknown; line_friend_id?: string | null | undefined; organization_id: string; referrer?: string | ... 1 more ... | undefined; session_id?: string | ... 1 more ... | undefined; user_agent?: string | ... 1 more ... | undefined; } | ... 29 more ... | { ...; }, options?: { ...; } | undefined): PostgrestFilterBuilder<...>', gave the following error.
    Argument of type '{ message_id: string; friend_id: string; }[]' is not assignable to parameter of type '{ created_at?: string | null | undefined; event_data?: Json | undefined; event_type: string; id?: string | undefined; ip_address?: unknown; line_friend_id?: string | null | undefined; organization_id: string; referrer?: string | ... 1 more ... | undefined; session_id?: string | ... 1 more ... | undefined; user_agent...'.
  Overload 2 of 2, '(values: ({ created_at?: string | null | undefined; event_data?: Json | undefined; event_type: string; id?: string | undefined; ip_address?: unknown; line_friend_id?: string | null | undefined; organization_id: string; referrer?: string | ... 1 more ... | undefined; session_id?: string | ... 1 more ... | undefined; user_agent?: string | ... 1 more ... | undefined; } | ... 29 more ... | { ...; })[], options?: { ...; } | undefined): PostgrestFilterBuilder<...>', gave the following error.
    Argument of type '{ message_id: string; friend_id: string; }[]' is not assignable to parameter of type '({ created_at?: string | null | undefined; event_data?: Json | undefined; event_type: string; id?: string | undefined; ip_address?: unknown; line_friend_id?: string | null | undefined; organization_id: string; referrer?: string | ... 1 more ... | undefined; session_id?: string | ... 1 more ... | undefined; user_agen...'.
      Type '{ message_id: string; friend_id: string; }' is not assignable to type '{ created_at?: string | null | undefined; event_data?: Json | undefined; event_type: string; id?: string | undefined; ip_address?: unknown; line_friend_id?: string | null | undefined; organization_id: string; referrer?: string | ... 1 more ... | undefined; session_id?: string | ... 1 more ... | undefined; user_agent...'.
        Type '{ message_id: string; friend_id: string; }' is missing the following properties from type '{ click_count?: number | null | undefined; created_at?: string | null | undefined; expires_at?: string | null | undefined; id?: string | undefined; message_id?: string | null | undefined; ... 4 more ...; updated_at?: string | ... 1 more ... | undefined; }': organization_id, original_url, short_code
lib/email/send-invitation.ts(35,37): error TS2307: Cannot find module 'resend' or its corresponding type declarations.
lib/line/rich-menu-api.ts(114,11): error TS2769: No overload matches this call.
  Overload 1 of 2, '(input: string | URL | Request, init?: RequestInit | undefined): Promise<Response>', gave the following error.
    Type 'Buffer<ArrayBufferLike>' is not assignable to type 'BodyInit | null | undefined'.
      Type 'Buffer<ArrayBufferLike>' is missing the following properties from type 'URLSearchParams': size, append, delete, get, and 2 more.
  Overload 2 of 2, '(input: URL | RequestInfo, init?: RequestInit | undefined): Promise<Response>', gave the following error.
    Type 'Buffer<ArrayBufferLike>' is not assignable to type 'BodyInit | null | undefined'.
      Type 'Buffer<ArrayBufferLike>' is missing the following properties from type 'URLSearchParams': size, append, delete, get, and 2 more.
lib/supabase/queries/forms.ts(92,3): error TS2322: Type '{ fields: never[]; settings: FormSettings; published_at: null; created_at: string | null; created_by: string | null; description: string | null; id: string; organization_id: string; status: string; title: string; total_responses: number | null; updated_at: string | null; }[]' is not assignable to type 'Form[]'.
  Type '{ fields: never[]; settings: FormSettings; published_at: null; created_at: string | null; created_by: string | null; description: string | null; id: string; organization_id: string; status: string; title: string; total_responses: number | null; updated_at: string | null; }' is not assignable to type 'Form'.
    Types of property 'status' are incompatible.
      Type 'string' is not assignable to type '"active" | "draft" | "closed"'.
lib/supabase/queries/forms.ts(116,3): error TS2322: Type '{ fields: never[]; settings: FormSettings; published_at: null; created_at: string | null; created_by: string | null; description: string | null; id: string; organization_id: string; status: string; title: string; total_responses: number | null; updated_at: string | null; }' is not assignable to type 'Form'.
  Types of property 'status' are incompatible.
    Type 'string' is not assignable to type '"active" | "draft" | "closed"'.
lib/supabase/queries/forms.ts(141,3): error TS2322: Type '{ fields: FormField[]; settings: FormSettings; published_at: null; created_at: string | null; created_by: string | null; description: string | null; id: string; ... 4 more ...; updated_at: string | null; }' is not assignable to type 'Form'.
  Types of property 'status' are incompatible.
    Type 'string' is not assignable to type '"active" | "draft" | "closed"'.
lib/supabase/queries/forms.ts(170,3): error TS2322: Type '{ fields: FormField[]; settings: FormSettings; published_at: null; created_at: string | null; created_by: string | null; description: string | null; id: string; ... 4 more ...; updated_at: string | null; }' is not assignable to type 'Form'.
  Types of property 'status' are incompatible.
    Type 'string' is not assignable to type '"active" | "draft" | "closed"'.
lib/supabase/queries/forms.ts(302,11): error TS2769: No overload matches this call.
  Overload 1 of 2, '(relation: "line_friends" | "organizations" | "users" | "step_campaigns" | "forms" | "tags" | "line_channels" | "messages" | "reservation_types" | "schedules" | "schedule_slots" | ... 19 more ... | "webhook_logs"): PostgrestQueryBuilder<...>', gave the following error.
    Argument of type '"form_analytics"' is not assignable to parameter of type '"line_friends" | "organizations" | "users" | "step_campaigns" | "forms" | "tags" | "line_channels" | "messages" | "reservation_types" | "schedules" | "schedule_slots" | "rich_menus" | ... 18 more ... | "webhook_logs"'.
  Overload 2 of 2, '(relation: never): PostgrestQueryBuilder<{ PostgrestVersion: "13.0.5"; }, { Tables: { analytics_events: { Row: { created_at: string | null; event_data: Json; event_type: string; id: string; ip_address: unknown; ... 4 more ...; user_agent: string | null; }; Insert: { ...; }; Update: { ...; }; Relationships: [...]; }; ... 29 more ...; webhook_logs: { ...; }; }; Views: {}; Functions: { ...; }; Enums: {}; CompositeTypes: {}; }, never, never, never>', gave the following error.
    Argument of type '"form_analytics"' is not assignable to parameter of type 'never'.
lib/supabase/queries/forms.ts(310,3): error TS2322: Type '({ created_at: string | null; description: string | null; id: string; is_active: boolean | null; match_type: string | null; name: string; organization_id: string; priority: number | null; ... 5 more ...; updated_at: string | null; } | ... 29 more ... | { ...; })[]' is not assignable to type 'FormAnalytics[]'.
  Type '{ created_at: string | null; description: string | null; id: string; is_active: boolean | null; match_type: string | null; name: string; organization_id: string; priority: number | null; ... 5 more ...; updated_at: string | null; } | ... 29 more ... | { ...; }' is not assignable to type 'FormAnalytics'.
    Type '{ created_at: string | null; description: string | null; id: string; is_active: boolean | null; match_type: string | null; name: string; organization_id: string; priority: number | null; ... 5 more ...; updated_at: string | null; }' is missing the following properties from type 'FormAnalytics': form_id, date, total_responses, completed_responses, and 4 more.
lib/supabase/queries/forms.ts(333,55): error TS2339: Property 'submitted_at' does not exist on type 'SelectQueryError<"column 'completion_time_seconds' does not exist on 'form_responses'.">'.
lib/supabase/queries/forms.ts(337,21): error TS2339: Property 'completion_time_seconds' does not exist on type 'SelectQueryError<"column 'completion_time_seconds' does not exist on 'form_responses'.">'.
lib/supabase/queries/forms.ts(338,17): error TS2339: Property 'completion_time_seconds' does not exist on type 'SelectQueryError<"column 'completion_time_seconds' does not exist on 'form_responses'.">'.
lib/supabase/queries/forms.ts(373,29): error TS2339: Property 'metadata' does not exist on type 'SelectQueryError<"column 'metadata' does not exist on 'form_responses'.">'.
lib/supabase/queries/forms.ts(400,27): error TS2339: Property 'response_data' does not exist on type 'SelectQueryError<"column 'response_data' does not exist on 'form_responses'.">'.
lib/supabase/queries/messages.ts(422,15): error TS2769: No overload matches this call.
  Overload 1 of 2, '(relation: "line_friends" | "organizations" | "users" | "step_campaigns" | "forms" | "tags" | "line_channels" | "messages" | "reservation_types" | "schedules" | "schedule_slots" | ... 19 more ... | "webhook_logs"): PostgrestQueryBuilder<...>', gave the following error.
    Argument of type '"friends"' is not assignable to parameter of type '"line_friends" | "organizations" | "users" | "step_campaigns" | "forms" | "tags" | "line_channels" | "messages" | "reservation_types" | "schedules" | "schedule_slots" | "rich_menus" | ... 18 more ... | "webhook_logs"'.
  Overload 2 of 2, '(relation: never): PostgrestQueryBuilder<{ PostgrestVersion: "13.0.5"; }, { Tables: { analytics_events: { Row: { created_at: string | null; event_data: Json; event_type: string; id: string; ip_address: unknown; ... 4 more ...; user_agent: string | null; }; Insert: { ...; }; Update: { ...; }; Relationships: [...]; }; ... 29 more ...; webhook_logs: { ...; }; }; Views: {}; Functions: { ...; }; Enums: {}; CompositeTypes: {}; }, never, never, never>', gave the following error.
    Argument of type '"friends"' is not assignable to parameter of type 'never'.
lib/supabase/queries/messages.ts(448,17): error TS2769: No overload matches this call.
  Overload 1 of 2, '(relation: "line_friends" | "organizations" | "users" | "step_campaigns" | "forms" | "tags" | "line_channels" | "messages" | "reservation_types" | "schedules" | "schedule_slots" | ... 19 more ... | "webhook_logs"): PostgrestQueryBuilder<...>', gave the following error.
    Argument of type '"friends"' is not assignable to parameter of type '"line_friends" | "organizations" | "users" | "step_campaigns" | "forms" | "tags" | "line_channels" | "messages" | "reservation_types" | "schedules" | "schedule_slots" | "rich_menus" | ... 18 more ... | "webhook_logs"'.
  Overload 2 of 2, '(relation: never): PostgrestQueryBuilder<{ PostgrestVersion: "13.0.5"; }, { Tables: { analytics_events: { Row: { created_at: string | null; event_data: Json; event_type: string; id: string; ip_address: unknown; ... 4 more ...; user_agent: string | null; }; Insert: { ...; }; Update: { ...; }; Relationships: [...]; }; ... 29 more ...; webhook_logs: { ...; }; }; Views: {}; Functions: { ...; }; Enums: {}; CompositeTypes: {}; }, never, never, never>', gave the following error.
    Argument of type '"friends"' is not assignable to parameter of type 'never'.
lib/supabase/queries/messages.ts(469,58): error TS2339: Property 'friend_id' does not exist on type 'SelectQueryError<"column 'friend_id' does not exist on 'friend_tags'.">'.
lib/supabase/queries/segments.ts(58,59): error TS2339: Property 'conditions' does not exist on type '{ created_at: string | null; description: string | null; estimated_count: number | null; id: string; name: string; organization_id: string; type: string; updated_at: string | null; }'.
lib/supabase/queries/segments.ts(159,15): error TS2769: No overload matches this call.
  Overload 1 of 2, '(relation: "line_friends" | "organizations" | "users" | "step_campaigns" | "forms" | "tags" | "line_channels" | "messages" | "reservation_types" | "schedules" | "schedule_slots" | ... 19 more ... | "webhook_logs"): PostgrestQueryBuilder<...>', gave the following error.
    Argument of type '"friends"' is not assignable to parameter of type '"line_friends" | "organizations" | "users" | "step_campaigns" | "forms" | "tags" | "line_channels" | "messages" | "reservation_types" | "schedules" | "schedule_slots" | "rich_menus" | ... 18 more ... | "webhook_logs"'.
  Overload 2 of 2, '(relation: never): PostgrestQueryBuilder<{ PostgrestVersion: "13.0.5"; }, { Tables: { analytics_events: { Row: { created_at: string | null; event_data: Json; event_type: string; id: string; ip_address: unknown; ... 4 more ...; user_agent: string | null; }; Insert: { ...; }; Update: { ...; }; Relationships: [...]; }; ... 29 more ...; webhook_logs: { ...; }; }; Views: {}; Functions: { ...; }; Enums: {}; CompositeTypes: {}; }, never, never, never>', gave the following error.
    Argument of type '"friends"' is not assignable to parameter of type 'never'.
lib/supabase/queries/segments.ts(222,34): error TS2339: Property 'conditions' does not exist on type '{ created_at: string | null; description: string | null; estimated_count: number | null; id: string; name: string; organization_id: string; type: string; updated_at: string | null; }'.
lib/supabase/queries/segments.ts(225,19): error TS2589: Type instantiation is excessively deep and possibly infinite.
lib/supabase/queries/segments.ts(226,15): error TS2769: No overload matches this call.
  Overload 1 of 2, '(relation: "line_friends" | "organizations" | "users" | "step_campaigns" | "forms" | "tags" | "line_channels" | "messages" | "reservation_types" | "schedules" | "schedule_slots" | ... 19 more ... | "webhook_logs"): PostgrestQueryBuilder<...>', gave the following error.
    Argument of type '"friends"' is not assignable to parameter of type '"line_friends" | "organizations" | "users" | "step_campaigns" | "forms" | "tags" | "line_channels" | "messages" | "reservation_types" | "schedules" | "schedule_slots" | "rich_menus" | ... 18 more ... | "webhook_logs"'.
  Overload 2 of 2, '(relation: never): PostgrestQueryBuilder<{ PostgrestVersion: "13.0.5"; }, { Tables: { analytics_events: { Row: { created_at: string | null; event_data: Json; event_type: string; id: string; ip_address: unknown; ... 4 more ...; user_agent: string | null; }; Insert: { ...; }; Update: { ...; }; Relationships: [...]; }; ... 29 more ...; webhook_logs: { ...; }; }; Views: {}; Functions: { ...; }; Enums: {}; CompositeTypes: {}; }, never, never, never>', gave the following error.
    Argument of type '"friends"' is not assignable to parameter of type 'never'.
lib/supabase/queries/tags.ts(67,68): error TS2339: Property 'user_id' does not exist on type '{ color?: string | null | undefined; created_at?: string | null | undefined; description?: string | null | undefined; id?: string | undefined; name: string; organization_id: string; updated_at?: string | ... 1 more ... | undefined; }'.
lib/supabase/queries/tags.ts(156,19): error TS2769: No overload matches this call.
  Overload 1 of 2, '(values: { created_at?: string | null | undefined; id?: string | undefined; line_friend_id: string; tag_id: string; }, options?: { count?: "exact" | "planned" | "estimated" | undefined; } | undefined): PostgrestFilterBuilder<...>', gave the following error.
    Object literal may only specify known properties, and 'friend_id' does not exist in type '{ created_at?: string | null | undefined; id?: string | undefined; line_friend_id: string; tag_id: string; }'.
  Overload 2 of 2, '(values: { created_at?: string | null | undefined; id?: string | undefined; line_friend_id: string; tag_id: string; }[], options?: { count?: "exact" | "planned" | "estimated" | undefined; defaultToNull?: boolean | undefined; } | undefined): PostgrestFilterBuilder<...>', gave the following error.
    Object literal may only specify known properties, and 'friend_id' does not exist in type '{ created_at?: string | null | undefined; id?: string | undefined; line_friend_id: string; tag_id: string; }[]'.
lib/supabase/queries/templates.ts(5,53): error TS2339: Property 'message_templates' does not exist on type '{ analytics_events: { Row: { created_at: string | null; event_data: Json; event_type: string; id: string; ip_address: unknown; line_friend_id: string | null; organization_id: string; referrer: string | null; session_id: string | null; user_agent: string | null; }; Insert: { ...; }; Update: { ...; }; Relationships: [...'.
lib/supabase/queries/templates.ts(6,43): error TS2344: Type '"message_templates"' does not satisfy the constraint '"line_friends" | "organizations" | "users" | "step_campaigns" | "forms" | "tags" | "line_channels" | "messages" | "reservation_types" | "schedules" | "schedule_slots" | "rich_menus" | ... 19 more ... | { ...; }'.
lib/supabase/queries/templates.ts(7,43): error TS2344: Type '"message_templates"' does not satisfy the constraint '"line_friends" | "organizations" | "users" | "step_campaigns" | "forms" | "tags" | "line_channels" | "messages" | "reservation_types" | "schedules" | "schedule_slots" | "rich_menus" | ... 19 more ... | { ...; }'.
lib/supabase/queries/templates.ts(26,15): error TS2769: No overload matches this call.
  Overload 1 of 2, '(relation: "line_friends" | "organizations" | "users" | "step_campaigns" | "forms" | "tags" | "line_channels" | "messages" | "reservation_types" | "schedules" | "schedule_slots" | ... 19 more ... | "webhook_logs"): PostgrestQueryBuilder<...>', gave the following error.
    Argument of type '"message_templates"' is not assignable to parameter of type '"line_friends" | "organizations" | "users" | "step_campaigns" | "forms" | "tags" | "line_channels" | "messages" | "reservation_types" | "schedules" | "schedule_slots" | "rich_menus" | ... 18 more ... | "webhook_logs"'.
  Overload 2 of 2, '(relation: never): PostgrestQueryBuilder<{ PostgrestVersion: "13.0.5"; }, { Tables: { analytics_events: { Row: { created_at: string | null; event_data: Json; event_type: string; id: string; ip_address: unknown; ... 4 more ...; user_agent: string | null; }; Insert: { ...; }; Update: { ...; }; Relationships: [...]; }; ... 29 more ...; webhook_logs: { ...; }; }; Views: {}; Functions: { ...; }; Enums: {}; CompositeTypes: {}; }, never, never, never>', gave the following error.
    Argument of type '"message_templates"' is not assignable to parameter of type 'never'.
lib/supabase/queries/templates.ts(69,15): error TS2769: No overload matches this call.
  Overload 1 of 2, '(relation: "line_friends" | "organizations" | "users" | "step_campaigns" | "forms" | "tags" | "line_channels" | "messages" | "reservation_types" | "schedules" | "schedule_slots" | ... 19 more ... | "webhook_logs"): PostgrestQueryBuilder<...>', gave the following error.
    Argument of type '"message_templates"' is not assignable to parameter of type '"line_friends" | "organizations" | "users" | "step_campaigns" | "forms" | "tags" | "line_channels" | "messages" | "reservation_types" | "schedules" | "schedule_slots" | "rich_menus" | ... 18 more ... | "webhook_logs"'.
  Overload 2 of 2, '(relation: never): PostgrestQueryBuilder<{ PostgrestVersion: "13.0.5"; }, { Tables: { analytics_events: { Row: { created_at: string | null; event_data: Json; event_type: string; id: string; ip_address: unknown; ... 4 more ...; user_agent: string | null; }; Insert: { ...; }; Update: { ...; }; Relationships: [...]; }; ... 29 more ...; webhook_logs: { ...; }; }; Views: {}; Functions: { ...; }; Enums: {}; CompositeTypes: {}; }, never, never, never>', gave the following error.
    Argument of type '"message_templates"' is not assignable to parameter of type 'never'.
lib/supabase/queries/templates.ts(89,15): error TS2769: No overload matches this call.
  Overload 1 of 2, '(relation: "line_friends" | "organizations" | "users" | "step_campaigns" | "forms" | "tags" | "line_channels" | "messages" | "reservation_types" | "schedules" | "schedule_slots" | ... 19 more ... | "webhook_logs"): PostgrestQueryBuilder<...>', gave the following error.
    Argument of type '"message_templates"' is not assignable to parameter of type '"line_friends" | "organizations" | "users" | "step_campaigns" | "forms" | "tags" | "line_channels" | "messages" | "reservation_types" | "schedules" | "schedule_slots" | "rich_menus" | ... 18 more ... | "webhook_logs"'.
  Overload 2 of 2, '(relation: never): PostgrestQueryBuilder<{ PostgrestVersion: "13.0.5"; }, { Tables: { analytics_events: { Row: { created_at: string | null; event_data: Json; event_type: string; id: string; ip_address: unknown; ... 4 more ...; user_agent: string | null; }; Insert: { ...; }; Update: { ...; }; Relationships: [...]; }; ... 29 more ...; webhook_logs: { ...; }; }; Views: {}; Functions: { ...; }; Enums: {}; CompositeTypes: {}; }, never, never, never>', gave the following error.
    Argument of type '"message_templates"' is not assignable to parameter of type 'never'.
lib/supabase/queries/templates.ts(110,15): error TS2769: No overload matches this call.
  Overload 1 of 2, '(relation: "line_friends" | "organizations" | "users" | "step_campaigns" | "forms" | "tags" | "line_channels" | "messages" | "reservation_types" | "schedules" | "schedule_slots" | ... 19 more ... | "webhook_logs"): PostgrestQueryBuilder<...>', gave the following error.
    Argument of type '"message_templates"' is not assignable to parameter of type '"line_friends" | "organizations" | "users" | "step_campaigns" | "forms" | "tags" | "line_channels" | "messages" | "reservation_types" | "schedules" | "schedule_slots" | "rich_menus" | ... 18 more ... | "webhook_logs"'.
  Overload 2 of 2, '(relation: never): PostgrestQueryBuilder<{ PostgrestVersion: "13.0.5"; }, { Tables: { analytics_events: { Row: { created_at: string | null; event_data: Json; event_type: string; id: string; ip_address: unknown; ... 4 more ...; user_agent: string | null; }; Insert: { ...; }; Update: { ...; }; Relationships: [...]; }; ... 29 more ...; webhook_logs: { ...; }; }; Views: {}; Functions: { ...; }; Enums: {}; CompositeTypes: {}; }, never, never, never>', gave the following error.
    Argument of type '"message_templates"' is not assignable to parameter of type 'never'.
lib/supabase/queries/templates.ts(111,19): error TS2698: Spread types may only be created from object types.
lib/supabase/queries/templates.ts(132,15): error TS2769: No overload matches this call.
  Overload 1 of 2, '(relation: "line_friends" | "organizations" | "users" | "step_campaigns" | "forms" | "tags" | "line_channels" | "messages" | "reservation_types" | "schedules" | "schedule_slots" | ... 19 more ... | "webhook_logs"): PostgrestQueryBuilder<...>', gave the following error.
    Argument of type '"message_templates"' is not assignable to parameter of type '"line_friends" | "organizations" | "users" | "step_campaigns" | "forms" | "tags" | "line_channels" | "messages" | "reservation_types" | "schedules" | "schedule_slots" | "rich_menus" | ... 18 more ... | "webhook_logs"'.
  Overload 2 of 2, '(relation: never): PostgrestQueryBuilder<{ PostgrestVersion: "13.0.5"; }, { Tables: { analytics_events: { Row: { created_at: string | null; event_data: Json; event_type: string; id: string; ip_address: unknown; ... 4 more ...; user_agent: string | null; }; Insert: { ...; }; Update: { ...; }; Relationships: [...]; }; ... 29 more ...; webhook_logs: { ...; }; }; Views: {}; Functions: { ...; }; Enums: {}; CompositeTypes: {}; }, never, never, never>', gave the following error.
    Argument of type '"message_templates"' is not assignable to parameter of type 'never'.
lib/supabase/queries/templates.ts(148,15): error TS2769: No overload matches this call.
  Overload 1 of 2, '(relation: "line_friends" | "organizations" | "users" | "step_campaigns" | "forms" | "tags" | "line_channels" | "messages" | "reservation_types" | "schedules" | "schedule_slots" | ... 19 more ... | "webhook_logs"): PostgrestQueryBuilder<...>', gave the following error.
    Argument of type '"message_templates"' is not assignable to parameter of type '"line_friends" | "organizations" | "users" | "step_campaigns" | "forms" | "tags" | "line_channels" | "messages" | "reservation_types" | "schedules" | "schedule_slots" | "rich_menus" | ... 18 more ... | "webhook_logs"'.
  Overload 2 of 2, '(relation: never): PostgrestQueryBuilder<{ PostgrestVersion: "13.0.5"; }, { Tables: { analytics_events: { Row: { created_at: string | null; event_data: Json; event_type: string; id: string; ip_address: unknown; ... 4 more ...; user_agent: string | null; }; Insert: { ...; }; Update: { ...; }; Relationships: [...]; }; ... 29 more ...; webhook_logs: { ...; }; }; Views: {}; Functions: { ...; }; Enums: {}; CompositeTypes: {}; }, never, never, never>', gave the following error.
    Argument of type '"message_templates"' is not assignable to parameter of type 'never'.
lib/supabase/queries/templates.ts(156,42): error TS2339: Property 'category' does not exist on type 'SelectQueryError<"column 'category' does not exist on 'line_friends'."> | SelectQueryError<"column 'category' does not exist on 'organizations'."> | ... 28 more ... | SelectQueryError<...>'.
  Property 'category' does not exist on type 'SelectQueryError<"column 'category' does not exist on 'line_friends'.">'.
lib/supabase/queries/templates.ts(168,15): error TS2769: No overload matches this call.
  Overload 1 of 2, '(relation: "line_friends" | "organizations" | "users" | "step_campaigns" | "forms" | "tags" | "line_channels" | "messages" | "reservation_types" | "schedules" | "schedule_slots" | ... 19 more ... | "webhook_logs"): PostgrestQueryBuilder<...>', gave the following error.
    Argument of type '"message_templates"' is not assignable to parameter of type '"line_friends" | "organizations" | "users" | "step_campaigns" | "forms" | "tags" | "line_channels" | "messages" | "reservation_types" | "schedules" | "schedule_slots" | "rich_menus" | ... 18 more ... | "webhook_logs"'.
  Overload 2 of 2, '(relation: never): PostgrestQueryBuilder<{ PostgrestVersion: "13.0.5"; }, { Tables: { analytics_events: { Row: { created_at: string | null; event_data: Json; event_type: string; id: string; ip_address: unknown; ... 4 more ...; user_agent: string | null; }; Insert: { ...; }; Update: { ...; }; Relationships: [...]; }; ... 29 more ...; webhook_logs: { ...; }; }; Views: {}; Functions: { ...; }; Enums: {}; CompositeTypes: {}; }, never, never, never>', gave the following error.
    Argument of type '"message_templates"' is not assignable to parameter of type 'never'.
lib/utils/organization.ts(68,11): error TS2769: No overload matches this call.
  Overload 1 of 2, '(relation: "line_friends" | "organizations" | "users" | "step_campaigns" | "forms" | "tags" | "line_channels" | "messages" | "reservation_types" | "schedules" | "schedule_slots" | ... 19 more ... | "webhook_logs"): PostgrestQueryBuilder<...>', gave the following error.
    Argument of type '"user_profiles"' is not assignable to parameter of type '"line_friends" | "organizations" | "users" | "step_campaigns" | "forms" | "tags" | "line_channels" | "messages" | "reservation_types" | "schedules" | "schedule_slots" | "rich_menus" | ... 18 more ... | "webhook_logs"'.
  Overload 2 of 2, '(relation: never): PostgrestQueryBuilder<{ PostgrestVersion: "13.0.5"; }, { Tables: { analytics_events: { Row: { created_at: string | null; event_data: Json; event_type: string; id: string; ip_address: unknown; ... 4 more ...; user_agent: string | null; }; Insert: { ...; }; Update: { ...; }; Relationships: [...]; }; ... 29 more ...; webhook_logs: { ...; }; }; Views: {}; Functions: { ...; }; Enums: {}; CompositeTypes: {}; }, never, never, never>', gave the following error.
    Argument of type '"user_profiles"' is not assignable to parameter of type 'never'.
lib/utils/organization.ts(81,34): error TS2339: Property 'company_id' does not exist on type 'SelectQueryError<"column 'company_id' does not exist on 'line_friends'."> | SelectQueryError<"column 'company_id' does not exist on 'organizations'."> | ... 28 more ... | SelectQueryError<...>'.
  Property 'company_id' does not exist on type 'SelectQueryError<"column 'company_id' does not exist on 'line_friends'.">'.
lib/utils/organization.ts(83,35): error TS2339: Property 'company_id' does not exist on type 'SelectQueryError<"column 'company_id' does not exist on 'line_friends'."> | SelectQueryError<"column 'company_id' does not exist on 'organizations'."> | ... 28 more ... | SelectQueryError<...>'.
  Property 'company_id' does not exist on type 'SelectQueryError<"column 'company_id' does not exist on 'line_friends'.">'.
lib/utils/organization.ts(84,25): error TS2339: Property 'role' does not exist on type 'SelectQueryError<"column 'company_id' does not exist on 'line_friends'."> | SelectQueryError<"column 'company_id' does not exist on 'organizations'."> | ... 28 more ... | SelectQueryError<...>'.
  Property 'role' does not exist on type 'SelectQueryError<"column 'company_id' does not exist on 'line_friends'.">'.
lib/utils/organization.ts(85,33): error TS2339: Property 'company' does not exist on type 'SelectQueryError<"column 'company_id' does not exist on 'line_friends'."> | SelectQueryError<"column 'company_id' does not exist on 'organizations'."> | ... 28 more ... | SelectQueryError<...>'.
  Property 'company' does not exist on type 'SelectQueryError<"column 'company_id' does not exist on 'line_friends'.">'.
